#
# There is insufficient memory for the Java Runtime Environment to continue.
# Native memory allocation (malloc) failed to allocate 1735552 bytes. Error detail: Chunk::new
# Possible reasons:
#   The system is out of physical RAM or swap space
#   This process is running with CompressedOops enabled, and the Java Heap may be blocking the growth of the native heap
# Possible solutions:
#   Reduce memory load on the system
#   Increase physical memory or swap space
#   Check if swap backing store is full
#   Decrease Java heap size (-Xmx/-Xms)
#   Decrease number of Java threads
#   Decrease Java thread stack sizes (-Xss)
#   Set larger code cache with -XX:ReservedCodeCacheSize=
#   JVM is running with Unscaled Compressed Oops mode in which the Java heap is
#     placed in the first 4GB address space. The Java Heap base address is the
#     maximum limit for the native heap growth. Please use -XX:HeapBaseMinAddress
#     to set the Java Heap base and to place the Java Heap above 4GB virtual address.
# This output file may be truncated or incomplete.
#
#  Out of Memory Error (arena.cpp:168), pid=3324, tid=23680
#
# JRE version: OpenJDK Runtime Environment Temurin-21.0.9+10 (21.0.9+10) (build 21.0.9+10-LTS)
# Java VM: OpenJDK 64-Bit Server VM Temurin-21.0.9+10 (21.0.9+10-LTS, mixed mode, sharing, tiered, compressed oops, compressed class ptrs, parallel gc, windows-amd64)
# No core dump will be written. Minidumps are not enabled by default on client versions of Windows
#

---------------  S U M M A R Y ------------

Command Line: --add-modules=ALL-SYSTEM --add-opens=java.base/java.util=ALL-UNNAMED --add-opens=java.base/java.lang=ALL-UNNAMED --add-opens=java.base/sun.nio.fs=ALL-UNNAMED -Declipse.application=org.eclipse.jdt.ls.core.id1 -Dosgi.bundles.defaultStartLevel=4 -Declipse.product=org.eclipse.jdt.ls.core.product -Djava.import.generatesMetadataFilesAtProjectRoot=false -DDetectVMInstallationsJob.disabled=true -Dfile.encoding=utf8 -XX:+UseParallelGC -XX:GCTimeRatio=4 -XX:AdaptiveSizePolicyWeight=90 -Dsun.zip.disableMemoryMapping=true -Xmx2G -Xms100m -Xlog:disable -javaagent:c:\Users\QUan\.vscode\extensions\redhat.java-1.49.0-win32-x64\lombok\lombok-1.18.39-4050.jar c:\Users\QUan\.vscode\extensions\redhat.java-1.49.0-win32-x64\server\plugins\org.eclipse.equinox.launcher_1.7.100.v20251111-0406.jar -configuration c:\Users\QUan\AppData\Roaming\Code\User\globalStorage\redhat.java\1.49.0\config_ss_win -data c:\Users\QUan\AppData\Roaming\Code\User\workspaceStorage\e76ba5668a302c70b8148c730f670c96\redhat.java\ss_ws --pipe=\\.\pipe\lsp-de6f2ac2a7466ed9ee1850b003ea178d-sock

Host: 11th Gen Intel(R) Core(TM) i7-11800H @ 2.30GHz, 16 cores, 15G,  Windows 11 , 64 bit Build 26100 (10.0.26100.7019)
Time: Wed Nov 26 22:18:48 2025 SE Asia Standard Time elapsed time: 24.494528 seconds (0d 0h 0m 24s)

---------------  T H R E A D  ---------------

Current thread (0x000001c57f2096a0):  JavaThread "C2 CompilerThread1" daemon [_thread_in_native, id=23680, stack(0x000000a07c000000,0x000000a07c100000) (1024K)]


Current CompileTask:
C2:24494 7171       4       org.eclipse.core.internal.dtree.DataTreeWriter::writeNode (182 bytes)

Stack: [0x000000a07c000000,0x000000a07c100000]
Native frames: (J=compiled Java code, j=interpreted, Vv=VM code, C=native code)
V  [jvm.dll+0x6d6e29]
V  [jvm.dll+0x8b4b76]
V  [jvm.dll+0x8b712e]
V  [jvm.dll+0x8b7813]
V  [jvm.dll+0x283d86]
V  [jvm.dll+0xc66ed]
V  [jvm.dll+0xc6c31]
V  [jvm.dll+0x3be53b]
V  [jvm.dll+0x1e3d59]
V  [jvm.dll+0x24c0f3]
V  [jvm.dll+0x24b580]
V  [jvm.dll+0x1cb13e]
V  [jvm.dll+0x25b29d]
V  [jvm.dll+0x25982a]
V  [jvm.dll+0x3f7ea6]
V  [jvm.dll+0x85e9ad]
V  [jvm.dll+0x6d565d]
C  [ucrtbase.dll+0x37b0]
C  [KERNEL32.DLL+0x2e8d7]
C  [ntdll.dll+0x8c53c]


---------------  P R O C E S S  ---------------

Threads class SMR info:
_java_thread_list=0x000001c5501c4670, length=44, elements={
0x000001c56de7e5e0, 0x000001c57780c540, 0x000001c56df162b0, 0x000001c56df1a820,
0x000001c56df1b270, 0x000001c56df1d2c0, 0x000001c56df24f10, 0x000001c56df294f0,
0x000001c56df2d630, 0x000001c578f30fe0, 0x000001c57a701640, 0x000001c57f48b410,
0x000001c57f13a760, 0x000001c57f138d20, 0x000001c57f1393b0, 0x000001c57f15fd50,
0x000001c57f15dc80, 0x000001c57f15e310, 0x000001c57f161100, 0x000001c57f160a70,
0x000001c57f162b40, 0x000001c57f1631d0, 0x000001c57f161790, 0x000001c57f161e20,
0x000001c57f1624b0, 0x000001c57f163860, 0x000001c550c609d0, 0x000001c550c60340,
0x000001c550c5f620, 0x000001c550c5dbe0, 0x000001c550c5ef90, 0x000001c550c61060,
0x000001c550c616f0, 0x000001c550c5e270, 0x000001c550c61d80, 0x000001c550c5fcb0,
0x000001c550c63130, 0x000001c550c644e0, 0x000001c550c62aa0, 0x000001c550c637c0,
0x000001c550c65200, 0x000001c57f2096a0, 0x000001c57f13b480, 0x000001c57f209d70
}

Java Threads: ( => current thread )
  0x000001c56de7e5e0 JavaThread "main"                              [_thread_blocked, id=4088, stack(0x000000a07a500000,0x000000a07a600000) (1024K)]
  0x000001c57780c540 JavaThread "Reference Handler"          daemon [_thread_blocked, id=9312, stack(0x000000a07a900000,0x000000a07aa00000) (1024K)]
  0x000001c56df162b0 JavaThread "Finalizer"                  daemon [_thread_blocked, id=13684, stack(0x000000a07aa00000,0x000000a07ab00000) (1024K)]
  0x000001c56df1a820 JavaThread "Signal Dispatcher"          daemon [_thread_blocked, id=11896, stack(0x000000a07ab00000,0x000000a07ac00000) (1024K)]
  0x000001c56df1b270 JavaThread "Attach Listener"            daemon [_thread_blocked, id=21152, stack(0x000000a07ac00000,0x000000a07ad00000) (1024K)]
  0x000001c56df1d2c0 JavaThread "Service Thread"             daemon [_thread_blocked, id=16444, stack(0x000000a07ad00000,0x000000a07ae00000) (1024K)]
  0x000001c56df24f10 JavaThread "Monitor Deflation Thread"   daemon [_thread_blocked, id=22232, stack(0x000000a07ae00000,0x000000a07af00000) (1024K)]
  0x000001c56df294f0 JavaThread "C2 CompilerThread0"         daemon [_thread_in_native, id=3536, stack(0x000000a07af00000,0x000000a07b000000) (1024K)]
  0x000001c56df2d630 JavaThread "C1 CompilerThread0"         daemon [_thread_blocked, id=19836, stack(0x000000a07b000000,0x000000a07b100000) (1024K)]
  0x000001c578f30fe0 JavaThread "Common-Cleaner"             daemon [_thread_blocked, id=14148, stack(0x000000a07b400000,0x000000a07b500000) (1024K)]
  0x000001c57a701640 JavaThread "Notification Thread"        daemon [_thread_blocked, id=13176, stack(0x000000a07b500000,0x000000a07b600000) (1024K)]
  0x000001c57f48b410 JavaThread "Active Thread: Equinox Container: c2e64c15-8460-4b2e-b291-3f72238d362e"        [_thread_blocked, id=3420, stack(0x000000a07c300000,0x000000a07c400000) (1024K)]
  0x000001c57f13a760 JavaThread "Framework Event Dispatcher: Equinox Container: c2e64c15-8460-4b2e-b291-3f72238d362e" daemon [_thread_blocked, id=12516, stack(0x000000a07b300000,0x000000a07b400000) (1024K)]
  0x000001c57f138d20 JavaThread "Start Level: Equinox Container: c2e64c15-8460-4b2e-b291-3f72238d362e" daemon [_thread_blocked, id=10368, stack(0x000000a07b600000,0x000000a07b700000) (1024K)]
  0x000001c57f1393b0 JavaThread "Refresh Thread: Equinox Container: c2e64c15-8460-4b2e-b291-3f72238d362e" daemon [_thread_blocked, id=10868, stack(0x000000a07c600000,0x000000a07c700000) (1024K)]
  0x000001c57f15fd50 JavaThread "JNA Cleaner"                daemon [_thread_blocked, id=20388, stack(0x000000a07da00000,0x000000a07db00000) (1024K)]
  0x000001c57f15dc80 JavaThread "Thread-1"                   daemon [_thread_in_native, id=23984, stack(0x000000a07e100000,0x000000a07e200000) (1024K)]
  0x000001c57f15e310 JavaThread "Thread-2"                   daemon [_thread_in_native, id=10888, stack(0x000000a07e200000,0x000000a07e300000) (1024K)]
  0x000001c57f161100 JavaThread "Thread-3"                   daemon [_thread_in_native, id=21904, stack(0x000000a07e300000,0x000000a07e400000) (1024K)]
  0x000001c57f160a70 JavaThread "Thread-4"                   daemon [_thread_in_native, id=20848, stack(0x000000a07e400000,0x000000a07e500000) (1024K)]
  0x000001c57f162b40 JavaThread "Thread-5"                   daemon [_thread_in_native, id=20372, stack(0x000000a07e500000,0x000000a07e600000) (1024K)]
  0x000001c57f1631d0 JavaThread "Thread-6"                   daemon [_thread_in_native, id=21608, stack(0x000000a07e600000,0x000000a07e700000) (1024K)]
  0x000001c57f161790 JavaThread "Thread-7"                   daemon [_thread_in_native, id=9348, stack(0x000000a07e700000,0x000000a07e800000) (1024K)]
  0x000001c57f161e20 JavaThread "Thread-8"                   daemon [_thread_in_native, id=9368, stack(0x000000a07e800000,0x000000a07e900000) (1024K)]
  0x000001c57f1624b0 JavaThread "Thread-9"                   daemon [_thread_in_native, id=3196, stack(0x000000a07e900000,0x000000a07ea00000) (1024K)]
  0x000001c57f163860 JavaThread "Thread-10"                  daemon [_thread_in_native, id=4204, stack(0x000000a07ea00000,0x000000a07eb00000) (1024K)]
  0x000001c550c609d0 JavaThread "Thread-11"                  daemon [_thread_in_native, id=21480, stack(0x000000a07eb00000,0x000000a07ec00000) (1024K)]
  0x000001c550c60340 JavaThread "Thread-12"                  daemon [_thread_in_native, id=17164, stack(0x000000a07ec00000,0x000000a07ed00000) (1024K)]
  0x000001c550c5f620 JavaThread "Thread-13"                  daemon [_thread_in_native, id=2384, stack(0x000000a07ed00000,0x000000a07ee00000) (1024K)]
  0x000001c550c5dbe0 JavaThread "Thread-14"                  daemon [_thread_in_native, id=3772, stack(0x000000a07ee00000,0x000000a07ef00000) (1024K)]
  0x000001c550c5ef90 JavaThread "Thread-15"                  daemon [_thread_in_native, id=22476, stack(0x000000a07ef00000,0x000000a07f000000) (1024K)]
  0x000001c550c61060 JavaThread "Thread-16"                  daemon [_thread_in_native, id=20808, stack(0x000000a07f000000,0x000000a07f100000) (1024K)]
  0x000001c550c616f0 JavaThread "Thread-17"                  daemon [_thread_in_native, id=8180, stack(0x000000a07f100000,0x000000a07f200000) (1024K)]
  0x000001c550c5e270 JavaThread "pool-2-thread-1"                   [_thread_blocked, id=20856, stack(0x000000a07f200000,0x000000a07f300000) (1024K)]
  0x000001c550c61d80 JavaThread "WorkspaceEventsHandler"            [_thread_blocked, id=9332, stack(0x000000a07f300000,0x000000a07f400000) (1024K)]
  0x000001c550c5fcb0 JavaThread "pool-1-thread-1"                   [_thread_blocked, id=18440, stack(0x000000a07f400000,0x000000a07f500000) (1024K)]
  0x000001c550c63130 JavaThread "ForkJoinPool.commonPool-worker-1" daemon [_thread_blocked, id=8184, stack(0x000000a07f600000,0x000000a07f700000) (1024K)]
  0x000001c550c644e0 JavaThread "ForkJoinPool.commonPool-worker-2" daemon [_thread_blocked, id=11424, stack(0x000000a07f700000,0x000000a07f800000) (1024K)]
  0x000001c550c62aa0 JavaThread "Compiler Source File Reader" daemon [_thread_blocked, id=24244, stack(0x000000a07f900000,0x000000a07fa00000) (1024K)]
  0x000001c550c637c0 JavaThread "Compiler Processing Task"   daemon [_thread_blocked, id=17940, stack(0x000000a07fa00000,0x000000a07fb00000) (1024K)]
  0x000001c550c65200 JavaThread "pool-3-thread-1"                   [_thread_blocked, id=4372, stack(0x000000a07bf00000,0x000000a07c000000) (1024K)]
=>0x000001c57f2096a0 JavaThread "C2 CompilerThread1"         daemon [_thread_in_native, id=23680, stack(0x000000a07c000000,0x000000a07c100000) (1024K)]
  0x000001c57f13b480 JavaThread "Framework stop - Equinox Container: c2e64c15-8460-4b2e-b291-3f72238d362e"        [_thread_in_Java, id=7200, stack(0x000000a07b100000,0x000000a07b200000) (1024K)]
  0x000001c57f209d70 JavaThread "C1 CompilerThread1"         daemon [_thread_blocked, id=4824, stack(0x000000a07bd00000,0x000000a07be00000) (1024K)]
Total: 44

Other Threads:
  0x000001c5777f4b80 VMThread "VM Thread"                           [id=1552, stack(0x000000a07a800000,0x000000a07a900000) (1024K)]
  0x000001c56dee4810 WatcherThread "VM Periodic Task Thread"        [id=12496, stack(0x000000a07a700000,0x000000a07a800000) (1024K)]
  0x000001c56de96f60 WorkerThread "GC Thread#0"                     [id=23936, stack(0x000000a07a600000,0x000000a07a700000) (1024K)]
  0x000001c57ad107c0 WorkerThread "GC Thread#1"                     [id=9168, stack(0x000000a07b700000,0x000000a07b800000) (1024K)]
  0x000001c57addec30 WorkerThread "GC Thread#2"                     [id=20352, stack(0x000000a07b800000,0x000000a07b900000) (1024K)]
  0x000001c57ad10b60 WorkerThread "GC Thread#3"                     [id=12124, stack(0x000000a07b900000,0x000000a07ba00000) (1024K)]
  0x000001c57f11c030 WorkerThread "GC Thread#4"                     [id=21744, stack(0x000000a07ba00000,0x000000a07bb00000) (1024K)]
  0x000001c57ab458e0 WorkerThread "GC Thread#5"                     [id=22772, stack(0x000000a07bb00000,0x000000a07bc00000) (1024K)]
  0x000001c57ab46080 WorkerThread "GC Thread#6"                     [id=5600, stack(0x000000a07bc00000,0x000000a07bd00000) (1024K)]
  0x000001c57904e240 WorkerThread "GC Thread#7"                     [id=20140, stack(0x000000a07b200000,0x000000a07b300000) (1024K)]
  0x000001c57f2cc2a0 WorkerThread "GC Thread#8"                     [id=22428, stack(0x000000a07d300000,0x000000a07d400000) (1024K)]
  0x000001c57f2cace0 WorkerThread "GC Thread#9"                     [id=9840, stack(0x000000a07d400000,0x000000a07d500000) (1024K)]
  0x000001c57f2cb7c0 WorkerThread "GC Thread#10"                    [id=2016, stack(0x000000a07d600000,0x000000a07d700000) (1024K)]
  0x000001c57f2cb080 WorkerThread "GC Thread#11"                    [id=10748, stack(0x000000a07dd00000,0x000000a07de00000) (1024K)]
  0x000001c57f2cb420 WorkerThread "GC Thread#12"                    [id=23684, stack(0x000000a07de00000,0x000000a07df00000) (1024K)]
Total: 15

Threads with active compile tasks:
C2 CompilerThread0  24512 7294       4       org.osgi.framework.Version::toString (5 bytes)
C2 CompilerThread1  24512 7171       4       org.eclipse.core.internal.dtree.DataTreeWriter::writeNode (182 bytes)
Total: 2

VM state: not at safepoint (normal execution)

VM Mutex/Monitor currently owned by a thread: None

Heap address: 0x0000000080000000, size: 2048 MB, Compressed Oops mode: 32-bit

CDS archive(s) mapped at: [0x000001c50f000000-0x000001c50fba0000-0x000001c50fba0000), size 12189696, SharedBaseAddress: 0x000001c50f000000, ArchiveRelocationMode: 1.
Compressed class space mapped at: 0x000001c510000000-0x000001c550000000, reserved size: 1073741824
Narrow klass base: 0x000001c50f000000, Narrow klass shift: 0, Narrow klass range: 0x100000000

GC Precious Log:
 CardTable entry size: 512
 CPUs: 16 total, 16 available
 Memory: 16163M
 Large Page Support: Disabled
 NUMA Support: Disabled
 Compressed Oops: Enabled (32-bit)
 Alignments: Space 512K, Generation 512K, Heap 2M
 Heap Min Capacity: 100M
 Heap Initial Capacity: 100M
 Heap Max Capacity: 2G
 Pre-touch: Disabled
 Parallel Workers: 13

Heap:
 PSYoungGen      total 22528K, used 11654K [0x00000000d5580000, 0x00000000d6f00000, 0x0000000100000000)
  eden space 22016K, 51% used [0x00000000d5580000,0x00000000d6099b40,0x00000000d6b00000)
  from space 512K, 56% used [0x00000000d6b80000,0x00000000d6bc8000,0x00000000d6c00000)
  to   space 1536K, 0% used [0x00000000d6d80000,0x00000000d6d80000,0x00000000d6f00000)
 ParOldGen       total 69120K, used 68992K [0x0000000080000000, 0x0000000084380000, 0x00000000d5580000)
  object space 69120K, 99% used [0x0000000080000000,0x0000000084360110,0x0000000084380000)
 Metaspace       used 45326K, committed 46336K, reserved 1114112K
  class space    used 4537K, committed 4992K, reserved 1048576K

Card table byte_map: [0x000001c572b20000,0x000001c572f30000] _byte_map_base: 0x000001c572720000

Marking Bits: (ParMarkBitMap*) 0x00007ffde0892460
 Begin Bits: [0x000001c5731e0000, 0x000001c5751e0000)
 End Bits:   [0x000001c5751e0000, 0x000001c5771e0000)

Polling page: 0x000001c56dbb0000

Metaspace:

Usage:
  Non-class:     39.83 MB used.
      Class:      4.43 MB used.
       Both:     44.26 MB used.

Virtual space:
  Non-class space:       64.00 MB reserved,      40.38 MB ( 63%) committed,  1 nodes.
      Class space:        1.00 GB reserved,       4.88 MB ( <1%) committed,  1 nodes.
             Both:        1.06 GB reserved,      45.25 MB (  4%) committed. 

Chunk freelists:
   Non-Class:  7.52 MB
       Class:  11.13 MB
        Both:  18.65 MB

MaxMetaspaceSize: unlimited
CompressedClassSpaceSize: 1.00 GB
Initial GC threshold: 21.00 MB
Current GC threshold: 58.38 MB
CDS: on
 - commit_granule_bytes: 65536.
 - commit_granule_words: 8192.
 - virtual_space_node_default_size: 8388608.
 - enlarge_chunks_in_place: 1.
 - use_allocation_guard: 0.


Internal statistics:

num_allocs_failed_limit: 6.
num_arena_births: 928.
num_arena_deaths: 98.
num_vsnodes_births: 2.
num_vsnodes_deaths: 0.
num_space_committed: 724.
num_space_uncommitted: 0.
num_chunks_returned_to_freelist: 138.
num_chunks_taken_from_freelist: 2960.
num_chunk_merges: 37.
num_chunk_splits: 1807.
num_chunks_enlarged: 1085.
num_inconsistent_stats: 0.

CodeHeap 'non-profiled nmethods': size=119168Kb used=4945Kb max_used=4945Kb free=114222Kb
 bounds [0x000001c507ba0000, 0x000001c508080000, 0x000001c50f000000]
CodeHeap 'profiled nmethods': size=119104Kb used=15078Kb max_used=15078Kb free=104025Kb
 bounds [0x000001c500000000, 0x000001c500ec0000, 0x000001c507450000]
CodeHeap 'non-nmethods': size=7488Kb used=1990Kb max_used=3194Kb free=5497Kb
 bounds [0x000001c507450000, 0x000001c507780000, 0x000001c507ba0000]
CodeCache: size=245760Kb, used=22013Kb, max_used=23217Kb, free=223744Kb
 total_blobs=7527, nmethods=6797, adapters=635, full_count=0
Compilation: enabled, stopped_count=0, restarted_count=0

Compilation events (20 events):
Event: 23.460 Thread 0x000001c56df294f0 7269       4       org.eclipse.core.internal.registry.ReferenceMap::get (54 bytes)
Event: 23.461 Thread 0x000001c57f209d70 7270       3       org.eclipse.core.internal.registry.ExtensionPoint::getNamespace (7 bytes)
Event: 23.461 Thread 0x000001c57f208900 nmethod 7268 0x000001c50806cf10 code [0x000001c50806d0c0, 0x000001c50806d3c8]
Event: 23.461 Thread 0x000001c57f209d70 nmethod 7270 0x000001c500e97e90 code [0x000001c500e98040, 0x000001c500e981a0]
Event: 23.462 Thread 0x000001c57f208900 7271       4       org.eclipse.core.internal.registry.RegistryObjectManager::basicGetObject (52 bytes)
Event: 23.462 Thread 0x000001c56df294f0 nmethod 7269 0x000001c50806d610 code [0x000001c50806d7a0, 0x000001c50806d950]
Event: 23.463 Thread 0x000001c57f209d70 7272       3       org.eclipse.core.internal.registry.BaseExtensionHandle::getConfigurationElements (21 bytes)
Event: 23.463 Thread 0x000001c56df2d630 7273       1       org.eclipse.core.internal.registry.Extension::getSimpleIdentifier (5 bytes)
Event: 23.463 Thread 0x000001c56df2d630 nmethod 7273 0x000001c50806db10 code [0x000001c50806dca0, 0x000001c50806dd68]
Event: 23.463 Thread 0x000001c57f209d70 nmethod 7272 0x000001c500e98290 code [0x000001c500e98480, 0x000001c500e98b50]
Event: 23.464 Thread 0x000001c56df294f0 7274       4       java.lang.String::encode (48 bytes)
Event: 23.464 Thread 0x000001c56df2d630 7275       3       org.eclipse.core.internal.registry.BaseExtensionHandle::shouldPersist (8 bytes)
Event: 23.464 Thread 0x000001c56df2d630 nmethod 7275 0x000001c500e98d10 code [0x000001c500e98ee0, 0x000001c500e99460]
Event: 23.464 Thread 0x000001c57f208900 nmethod 7271 0x000001c50806de10 code [0x000001c50806dfc0, 0x000001c50806e1c8]
Event: 23.466 Thread 0x000001c56df294f0 nmethod 7274 0x000001c50806e410 code [0x000001c50806e5e0, 0x000001c50806e970]
Event: 23.467 Thread 0x000001c56df2d630 7276       1       org.eclipse.core.runtime.spi.RegistryContributor::getActualId (5 bytes)
Event: 23.467 Thread 0x000001c57f208900 7277   !   4       java.io.BufferedOutputStream::write (73 bytes)
Event: 23.467 Thread 0x000001c56df2d630 nmethod 7276 0x000001c50806ec10 code [0x000001c50806eda0, 0x000001c50806ee68]
Event: 23.469 Thread 0x000001c57f20b1e0 nmethod 7249 0x000001c50806ef10 code [0x000001c50806f1c0, 0x000001c5080702c0]
Event: 23.472 Thread 0x000001c57f208900 nmethod 7277 0x000001c508071110 code [0x000001c508071340, 0x000001c5080719b8]

GC Heap History (20 events):
Event: 10.045 GC heap before
{Heap before GC invocations=64 (full 2):
 PSYoungGen      total 22528K, used 22506K [0x00000000d5580000, 0x00000000d6e00000, 0x0000000100000000)
  eden space 22016K, 100% used [0x00000000d5580000,0x00000000d6b00000,0x00000000d6b00000)
  from space 512K, 95% used [0x00000000d6d00000,0x00000000d6d7a8d8,0x00000000d6d80000)
  to   space 512K, 0% used [0x00000000d6d80000,0x00000000d6d80000,0x00000000d6e00000)
 ParOldGen       total 68608K, used 55329K [0x0000000080000000, 0x0000000084300000, 0x00000000d5580000)
  object space 68608K, 80% used [0x0000000080000000,0x0000000083608648,0x0000000084300000)
 Metaspace       used 44334K, committed 45376K, reserved 1114112K
  class space    used 4440K, committed 4928K, reserved 1048576K
}
Event: 10.046 GC heap after
{Heap after GC invocations=64 (full 2):
 PSYoungGen      total 22528K, used 480K [0x00000000d5580000, 0x00000000d6e00000, 0x0000000100000000)
  eden space 22016K, 0% used [0x00000000d5580000,0x00000000d5580000,0x00000000d6b00000)
  from space 512K, 93% used [0x00000000d6d80000,0x00000000d6df8000,0x00000000d6e00000)
  to   space 1024K, 0% used [0x00000000d6c00000,0x00000000d6c00000,0x00000000d6d00000)
 ParOldGen       total 68608K, used 55875K [0x0000000080000000, 0x0000000084300000, 0x00000000d5580000)
  object space 68608K, 81% used [0x0000000080000000,0x0000000083690f20,0x0000000084300000)
 Metaspace       used 44334K, committed 45376K, reserved 1114112K
  class space    used 4440K, committed 4928K, reserved 1048576K
}
Event: 10.064 GC heap before
{Heap before GC invocations=65 (full 2):
 PSYoungGen      total 22528K, used 22496K [0x00000000d5580000, 0x00000000d6e00000, 0x0000000100000000)
  eden space 22016K, 100% used [0x00000000d5580000,0x00000000d6b00000,0x00000000d6b00000)
  from space 512K, 93% used [0x00000000d6d80000,0x00000000d6df8000,0x00000000d6e00000)
  to   space 1024K, 0% used [0x00000000d6c00000,0x00000000d6c00000,0x00000000d6d00000)
 ParOldGen       total 68608K, used 55875K [0x0000000080000000, 0x0000000084300000, 0x00000000d5580000)
  object space 68608K, 81% used [0x0000000080000000,0x0000000083690f20,0x0000000084300000)
 Metaspace       used 44351K, committed 45376K, reserved 1114112K
  class space    used 4441K, committed 4928K, reserved 1048576K
}
Event: 10.065 GC heap after
{Heap after GC invocations=65 (full 2):
 PSYoungGen      total 23040K, used 1024K [0x00000000d5580000, 0x00000000d7000000, 0x0000000100000000)
  eden space 22016K, 0% used [0x00000000d5580000,0x00000000d5580000,0x00000000d6b00000)
  from space 1024K, 100% used [0x00000000d6c00000,0x00000000d6d00000,0x00000000d6d00000)
  to   space 2560K, 0% used [0x00000000d6d80000,0x00000000d6d80000,0x00000000d7000000)
 ParOldGen       total 68608K, used 56931K [0x0000000080000000, 0x0000000084300000, 0x00000000d5580000)
  object space 68608K, 82% used [0x0000000080000000,0x0000000083798f20,0x0000000084300000)
 Metaspace       used 44351K, committed 45376K, reserved 1114112K
  class space    used 4441K, committed 4928K, reserved 1048576K
}
Event: 10.088 GC heap before
{Heap before GC invocations=66 (full 2):
 PSYoungGen      total 23040K, used 23040K [0x00000000d5580000, 0x00000000d7000000, 0x0000000100000000)
  eden space 22016K, 100% used [0x00000000d5580000,0x00000000d6b00000,0x00000000d6b00000)
  from space 1024K, 100% used [0x00000000d6c00000,0x00000000d6d00000,0x00000000d6d00000)
  to   space 2560K, 0% used [0x00000000d6d80000,0x00000000d6d80000,0x00000000d7000000)
 ParOldGen       total 68608K, used 56931K [0x0000000080000000, 0x0000000084300000, 0x00000000d5580000)
  object space 68608K, 82% used [0x0000000080000000,0x0000000083798f20,0x0000000084300000)
 Metaspace       used 44464K, committed 45568K, reserved 1114112K
  class space    used 4444K, committed 4928K, reserved 1048576K
}
Event: 10.090 GC heap after
{Heap after GC invocations=66 (full 2):
 PSYoungGen      total 24576K, used 2128K [0x00000000d5580000, 0x00000000d7000000, 0x0000000100000000)
  eden space 22016K, 0% used [0x00000000d5580000,0x00000000d5580000,0x00000000d6b00000)
  from space 2560K, 83% used [0x00000000d6d80000,0x00000000d6f94030,0x00000000d7000000)
  to   space 2560K, 0% used [0x00000000d6b00000,0x00000000d6b00000,0x00000000d6d80000)
 ParOldGen       total 68608K, used 57987K [0x0000000080000000, 0x0000000084300000, 0x00000000d5580000)
  object space 68608K, 84% used [0x0000000080000000,0x00000000838a0c90,0x0000000084300000)
 Metaspace       used 44464K, committed 45568K, reserved 1114112K
  class space    used 4444K, committed 4928K, reserved 1048576K
}
Event: 10.111 GC heap before
{Heap before GC invocations=67 (full 2):
 PSYoungGen      total 24576K, used 24144K [0x00000000d5580000, 0x00000000d7000000, 0x0000000100000000)
  eden space 22016K, 100% used [0x00000000d5580000,0x00000000d6b00000,0x00000000d6b00000)
  from space 2560K, 83% used [0x00000000d6d80000,0x00000000d6f94030,0x00000000d7000000)
  to   space 2560K, 0% used [0x00000000d6b00000,0x00000000d6b00000,0x00000000d6d80000)
 ParOldGen       total 68608K, used 57987K [0x0000000080000000, 0x0000000084300000, 0x00000000d5580000)
  object space 68608K, 84% used [0x0000000080000000,0x00000000838a0c90,0x0000000084300000)
 Metaspace       used 44500K, committed 45568K, reserved 1114112K
  class space    used 4446K, committed 4928K, reserved 1048576K
}
Event: 10.113 GC heap after
{Heap after GC invocations=67 (full 2):
 PSYoungGen      total 24064K, used 1696K [0x00000000d5580000, 0x00000000d6f00000, 0x0000000100000000)
  eden space 22016K, 0% used [0x00000000d5580000,0x00000000d5580000,0x00000000d6b00000)
  from space 2048K, 82% used [0x00000000d6b00000,0x00000000d6ca8000,0x00000000d6d00000)
  to   space 2048K, 0% used [0x00000000d6d00000,0x00000000d6d00000,0x00000000d6f00000)
 ParOldGen       total 68608K, used 59521K [0x0000000080000000, 0x0000000084300000, 0x00000000d5580000)
  object space 68608K, 86% used [0x0000000080000000,0x0000000083a206f0,0x0000000084300000)
 Metaspace       used 44500K, committed 45568K, reserved 1114112K
  class space    used 4446K, committed 4928K, reserved 1048576K
}
Event: 10.130 GC heap before
{Heap before GC invocations=68 (full 2):
 PSYoungGen      total 24064K, used 23712K [0x00000000d5580000, 0x00000000d6f00000, 0x0000000100000000)
  eden space 22016K, 100% used [0x00000000d5580000,0x00000000d6b00000,0x00000000d6b00000)
  from space 2048K, 82% used [0x00000000d6b00000,0x00000000d6ca8000,0x00000000d6d00000)
  to   space 2048K, 0% used [0x00000000d6d00000,0x00000000d6d00000,0x00000000d6f00000)
 ParOldGen       total 68608K, used 59521K [0x0000000080000000, 0x0000000084300000, 0x00000000d5580000)
  object space 68608K, 86% used [0x0000000080000000,0x0000000083a206f0,0x0000000084300000)
 Metaspace       used 44527K, committed 45632K, reserved 1114112K
  class space    used 4446K, committed 4928K, reserved 1048576K
}
Event: 10.131 GC heap after
{Heap after GC invocations=68 (full 2):
 PSYoungGen      total 24064K, used 1600K [0x00000000d5580000, 0x00000000d6f00000, 0x0000000100000000)
  eden space 22016K, 0% used [0x00000000d5580000,0x00000000d5580000,0x00000000d6b00000)
  from space 2048K, 78% used [0x00000000d6d00000,0x00000000d6e90000,0x00000000d6f00000)
  to   space 2048K, 0% used [0x00000000d6b00000,0x00000000d6b00000,0x00000000d6d00000)
 ParOldGen       total 68608K, used 61014K [0x0000000080000000, 0x0000000084300000, 0x00000000d5580000)
  object space 68608K, 88% used [0x0000000080000000,0x0000000083b95b80,0x0000000084300000)
 Metaspace       used 44527K, committed 45632K, reserved 1114112K
  class space    used 4446K, committed 4928K, reserved 1048576K
}
Event: 10.145 GC heap before
{Heap before GC invocations=69 (full 2):
 PSYoungGen      total 24064K, used 23616K [0x00000000d5580000, 0x00000000d6f00000, 0x0000000100000000)
  eden space 22016K, 100% used [0x00000000d5580000,0x00000000d6b00000,0x00000000d6b00000)
  from space 2048K, 78% used [0x00000000d6d00000,0x00000000d6e90000,0x00000000d6f00000)
  to   space 2048K, 0% used [0x00000000d6b00000,0x00000000d6b00000,0x00000000d6d00000)
 ParOldGen       total 68608K, used 61014K [0x0000000080000000, 0x0000000084300000, 0x00000000d5580000)
  object space 68608K, 88% used [0x0000000080000000,0x0000000083b95b80,0x0000000084300000)
 Metaspace       used 44549K, committed 45632K, reserved 1114112K
  class space    used 4449K, committed 4928K, reserved 1048576K
}
Event: 10.147 GC heap after
{Heap after GC invocations=69 (full 2):
 PSYoungGen      total 23040K, used 992K [0x00000000d5580000, 0x00000000d6e00000, 0x0000000100000000)
  eden space 22016K, 0% used [0x00000000d5580000,0x00000000d5580000,0x00000000d6b00000)
  from space 1024K, 96% used [0x00000000d6b00000,0x00000000d6bf8000,0x00000000d6c00000)
  to   space 1536K, 0% used [0x00000000d6c80000,0x00000000d6c80000,0x00000000d6e00000)
 ParOldGen       total 68608K, used 62380K [0x0000000080000000, 0x0000000084300000, 0x00000000d5580000)
  object space 68608K, 90% used [0x0000000080000000,0x0000000083ceb300,0x0000000084300000)
 Metaspace       used 44549K, committed 45632K, reserved 1114112K
  class space    used 4449K, committed 4928K, reserved 1048576K
}
Event: 10.158 GC heap before
{Heap before GC invocations=70 (full 2):
 PSYoungGen      total 23040K, used 23008K [0x00000000d5580000, 0x00000000d6e00000, 0x0000000100000000)
  eden space 22016K, 100% used [0x00000000d5580000,0x00000000d6b00000,0x00000000d6b00000)
  from space 1024K, 96% used [0x00000000d6b00000,0x00000000d6bf8000,0x00000000d6c00000)
  to   space 1536K, 0% used [0x00000000d6c80000,0x00000000d6c80000,0x00000000d6e00000)
 ParOldGen       total 68608K, used 62380K [0x0000000080000000, 0x0000000084300000, 0x00000000d5580000)
  object space 68608K, 90% used [0x0000000080000000,0x0000000083ceb300,0x0000000084300000)
 Metaspace       used 44554K, committed 45632K, reserved 1114112K
  class space    used 4450K, committed 4928K, reserved 1048576K
}
Event: 10.159 GC heap after
{Heap after GC invocations=70 (full 2):
 PSYoungGen      total 23552K, used 992K [0x00000000d5580000, 0x00000000d6e00000, 0x0000000100000000)
  eden space 22016K, 0% used [0x00000000d5580000,0x00000000d5580000,0x00000000d6b00000)
  from space 1536K, 64% used [0x00000000d6c80000,0x00000000d6d78000,0x00000000d6e00000)
  to   space 1536K, 0% used [0x00000000d6b00000,0x00000000d6b00000,0x00000000d6c80000)
 ParOldGen       total 68608K, used 63236K [0x0000000080000000, 0x0000000084300000, 0x00000000d5580000)
  object space 68608K, 92% used [0x0000000080000000,0x0000000083dc1300,0x0000000084300000)
 Metaspace       used 44554K, committed 45632K, reserved 1114112K
  class space    used 4450K, committed 4928K, reserved 1048576K
}
Event: 10.192 GC heap before
{Heap before GC invocations=71 (full 2):
 PSYoungGen      total 23552K, used 23008K [0x00000000d5580000, 0x00000000d6e00000, 0x0000000100000000)
  eden space 22016K, 100% used [0x00000000d5580000,0x00000000d6b00000,0x00000000d6b00000)
  from space 1536K, 64% used [0x00000000d6c80000,0x00000000d6d78000,0x00000000d6e00000)
  to   space 1536K, 0% used [0x00000000d6b00000,0x00000000d6b00000,0x00000000d6c80000)
 ParOldGen       total 68608K, used 63236K [0x0000000080000000, 0x0000000084300000, 0x00000000d5580000)
  object space 68608K, 92% used [0x0000000080000000,0x0000000083dc1300,0x0000000084300000)
 Metaspace       used 44556K, committed 45632K, reserved 1114112K
  class space    used 4450K, committed 4928K, reserved 1048576K
}
Event: 10.193 GC heap after
{Heap after GC invocations=71 (full 2):
 PSYoungGen      total 23552K, used 1514K [0x00000000d5580000, 0x00000000d7200000, 0x0000000100000000)
  eden space 22016K, 0% used [0x00000000d5580000,0x00000000d5580000,0x00000000d6b00000)
  from space 1536K, 98% used [0x00000000d6b00000,0x00000000d6c7a8d8,0x00000000d6c80000)
  to   space 3584K, 0% used [0x00000000d6e80000,0x00000000d6e80000,0x00000000d7200000)
 ParOldGen       total 68608K, used 64916K [0x0000000080000000, 0x0000000084300000, 0x00000000d5580000)
  object space 68608K, 94% used [0x0000000080000000,0x0000000083f65070,0x0000000084300000)
 Metaspace       used 44556K, committed 45632K, reserved 1114112K
  class space    used 4450K, committed 4928K, reserved 1048576K
}
Event: 10.674 GC heap before
{Heap before GC invocations=72 (full 2):
 PSYoungGen      total 23552K, used 23530K [0x00000000d5580000, 0x00000000d7200000, 0x0000000100000000)
  eden space 22016K, 100% used [0x00000000d5580000,0x00000000d6b00000,0x00000000d6b00000)
  from space 1536K, 98% used [0x00000000d6b00000,0x00000000d6c7a8d8,0x00000000d6c80000)
  to   space 3584K, 0% used [0x00000000d6e80000,0x00000000d6e80000,0x00000000d7200000)
 ParOldGen       total 68608K, used 64916K [0x0000000080000000, 0x0000000084300000, 0x00000000d5580000)
  object space 68608K, 94% used [0x0000000080000000,0x0000000083f65070,0x0000000084300000)
 Metaspace       used 44560K, committed 45632K, reserved 1114112K
  class space    used 4450K, committed 4928K, reserved 1048576K
}
Event: 10.676 GC heap after
{Heap after GC invocations=72 (full 2):
 PSYoungGen      total 25088K, used 2730K [0x00000000d5580000, 0x00000000d7180000, 0x0000000100000000)
  eden space 22016K, 0% used [0x00000000d5580000,0x00000000d5580000,0x00000000d6b00000)
  from space 3072K, 88% used [0x00000000d6e80000,0x00000000d712a8d8,0x00000000d7180000)
  to   space 3072K, 0% used [0x00000000d6b80000,0x00000000d6b80000,0x00000000d6e80000)
 ParOldGen       total 68608K, used 66378K [0x0000000080000000, 0x0000000084300000, 0x00000000d5580000)
  object space 68608K, 96% used [0x0000000080000000,0x00000000840d2a08,0x0000000084300000)
 Metaspace       used 44560K, committed 45632K, reserved 1114112K
  class space    used 4450K, committed 4928K, reserved 1048576K
}
Event: 21.204 GC heap before
{Heap before GC invocations=73 (full 2):
 PSYoungGen      total 25088K, used 24746K [0x00000000d5580000, 0x00000000d7180000, 0x0000000100000000)
  eden space 22016K, 100% used [0x00000000d5580000,0x00000000d6b00000,0x00000000d6b00000)
  from space 3072K, 88% used [0x00000000d6e80000,0x00000000d712a8d8,0x00000000d7180000)
  to   space 3072K, 0% used [0x00000000d6b80000,0x00000000d6b80000,0x00000000d6e80000)
 ParOldGen       total 68608K, used 66378K [0x0000000080000000, 0x0000000084300000, 0x00000000d5580000)
  object space 68608K, 96% used [0x0000000080000000,0x00000000840d2a08,0x0000000084300000)
 Metaspace       used 44676K, committed 45696K, reserved 1114112K
  class space    used 4461K, committed 4928K, reserved 1048576K
}
Event: 21.206 GC heap after
{Heap after GC invocations=73 (full 2):
 PSYoungGen      total 22528K, used 288K [0x00000000d5580000, 0x00000000d6f00000, 0x0000000100000000)
  eden space 22016K, 0% used [0x00000000d5580000,0x00000000d5580000,0x00000000d6b00000)
  from space 512K, 56% used [0x00000000d6b80000,0x00000000d6bc8000,0x00000000d6c00000)
  to   space 1536K, 0% used [0x00000000d6d80000,0x00000000d6d80000,0x00000000d6f00000)
 ParOldGen       total 69120K, used 68992K [0x0000000080000000, 0x0000000084380000, 0x00000000d5580000)
  object space 69120K, 99% used [0x0000000080000000,0x0000000084360110,0x0000000084380000)
 Metaspace       used 44676K, committed 45696K, reserved 1114112K
  class space    used 4461K, committed 4928K, reserved 1048576K
}

Dll operation events (10 events):
Event: 0.158 Loaded shared library c:\Users\QUan\.vscode\extensions\redhat.java-1.49.0-win32-x64\jre\21.0.9-win32-x86_64\bin\java.dll
Event: 0.262 Loaded shared library c:\Users\QUan\.vscode\extensions\redhat.java-1.49.0-win32-x64\jre\21.0.9-win32-x86_64\bin\zip.dll
Event: 0.321 Loaded shared library C:\Users\QUan\.vscode\extensions\redhat.java-1.49.0-win32-x64\jre\21.0.9-win32-x86_64\bin\instrument.dll
Event: 0.371 Loaded shared library C:\Users\QUan\.vscode\extensions\redhat.java-1.49.0-win32-x64\jre\21.0.9-win32-x86_64\bin\net.dll
Event: 0.426 Loaded shared library C:\Users\QUan\.vscode\extensions\redhat.java-1.49.0-win32-x64\jre\21.0.9-win32-x86_64\bin\nio.dll
Event: 0.429 Loaded shared library C:\Users\QUan\.vscode\extensions\redhat.java-1.49.0-win32-x64\jre\21.0.9-win32-x86_64\bin\zip.dll
Event: 0.447 Loaded shared library C:\Users\QUan\.vscode\extensions\redhat.java-1.49.0-win32-x64\jre\21.0.9-win32-x86_64\bin\jimage.dll
Event: 0.574 Loaded shared library c:\Users\QUan\.vscode\extensions\redhat.java-1.49.0-win32-x64\jre\21.0.9-win32-x86_64\bin\verify.dll
Event: 5.004 Loaded shared library C:\Users\QUan\AppData\Roaming\Code\User\globalStorage\redhat.java\1.49.0\config_ss_win\org.eclipse.equinox.launcher\org.eclipse.equinox.launcher.win32.win32.x86_64_1.2.1400.v20250801-0854\eclipse_11916.dll
Event: 5.984 Loaded shared library C:\Users\QUan\AppData\Local\Temp\jna-2497873\jna2183792998746018075.dll

Deoptimization events (20 events):
Event: 23.396 Thread 0x000001c57f13b480 Uncommon trap: trap_request=0xffffffde fr.pc=0x000001c508052994 relative=0x0000000000000734
Event: 23.396 Thread 0x000001c57f13b480 Uncommon trap: reason=class_check action=maybe_recompile pc=0x000001c508052994 method=java.io.DataOutputStream.write([BII)V @ 7 c2
Event: 23.396 Thread 0x000001c57f13b480 DEOPT PACKING pc=0x000001c508052994 sp=0x000000a07b1fdf70
Event: 23.396 Thread 0x000001c57f13b480 DEOPT UNPACKING pc=0x000001c5074a6da2 sp=0x000000a07b1fdf38 mode 2
Event: 23.476 Thread 0x000001c57f13b480 Uncommon trap: trap_request=0xffffffde fr.pc=0x000001c508049f18 relative=0x00000000000005b8
Event: 23.476 Thread 0x000001c57f13b480 Uncommon trap: reason=class_check action=maybe_recompile pc=0x000001c508049f18 method=java.io.DataOutputStream.writeLong(J)V @ 20 c2
Event: 23.476 Thread 0x000001c57f13b480 DEOPT PACKING pc=0x000001c508049f18 sp=0x000000a07b1fe4a0
Event: 23.476 Thread 0x000001c57f13b480 DEOPT UNPACKING pc=0x000001c5074a6da2 sp=0x000000a07b1fe468 mode 2
Event: 23.476 Thread 0x000001c57f13b480 Uncommon trap: trap_request=0xffffffde fr.pc=0x000001c508049f18 relative=0x00000000000005b8
Event: 23.476 Thread 0x000001c57f13b480 Uncommon trap: reason=class_check action=maybe_recompile pc=0x000001c508049f18 method=java.io.DataOutputStream.writeLong(J)V @ 20 c2
Event: 23.476 Thread 0x000001c57f13b480 DEOPT PACKING pc=0x000001c508049f18 sp=0x000000a07b1fe4a0
Event: 23.476 Thread 0x000001c57f13b480 DEOPT UNPACKING pc=0x000001c5074a6da2 sp=0x000000a07b1fe468 mode 2
Event: 23.476 Thread 0x000001c57f13b480 Uncommon trap: trap_request=0xffffffde fr.pc=0x000001c508049f18 relative=0x00000000000005b8
Event: 23.476 Thread 0x000001c57f13b480 Uncommon trap: reason=class_check action=maybe_recompile pc=0x000001c508049f18 method=java.io.DataOutputStream.writeLong(J)V @ 20 c2
Event: 23.476 Thread 0x000001c57f13b480 DEOPT PACKING pc=0x000001c508049f18 sp=0x000000a07b1fe4a0
Event: 23.476 Thread 0x000001c57f13b480 DEOPT UNPACKING pc=0x000001c5074a6da2 sp=0x000000a07b1fe468 mode 2
Event: 23.476 Thread 0x000001c57f13b480 Uncommon trap: trap_request=0xffffffde fr.pc=0x000001c508049f18 relative=0x00000000000005b8
Event: 23.476 Thread 0x000001c57f13b480 Uncommon trap: reason=class_check action=maybe_recompile pc=0x000001c508049f18 method=java.io.DataOutputStream.writeLong(J)V @ 20 c2
Event: 23.476 Thread 0x000001c57f13b480 DEOPT PACKING pc=0x000001c508049f18 sp=0x000000a07b1fe4a0
Event: 23.476 Thread 0x000001c57f13b480 DEOPT UNPACKING pc=0x000001c5074a6da2 sp=0x000000a07b1fe468 mode 2

Classes loaded (20 events):
Event: 23.400 Loading class javax/security/auth/login/Configuration
Event: 23.400 Loading class javax/security/auth/login/Configuration done
Event: 23.471 Loading class java/util/stream/ReferencePipeline$5
Event: 23.472 Loading class java/util/stream/LongPipeline$StatelessOp
Event: 23.472 Loading class java/util/stream/LongPipeline
Event: 23.472 Loading class java/util/stream/LongStream
Event: 23.472 Loading class java/util/stream/LongStream done
Event: 23.472 Loading class java/util/stream/LongPipeline done
Event: 23.472 Loading class java/util/stream/LongPipeline$StatelessOp done
Event: 23.472 Loading class java/util/stream/ReferencePipeline$5 done
Event: 23.473 Loading class java/util/function/LongBinaryOperator
Event: 23.473 Loading class java/util/function/LongBinaryOperator done
Event: 23.473 Loading class java/util/stream/ReduceOps$10
Event: 23.473 Loading class java/util/stream/ReduceOps$10 done
Event: 23.473 Loading class java/util/stream/ReduceOps$8ReducingSink
Event: 23.473 Loading class java/util/stream/Sink$OfLong
Event: 23.473 Loading class java/util/stream/Sink$OfLong done
Event: 23.473 Loading class java/util/stream/ReduceOps$8ReducingSink done
Event: 23.473 Loading class java/util/stream/ReferencePipeline$5$1
Event: 23.473 Loading class java/util/stream/ReferencePipeline$5$1 done

Classes unloaded (20 events):
Event: 8.088 Thread 0x000001c5777f4b80 Unloading class 0x000001c5103ae000 'java/lang/invoke/LambdaForm$MH+0x000001c5103ae000'
Event: 8.088 Thread 0x000001c5777f4b80 Unloading class 0x000001c5103adc00 'java/lang/invoke/LambdaForm$MH+0x000001c5103adc00'
Event: 8.088 Thread 0x000001c5777f4b80 Unloading class 0x000001c5103aa000 'java/lang/invoke/LambdaForm$MH+0x000001c5103aa000'
Event: 8.088 Thread 0x000001c5777f4b80 Unloading class 0x000001c5103aa400 'java/lang/invoke/LambdaForm$MH+0x000001c5103aa400'
Event: 8.088 Thread 0x000001c5777f4b80 Unloading class 0x000001c5103a9800 'java/lang/invoke/LambdaForm$MH+0x000001c5103a9800'
Event: 8.088 Thread 0x000001c5777f4b80 Unloading class 0x000001c5103a9400 'java/lang/invoke/LambdaForm$MH+0x000001c5103a9400'
Event: 8.088 Thread 0x000001c5777f4b80 Unloading class 0x000001c5103a8c00 'java/lang/invoke/LambdaForm$MH+0x000001c5103a8c00'
Event: 8.088 Thread 0x000001c5777f4b80 Unloading class 0x000001c5103a8800 'java/lang/invoke/LambdaForm$MH+0x000001c5103a8800'
Event: 8.088 Thread 0x000001c5777f4b80 Unloading class 0x000001c5103a8000 'java/lang/invoke/LambdaForm$MH+0x000001c5103a8000'
Event: 8.088 Thread 0x000001c5777f4b80 Unloading class 0x000001c5103a7c00 'java/lang/invoke/LambdaForm$MH+0x000001c5103a7c00'
Event: 8.088 Thread 0x000001c5777f4b80 Unloading class 0x000001c5103a7800 'java/lang/invoke/LambdaForm$MH+0x000001c5103a7800'
Event: 8.088 Thread 0x000001c5777f4b80 Unloading class 0x000001c5103a7000 'java/lang/invoke/LambdaForm$MH+0x000001c5103a7000'
Event: 8.088 Thread 0x000001c5777f4b80 Unloading class 0x000001c5103a6800 'java/lang/invoke/LambdaForm$MH+0x000001c5103a6800'
Event: 8.088 Thread 0x000001c5777f4b80 Unloading class 0x000001c5103a6400 'java/lang/invoke/LambdaForm$MH+0x000001c5103a6400'
Event: 8.088 Thread 0x000001c5777f4b80 Unloading class 0x000001c5103a5c00 'java/lang/invoke/LambdaForm$MH+0x000001c5103a5c00'
Event: 8.088 Thread 0x000001c5777f4b80 Unloading class 0x000001c5103a5800 'java/lang/invoke/LambdaForm$MH+0x000001c5103a5800'
Event: 8.088 Thread 0x000001c5777f4b80 Unloading class 0x000001c5103a5400 'java/lang/invoke/LambdaForm$MH+0x000001c5103a5400'
Event: 8.088 Thread 0x000001c5777f4b80 Unloading class 0x000001c5103a5000 'java/lang/invoke/LambdaForm$MH+0x000001c5103a5000'
Event: 8.088 Thread 0x000001c5777f4b80 Unloading class 0x000001c5103a4400 'java/lang/invoke/LambdaForm$DMH+0x000001c5103a4400'
Event: 8.088 Thread 0x000001c5777f4b80 Unloading class 0x000001c5103a4800 'java/lang/invoke/LambdaForm$DMH+0x000001c5103a4800'

Classes redefined (0 events):
No events

Internal exceptions (20 events):
Event: 10.088 Thread 0x000001c550c5e900 Exception <a 'java/lang/NullPointerException'{0x00000000d6a5e158}> (0x00000000d6a5e158) 
thrown [s\src\hotspot\share\interpreter\linkResolver.cpp, line 1372]
Event: 10.088 Thread 0x000001c550c5e900 Exception <a 'java/lang/NullPointerException'{0x00000000d6a5e6b0}> (0x00000000d6a5e6b0) 
thrown [s\src\hotspot\share\interpreter\linkResolver.cpp, line 1372]
Event: 10.088 Thread 0x000001c550c5e900 Exception <a 'java/lang/NullPointerException'{0x00000000d6a5ebf8}> (0x00000000d6a5ebf8) 
thrown [s\src\hotspot\share\interpreter\linkResolver.cpp, line 1372]
Event: 10.090 Thread 0x000001c550c5e900 Exception <a 'java/lang/NullPointerException'{0x00000000d55eba00}> (0x00000000d55eba00) 
thrown [s\src\hotspot\share\interpreter\linkResolver.cpp, line 1372]
Event: 10.110 Thread 0x000001c550c5e900 Exception <a 'java/lang/NullPointerException'{0x00000000d68c3378}> (0x00000000d68c3378) 
thrown [s\src\hotspot\share\interpreter\linkResolver.cpp, line 1372]
Event: 10.121 Thread 0x000001c550c5e900 Exception <a 'java/lang/NullPointerException'{0x00000000d5d97130}> (0x00000000d5d97130) 
thrown [s\src\hotspot\share\interpreter\linkResolver.cpp, line 1372]
Event: 10.121 Thread 0x000001c550c5e900 Exception <a 'java/lang/NullPointerException'{0x00000000d5d974f8}> (0x00000000d5d974f8) 
thrown [s\src\hotspot\share\interpreter\linkResolver.cpp, line 1372]
Event: 10.121 Thread 0x000001c550c5e900 Exception <a 'java/lang/NullPointerException'{0x00000000d5d979e0}> (0x00000000d5d979e0) 
thrown [s\src\hotspot\share\interpreter\linkResolver.cpp, line 1372]
Event: 10.121 Thread 0x000001c550c5e900 Exception <a 'java/lang/NullPointerException'{0x00000000d5d97eb0}> (0x00000000d5d97eb0) 
thrown [s\src\hotspot\share\interpreter\linkResolver.cpp, line 1372]
Event: 10.121 Thread 0x000001c550c5e900 Exception <a 'java/lang/NullPointerException'{0x00000000d5f3e1d8}> (0x00000000d5f3e1d8) 
thrown [s\src\hotspot\share\interpreter\linkResolver.cpp, line 1372]
Event: 21.188 Thread 0x000001c550c5fcb0 Exception <a 'java/lang/NoSuchMethodError'{0x00000000d69a2f88}: 'void java.lang.invoke.DirectMethodHandle$Holder.invokeInterface(java.lang.Object, java.lang.Object)'> (0x00000000d69a2f88) 
thrown [s\src\hotspot\share\interpreter\linkResolver.cpp, line 773]
Event: 22.318 Thread 0x000001c57f1603e0 Exception <a 'java/lang/NoSuchMethodError'{0x00000000d5be43e8}: 'java.lang.Object java.lang.invoke.DirectMethodHandle$Holder.newInvokeSpecial(java.lang.Object, java.lang.Object, java.lang.Object, java.lang.Object, java.lang.Object, java.lang.Object, java.lang.Object, java.lang.Object, java.lang.Object, java.lang.Object)'> (0x00000000d5be43e8) 
thrown [s\src\hotspot\share\interpreter\linkResolver.cpp, line 773]
Event: 23.344 Thread 0x000001c57f1603e0 Exception <a 'sun/nio/fs/WindowsException'{0x00000000d5c5fc28}> (0x00000000d5c5fc28) 
thrown [s\src\hotspot\share\prims\jni.cpp, line 520]
Event: 23.366 Thread 0x000001c550c5fcb0 Exception <a 'java/io/IOException'{0x00000000d5cb9d58}> (0x00000000d5cb9d58) 
thrown [s\src\hotspot\share\prims\jni.cpp, line 520]
Event: 23.372 Thread 0x000001c550c5fcb0 Exception <a 'java/lang/ClassNotFoundException'{0x00000000d5d647d8}: sun/util/logging/resources/spi/loggingProvider> (0x00000000d5d647d8) 
thrown [s\src\hotspot\share\classfile\systemDictionary.cpp, line 312]
Event: 23.375 Thread 0x000001c57f13b480 Exception <a 'sun/nio/fs/WindowsException'{0x00000000d5d97878}> (0x00000000d5d97878) 
thrown [s\src\hotspot\share\prims\jni.cpp, line 520]
Event: 23.375 Thread 0x000001c57f13b480 Exception <a 'sun/nio/fs/WindowsException'{0x00000000d5d97ec8}> (0x00000000d5d97ec8) 
thrown [s\src\hotspot\share\prims\jni.cpp, line 520]
Event: 23.376 Thread 0x000001c57f13b480 Exception <a 'sun/nio/fs/WindowsException'{0x00000000d5d98a60}> (0x00000000d5d98a60) 
thrown [s\src\hotspot\share\prims\jni.cpp, line 520]
Event: 23.376 Thread 0x000001c57f13b480 Exception <a 'sun/nio/fs/WindowsException'{0x00000000d5d99250}> (0x00000000d5d99250) 
thrown [s\src\hotspot\share\prims\jni.cpp, line 520]
Event: 23.471 Thread 0x000001c57f13b480 Exception <a 'java/lang/NoSuchMethodError'{0x00000000d5f4c5d0}: 'long java.lang.invoke.DirectMethodHandle$Holder.invokeSpecial(java.lang.Object, java.lang.Object)'> (0x00000000d5f4c5d0) 
thrown [s\src\hotspot\share\interpreter\linkResolver.cpp, line 773]

ZGC Phase Switch (0 events):
No events

VM Operations (20 events):
Event: 10.158 Executing VM operation: ParallelGCFailedAllocation (Allocation Failure)
Event: 10.159 Executing VM operation: ParallelGCFailedAllocation (Allocation Failure) done
Event: 10.192 Executing VM operation: ParallelGCFailedAllocation (Allocation Failure)
Event: 10.193 Executing VM operation: ParallelGCFailedAllocation (Allocation Failure) done
Event: 10.674 Executing VM operation: ParallelGCFailedAllocation (Allocation Failure)
Event: 10.676 Executing VM operation: ParallelGCFailedAllocation (Allocation Failure) done
Event: 11.683 Executing VM operation: Cleanup
Event: 11.683 Executing VM operation: Cleanup done
Event: 20.749 Executing VM operation: Cleanup
Event: 20.749 Executing VM operation: Cleanup done
Event: 21.204 Executing VM operation: ParallelGCFailedAllocation (Allocation Failure)
Event: 21.207 Executing VM operation: ParallelGCFailedAllocation (Allocation Failure) done
Event: 22.218 Executing VM operation: Cleanup
Event: 22.311 Executing VM operation: Cleanup done
Event: 23.314 Executing VM operation: Cleanup
Event: 23.314 Executing VM operation: Cleanup done
Event: 23.454 Executing VM operation: HandshakeAllThreads (Deoptimize)
Event: 23.454 Executing VM operation: HandshakeAllThreads (Deoptimize) done
Event: 24.460 Executing VM operation: Cleanup
Event: 24.460 Executing VM operation: Cleanup done

Memory protections (0 events):
No events

Nmethod flushes (20 events):
Event: 8.098 Thread 0x000001c5777f4b80 flushing  nmethod 0x000001c5006d4010
Event: 8.098 Thread 0x000001c5777f4b80 flushing  nmethod 0x000001c5006d4790
Event: 8.098 Thread 0x000001c5777f4b80 flushing  nmethod 0x000001c5006d9b10
Event: 8.098 Thread 0x000001c5777f4b80 flushing  nmethod 0x000001c5006daf90
Event: 8.098 Thread 0x000001c5777f4b80 flushing  nmethod 0x000001c5006dbb10
Event: 8.098 Thread 0x000001c5777f4b80 flushing  nmethod 0x000001c5006de590
Event: 8.098 Thread 0x000001c5777f4b80 flushing  nmethod 0x000001c5006de910
Event: 8.098 Thread 0x000001c5777f4b80 flushing  nmethod 0x000001c5006ded90
Event: 8.098 Thread 0x000001c5777f4b80 flushing  nmethod 0x000001c5006dfb10
Event: 8.098 Thread 0x000001c5777f4b80 flushing  nmethod 0x000001c5006dfe90
Event: 8.098 Thread 0x000001c5777f4b80 flushing  nmethod 0x000001c5006e1190
Event: 8.098 Thread 0x000001c5777f4b80 flushing  nmethod 0x000001c5006e1910
Event: 8.098 Thread 0x000001c5777f4b80 flushing  nmethod 0x000001c5006e3410
Event: 8.098 Thread 0x000001c5777f4b80 flushing  nmethod 0x000001c5006e4490
Event: 8.098 Thread 0x000001c5777f4b80 flushing  nmethod 0x000001c5006e4990
Event: 8.098 Thread 0x000001c5777f4b80 flushing  nmethod 0x000001c5006e5710
Event: 8.098 Thread 0x000001c5777f4b80 flushing  nmethod 0x000001c5006e8710
Event: 8.098 Thread 0x000001c5777f4b80 flushing  nmethod 0x000001c500701290
Event: 8.098 Thread 0x000001c5777f4b80 flushing  nmethod 0x000001c500759610
Event: 8.098 Thread 0x000001c5777f4b80 flushing  nmethod 0x000001c50075d910

Events (20 events):
Event: 19.961 Thread 0x000001c56df294f0 Thread added: 0x000001c57f209d70
Event: 19.961 Thread 0x000001c56df294f0 Thread added: 0x000001c57f20a440
Event: 19.961 Thread 0x000001c56df294f0 Thread added: 0x000001c57f208230
Event: 21.192 Thread 0x000001c550c5fcb0 Thread added: 0x000001c550c65200
Event: 21.203 Thread 0x000001c57f1603e0 Thread added: 0x000001c57f13adf0
Event: 21.211 Thread 0x000001c57f13adf0 Thread added: 0x000001c57f138000
Event: 21.221 Thread 0x000001c57f13adf0 Thread exited: 0x000001c57f13adf0
Event: 21.221 Thread 0x000001c57f138000 Thread exited: 0x000001c57f138000
Event: 21.235 Thread 0x000001c56df294f0 Thread added: 0x000001c57f2096a0
Event: 21.247 Thread 0x000001c56df294f0 Thread added: 0x000001c57f208900
Event: 22.314 Thread 0x000001c57f208230 Thread exited: 0x000001c57f208230
Event: 22.314 Thread 0x000001c57f20a440 Thread exited: 0x000001c57f20a440
Event: 22.314 Thread 0x000001c57f209d70 Thread exited: 0x000001c57f209d70
Event: 22.321 Thread 0x000001c57f1603e0 Thread added: 0x000001c57f139a40
Event: 22.321 Thread 0x000001c57f139a40 Thread added: 0x000001c57f13a0d0
Event: 22.327 Thread 0x000001c56df2d630 Thread added: 0x000001c57f20b1e0
Event: 23.334 Thread 0x000001c57f13a0d0 Thread exited: 0x000001c57f13a0d0
Event: 23.335 Thread 0x000001c57f139a40 Thread exited: 0x000001c57f139a40
Event: 23.368 Thread 0x000001c56de7e5e0 Thread added: 0x000001c57f13b480
Event: 23.396 Thread 0x000001c56df2d630 Thread added: 0x000001c57f209d70


Dynamic libraries:
0x00007ff6576f0000 - 0x00007ff6576fe000 	c:\Users\QUan\.vscode\extensions\redhat.java-1.49.0-win32-x64\jre\21.0.9-win32-x86_64\bin\java.exe
0x00007ffe93ca0000 - 0x00007ffe93f08000 	C:\WINDOWS\SYSTEM32\ntdll.dll
0x00007ffe926b0000 - 0x00007ffe92779000 	C:\WINDOWS\System32\KERNEL32.DLL
0x00007ffe912c0000 - 0x00007ffe916b8000 	C:\WINDOWS\System32\KERNELBASE.dll
0x00007ffe8da10000 - 0x00007ffe8daaf000 	C:\WINDOWS\SYSTEM32\apphelp.dll
0x00007ffe91000000 - 0x00007ffe9114b000 	C:\WINDOWS\System32\ucrtbase.dll
0x00007ffe80720000 - 0x00007ffe8073e000 	c:\Users\QUan\.vscode\extensions\redhat.java-1.49.0-win32-x64\jre\21.0.9-win32-x86_64\bin\VCRUNTIME140.dll
0x00007ffe806f0000 - 0x00007ffe80708000 	c:\Users\QUan\.vscode\extensions\redhat.java-1.49.0-win32-x64\jre\21.0.9-win32-x86_64\bin\jli.dll
0x00007ffe92f30000 - 0x00007ffe930f7000 	C:\WINDOWS\System32\USER32.dll
0x00007ffe774f0000 - 0x00007ffe77784000 	C:\WINDOWS\WinSxS\amd64_microsoft.windows.common-controls_6595b64144ccf1df_6.0.26100.7019_none_3e06ffa0e335b8a8\COMCTL32.dll
0x00007ffe93bb0000 - 0x00007ffe93c59000 	C:\WINDOWS\System32\msvcrt.dll
0x00007ffe90df0000 - 0x00007ffe90e17000 	C:\WINDOWS\System32\win32u.dll
0x00007ffe923a0000 - 0x00007ffe923cb000 	C:\WINDOWS\System32\GDI32.dll
0x00007ffe90e20000 - 0x00007ffe90f4c000 	C:\WINDOWS\System32\gdi32full.dll
0x00007ffe91990000 - 0x00007ffe91a33000 	C:\WINDOWS\System32\msvcp_win.dll
0x00007ffe93100000 - 0x00007ffe93131000 	C:\WINDOWS\System32\IMM32.DLL
0x00007ffe806e0000 - 0x00007ffe806ec000 	c:\Users\QUan\.vscode\extensions\redhat.java-1.49.0-win32-x64\jre\21.0.9-win32-x86_64\bin\vcruntime140_1.dll
0x00007ffe7f060000 - 0x00007ffe7f0ed000 	c:\Users\QUan\.vscode\extensions\redhat.java-1.49.0-win32-x64\jre\21.0.9-win32-x86_64\bin\msvcp140.dll
0x00007ffddfbd0000 - 0x00007ffde0970000 	c:\Users\QUan\.vscode\extensions\redhat.java-1.49.0-win32-x64\jre\21.0.9-win32-x86_64\bin\server\jvm.dll
0x00007ffe91cc0000 - 0x00007ffe91d74000 	C:\WINDOWS\System32\ADVAPI32.dll
0x00007ffe92be0000 - 0x00007ffe92c86000 	C:\WINDOWS\System32\sechost.dll
0x00007ffe92280000 - 0x00007ffe92398000 	C:\WINDOWS\System32\RPCRT4.dll
0x00007ffe91c40000 - 0x00007ffe91cb4000 	C:\WINDOWS\System32\WS2_32.dll
0x00007ffe90c50000 - 0x00007ffe90cae000 	C:\WINDOWS\SYSTEM32\POWRPROF.dll
0x00007ffe7e2f0000 - 0x00007ffe7e2fb000 	C:\WINDOWS\SYSTEM32\VERSION.dll
0x00007ffe77bd0000 - 0x00007ffe77c05000 	C:\WINDOWS\SYSTEM32\WINMM.dll
0x00007ffe90c30000 - 0x00007ffe90c44000 	C:\WINDOWS\SYSTEM32\UMPDC.dll
0x00007ffe8fb90000 - 0x00007ffe8fbab000 	C:\WINDOWS\SYSTEM32\kernel.appcore.dll
0x00007ffe80680000 - 0x00007ffe8068a000 	c:\Users\QUan\.vscode\extensions\redhat.java-1.49.0-win32-x64\jre\21.0.9-win32-x86_64\bin\jimage.dll
0x00007ffe8dda0000 - 0x00007ffe8dfe2000 	C:\WINDOWS\SYSTEM32\DBGHELP.DLL
0x00007ffe92840000 - 0x00007ffe92bcb000 	C:\WINDOWS\System32\combase.dll
0x00007ffe92c90000 - 0x00007ffe92d67000 	C:\WINDOWS\System32\OLEAUT32.dll
0x00007ffe78420000 - 0x00007ffe7845c000 	C:\WINDOWS\SYSTEM32\dbgcore.DLL
0x00007ffe90f50000 - 0x00007ffe90ff5000 	C:\WINDOWS\System32\bcryptPrimitives.dll
0x00007ffe7f050000 - 0x00007ffe7f05f000 	c:\Users\QUan\.vscode\extensions\redhat.java-1.49.0-win32-x64\jre\21.0.9-win32-x86_64\bin\instrument.dll
0x00007ffe6b070000 - 0x00007ffe6b090000 	c:\Users\QUan\.vscode\extensions\redhat.java-1.49.0-win32-x64\jre\21.0.9-win32-x86_64\bin\java.dll
0x00007ffe93140000 - 0x00007ffe9388f000 	C:\WINDOWS\System32\SHELL32.dll
0x00007ffe91150000 - 0x00007ffe912bb000 	C:\WINDOWS\System32\wintypes.dll
0x00007ffe8e9f0000 - 0x00007ffe8f24d000 	C:\WINDOWS\SYSTEM32\windows.storage.dll
0x00007ffe925b0000 - 0x00007ffe926a2000 	C:\WINDOWS\System32\SHCORE.dll
0x00007ffe938a0000 - 0x00007ffe93907000 	C:\WINDOWS\System32\shlwapi.dll
0x00007ffe90d10000 - 0x00007ffe90d39000 	C:\WINDOWS\SYSTEM32\profapi.dll
0x00007ffe75750000 - 0x00007ffe75768000 	c:\Users\QUan\.vscode\extensions\redhat.java-1.49.0-win32-x64\jre\21.0.9-win32-x86_64\bin\zip.dll
0x00007ffe75520000 - 0x00007ffe75530000 	C:\Users\QUan\.vscode\extensions\redhat.java-1.49.0-win32-x64\jre\21.0.9-win32-x86_64\bin\net.dll
0x00007ffe85910000 - 0x00007ffe85a38000 	C:\WINDOWS\SYSTEM32\WINHTTP.dll
0x00007ffe90120000 - 0x00007ffe9018b000 	C:\WINDOWS\system32\mswsock.dll
0x00007ffe65920000 - 0x00007ffe65936000 	C:\Users\QUan\.vscode\extensions\redhat.java-1.49.0-win32-x64\jre\21.0.9-win32-x86_64\bin\nio.dll
0x00007ffe74fa0000 - 0x00007ffe74fb0000 	c:\Users\QUan\.vscode\extensions\redhat.java-1.49.0-win32-x64\jre\21.0.9-win32-x86_64\bin\verify.dll
0x00007ffe65290000 - 0x00007ffe652d4000 	C:\Users\QUan\AppData\Roaming\Code\User\globalStorage\redhat.java\1.49.0\config_ss_win\org.eclipse.equinox.launcher\org.eclipse.equinox.launcher.win32.win32.x86_64_1.2.1400.v20250801-0854\eclipse_11916.dll
0x00007ffe93910000 - 0x00007ffe93aa7000 	C:\WINDOWS\System32\ole32.dll
0x00007ffe903e0000 - 0x00007ffe903fb000 	C:\WINDOWS\SYSTEM32\CRYPTSP.dll
0x00007ffe8faf0000 - 0x00007ffe8fb2a000 	C:\WINDOWS\system32\rsaenh.dll
0x00007ffe901d0000 - 0x00007ffe901fb000 	C:\WINDOWS\SYSTEM32\USERENV.dll
0x00007ffe90ce0000 - 0x00007ffe90d0a000 	C:\WINDOWS\SYSTEM32\bcrypt.dll
0x00007ffe90400000 - 0x00007ffe9040c000 	C:\WINDOWS\SYSTEM32\CRYPTBASE.dll
0x00007ffe8f620000 - 0x00007ffe8f654000 	C:\WINDOWS\SYSTEM32\IPHLPAPI.DLL
0x00007ffe92bd0000 - 0x00007ffe92bda000 	C:\WINDOWS\System32\NSI.dll
0x00007ffe651f0000 - 0x00007ffe65239000 	C:\Users\QUan\AppData\Local\Temp\jna-2497873\jna2183792998746018075.dll
0x00007ffe91ac0000 - 0x00007ffe91ac8000 	C:\WINDOWS\System32\PSAPI.DLL
0x00007ffe85630000 - 0x00007ffe8564e000 	C:\WINDOWS\SYSTEM32\dhcpcsvc6.DLL
0x00007ffe850a0000 - 0x00007ffe850c3000 	C:\WINDOWS\SYSTEM32\dhcpcsvc.DLL
0x00007ffe8fcd0000 - 0x00007ffe8fd06000 	C:\WINDOWS\SYSTEM32\ntmarta.dll

JVMTI agents:
c:\Users\QUan\.vscode\extensions\redhat.java-1.49.0-win32-x64\lombok\lombok-1.18.39-4050.jar path:c:\Users\QUan\.vscode\extensions\redhat.java-1.49.0-win32-x64\jre\21.0.9-win32-x86_64\bin\instrument.dll, loaded, initialized, instrumentlib options:none

dbghelp: loaded successfully - version: 4.0.5 - missing functions: none
symbol engine: initialized successfully - sym options: 0x614 - pdb path: .;c:\Users\QUan\.vscode\extensions\redhat.java-1.49.0-win32-x64\jre\21.0.9-win32-x86_64\bin;C:\WINDOWS\SYSTEM32;C:\WINDOWS\WinSxS\amd64_microsoft.windows.common-controls_6595b64144ccf1df_6.0.26100.7019_none_3e06ffa0e335b8a8;c:\Users\QUan\.vscode\extensions\redhat.java-1.49.0-win32-x64\jre\21.0.9-win32-x86_64\bin\server;C:\Users\QUan\AppData\Roaming\Code\User\globalStorage\redhat.java\1.49.0\config_ss_win\org.eclipse.equinox.launcher\org.eclipse.equinox.launcher.win32.win32.x86_64_1.2.1400.v20250801-0854;C:\Users\QUan\AppData\Local\Temp\jna-2497873

VM Arguments:
jvm_args: --add-modules=ALL-SYSTEM --add-opens=java.base/java.util=ALL-UNNAMED --add-opens=java.base/java.lang=ALL-UNNAMED --add-opens=java.base/sun.nio.fs=ALL-UNNAMED -Declipse.application=org.eclipse.jdt.ls.core.id1 -Dosgi.bundles.defaultStartLevel=4 -Declipse.product=org.eclipse.jdt.ls.core.product -Djava.import.generatesMetadataFilesAtProjectRoot=false -DDetectVMInstallationsJob.disabled=true -Dfile.encoding=utf8 -XX:+UseParallelGC -XX:GCTimeRatio=4 -XX:AdaptiveSizePolicyWeight=90 -Dsun.zip.disableMemoryMapping=true -Xmx2G -Xms100m -Xlog:disable -javaagent:c:\Users\QUan\.vscode\extensions\redhat.java-1.49.0-win32-x64\lombok\lombok-1.18.39-4050.jar 
java_command: c:\Users\QUan\.vscode\extensions\redhat.java-1.49.0-win32-x64\server\plugins\org.eclipse.equinox.launcher_1.7.100.v20251111-0406.jar -configuration c:\Users\QUan\AppData\Roaming\Code\User\globalStorage\redhat.java\1.49.0\config_ss_win -data c:\Users\QUan\AppData\Roaming\Code\User\workspaceStorage\e76ba5668a302c70b8148c730f670c96\redhat.java\ss_ws --pipe=\\.\pipe\lsp-de6f2ac2a7466ed9ee1850b003ea178d-sock
java_class_path (initial): c:\Users\QUan\.vscode\extensions\redhat.java-1.49.0-win32-x64\server\plugins\org.eclipse.equinox.launcher_1.7.100.v20251111-0406.jar
Launcher Type: SUN_STANDARD

[Global flags]
    uintx AdaptiveSizePolicyWeight                 = 90                                        {product} {command line}
     intx CICompilerCount                          = 12                                        {product} {ergonomic}
    uintx GCTimeRatio                              = 4                                         {product} {command line}
   size_t InitialHeapSize                          = 104857600                                 {product} {command line}
   size_t MaxHeapSize                              = 2147483648                                {product} {command line}
   size_t MaxNewSize                               = 715653120                                 {product} {ergonomic}
   size_t MinHeapDeltaBytes                        = 524288                                    {product} {ergonomic}
   size_t MinHeapSize                              = 104857600                                 {product} {command line}
   size_t NewSize                                  = 34603008                                  {product} {ergonomic}
    uintx NonNMethodCodeHeapSize                   = 7602480                                {pd product} {ergonomic}
    uintx NonProfiledCodeHeapSize                  = 122027880                              {pd product} {ergonomic}
   size_t OldSize                                  = 70254592                                  {product} {ergonomic}
    uintx ProfiledCodeHeapSize                     = 122027880                              {pd product} {ergonomic}
    uintx ReservedCodeCacheSize                    = 251658240                              {pd product} {ergonomic}
     bool SegmentedCodeCache                       = true                                      {product} {ergonomic}
   size_t SoftMaxHeapSize                          = 2147483648                             {manageable} {ergonomic}
     bool UseCompressedOops                        = true                           {product lp64_product} {ergonomic}
     bool UseLargePagesIndividualAllocation        = false                                  {pd product} {ergonomic}
     bool UseParallelGC                            = true                                      {product} {command line}

Logging:
Log output configuration:
 #0: stdout all=off uptime,level,tags foldmultilines=false
 #1: stderr all=off uptime,level,tags foldmultilines=false

Release file:
JAVA_VERSION="21.0.9" 
MODULES="java.base java.compiler java.datatransfer java.xml java.prefs java.desktop java.instrument java.logging java.management java.security.sasl java.naming java.rmi java.management.rmi java.net.http java.scripting java.security.jgss java.transaction.xa java.sql java.sql.rowset java.xml.crypto java.se java.smartcardio jdk.accessibility jdk.internal.jvmstat jdk.attach jdk.charsets jdk.internal.opt jdk.zipfs jdk.compiler jdk.crypto.ec jdk.crypto.cryptoki jdk.crypto.mscapi jdk.dynalink jdk.internal.ed jdk.editpad jdk.hotspot.agent jdk.httpserver jdk.internal.le jdk.internal.vm.ci jdk.internal.vm.compiler jdk.internal.vm.compiler.management jdk.jartool jdk.javadoc jdk.jcmd jdk.management jdk.management.agent jdk.jconsole jdk.jdeps jdk.jdwp.agent jdk.jdi jdk.jfr jdk.jshell jdk.jsobject jdk.jstatd jdk.localedata jdk.management.jfr jdk.naming.dns jdk.naming.rmi jdk.net jdk.nio.mapmode jdk.random jdk.sctp jdk.security.auth jdk.security.jgss jdk.unsupported jdk.unsupported.desktop jdk.xml.dom" 

Environment Variables:
JAVA_HOME=C:\Program Files\Java\jdk-23
PATH=C:\Program Files (x86)\Common Files\Intel\Shared Libraries\redist\intel64\compiler;C:\Program Files (x86)\VMware\VMware Workstation\bin\;C:\Program Files\Microsoft MPI\Bin\;C:\Program Files\Common Files\Oracle\Java\javapath;C:\Windows\system32;C:\Windows;C:\Windows\System32\Wbem;C:\Windows\System32\WindowsPowerShell\v1.0\;C:\Windows\System32\OpenSSH\;C:\Program Files (x86)\NVIDIA Corporation\PhysX\Common;C:\WINDOWS\system32;C:\WINDOWS;C:\WINDOWS\System32\Wbem;C:\WINDOWS\System32\WindowsPowerShell\v1.0\;C:\WINDOWS\System32\OpenSSH\;C:\Program Files (x86)\Microsoft SQL Server\160\Tools\Binn\;C:\Program Files\Microsoft SQL Server\160\Tools\Binn\;C:\Program Files\Microsoft SQL Server\Client SDK\ODBC\170\Tools\Binn\;C:\Program Files\Microsoft SQL Server\160\DTS\Binn\;C:\msys64\ucrt64\bin;C:\Program Files\Java\jdk-23\bin;C:\Program Files\Docker\Docker\resources\bin;C:\WINDOWS\system32;C:\WINDOWS;C:\WINDOWS\System32\Wbem;C:\WINDOWS\System32\WindowsPowerShell\v1.0\;C:\WINDOWS\System32\OpenSSH\;C:\apache-maven-3.9.6\bin;C:\Program Files\nodejs\;D:\Git\cmd;C:\Program Files\dotnet\;C:\Program Files\Cloudflare\Cloudflare WARP\;C:\Program Files\MySQL\MySQL Shell 8.0\bin\;C:\Users\QUan\AppData\Local\Programs\Eclipse Adoptium\jdk-17.0.6.10-hotspot\bin;C:\Users\QUan\AppData\Local\Microsoft\WindowsApps;D:\Microsoft VS Code\bin;C:\Program Files\Azure Data Studio\bin;D:\python\PyCharm 2024.2.3\bin;;D:\server NSO\AppServ\Apache24\bin;D:\server NSO\AppServ\php5;D:\server NSO\AppServ\MySQL\bin;C:\Users\QUan\AppData\Roaming\npm;C:\ProgramData\QUan\GitHubDesktop\bin;C:\Users\QUan\AppData\Local\GitHubDesktop\bin;C:\Users\QUan\.dotnet\tools;
USERNAME=QUan
OS=Windows_NT
PROCESSOR_IDENTIFIER=Intel64 Family 6 Model 141 Stepping 1, GenuineIntel
TMP=C:\Users\QUan\AppData\Local\Temp
TEMP=C:\Users\QUan\AppData\Local\Temp




Periodic native trim disabled

---------------  S Y S T E M  ---------------

OS:
 Windows 11 , 64 bit Build 26100 (10.0.26100.7019)
OS uptime: 0 days 4:12 hours
Hyper-V role detected

CPU: total 16 (initial active 16) (8 cores per cpu, 2 threads per core) family 6 model 141 stepping 1 microcode 0x3c, cx8, cmov, fxsr, ht, mmx, 3dnowpref, sse, sse2, sse3, ssse3, sse4.1, sse4.2, popcnt, lzcnt, tsc, tscinvbit, avx, avx2, aes, erms, clmul, bmi1, bmi2, adx, avx512f, avx512dq, avx512cd, avx512bw, avx512vl, sha, fma, vzeroupper, avx512_vpopcntdq, avx512_vpclmulqdq, avx512_vaes, avx512_vnni, clflush, clflushopt, clwb, avx512_vbmi2, avx512_vbmi, hv, rdtscp, rdpid, fsrm, gfni, avx512_bitalg, f16c, cet_ibt, cet_ss, avx512_ifma
Processor Information for the first 16 processors :
  Max Mhz: 2304, Current Mhz: 2304, Mhz Limit: 2304

Memory: 4k page, system-wide physical 16163M (1591M free)
TotalPageFile size 24355M (AvailPageFile size 9M)
current process WorkingSet (physical memory assigned to process): 271M, peak: 328M
current process commit charge ("private bytes"): 357M, peak: 421M

vm_info: OpenJDK 64-Bit Server VM (21.0.9+10-LTS) for windows-amd64 JRE (21.0.9+10-LTS), built on 2025-10-21T00:00:00Z by "admin" with unknown MS VC++:1942

END.
