#
# There is insufficient memory for the Java Runtime Environment to continue.
# Native memory allocation (malloc) failed to allocate 1394816 bytes. Error detail: Chunk::new
# Possible reasons:
#   The system is out of physical RAM or swap space
#   This process is running with CompressedOops enabled, and the Java Heap may be blocking the growth of the native heap
# Possible solutions:
#   Reduce memory load on the system
#   Increase physical memory or swap space
#   Check if swap backing store is full
#   Decrease Java heap size (-Xmx/-Xms)
#   Decrease number of Java threads
#   Decrease Java thread stack sizes (-Xss)
#   Set larger code cache with -XX:ReservedCodeCacheSize=
#   JVM is running with Zero Based Compressed Oops mode in which the Java heap is
#     placed in the first 32GB address space. The Java Heap base address is the
#     maximum limit for the native heap growth. Please use -XX:HeapBaseMinAddress
#     to set the Java Heap base and to place the Java Heap above 32GB virtual address.
# This output file may be truncated or incomplete.
#
#  Out of Memory Error (arena.cpp:149), pid=4604, tid=25516
#
# JRE version: Java(TM) SE Runtime Environment (23.0.1+11) (build 23.0.1+11-39)
# Java VM: Java HotSpot(TM) 64-Bit Server VM (23.0.1+11-39, mixed mode, sharing, tiered, compressed oops, compressed class ptrs, g1 gc, windows-amd64)
# No core dump will be written. Minidumps are not enabled by default on client versions of Windows
#

---------------  S U M M A R Y ------------

Command Line: -javaagent:D:\IntelliJ IDEA Community Edition 2024.3.2\lib\idea_rt.jar=64363:D:\IntelliJ IDEA Community Edition 2024.3.2\bin -Dfile.encoding=UTF-8 -Dsun.stdout.encoding=UTF-8 -Dsun.stderr.encoding=UTF-8 com.coladz2812.trello_api.TrelloApiApplication

Host: 11th Gen Intel(R) Core(TM) i7-11800H @ 2.30GHz, 16 cores, 15G,  Windows 11 , 64 bit Build 26100 (10.0.26100.7019)
Time: Tue Nov 18 14:23:21 2025 SE Asia Standard Time elapsed time: 3.470149 seconds (0d 0h 0m 3s)

---------------  T H R E A D  ---------------

Current thread (0x0000018499dd6b20):  JavaThread "C2 CompilerThread3" daemon [_thread_in_native, id=25516, stack(0x0000006945200000,0x0000006945300000) (1024K)]


Current CompileTask:
C2:3470 7181       4       org.springframework.core.annotation.AnnotationsScanner::process (55 bytes)

Stack: [0x0000006945200000,0x0000006945300000]
Native frames: (J=compiled Java code, j=interpreted, Vv=VM code, C=native code)
V  [jvm.dll+0x6e08b9]  (no source info available)
V  [jvm.dll+0x87dc83]  (no source info available)
V  [jvm.dll+0x88010e]  (no source info available)
V  [jvm.dll+0x8807e3]  (no source info available)
V  [jvm.dll+0x27aee6]  (no source info available)
V  [jvm.dll+0xbc06f]  (no source info available)
V  [jvm.dll+0xbc2cb]  (no source info available)
V  [jvm.dll+0x3b3a9c]  (no source info available)
V  [jvm.dll+0x1dc19c]  (no source info available)
V  [jvm.dll+0x244be5]  (no source info available)
V  [jvm.dll+0x243dff]  (no source info available)
V  [jvm.dll+0x1c33a0]  (no source info available)
V  [jvm.dll+0x253cf1]  (no source info available)
V  [jvm.dll+0x251faa]  (no source info available)
V  [jvm.dll+0x3ee036]  (no source info available)
V  [jvm.dll+0x824f8b]  (no source info available)
V  [jvm.dll+0x6df065]  (no source info available)
C  [ucrtbase.dll+0x37b0]  (no source info available)
C  [KERNEL32.DLL+0x2e8d7]  (no source info available)
C  [ntdll.dll+0x8c53c]  (no source info available)

Lock stack of current Java thread (top to bottom):


---------------  P R O C E S S  ---------------

Threads class SMR info:
_java_thread_list=0x000001849a7e9730, length=36, elements={
0x00000184300e62b0, 0x000001845213d5d0, 0x000001845213eba0, 0x0000018452142e00,
0x0000018452143990, 0x0000018452145cb0, 0x000001845214fbd0, 0x0000018452159b70,
0x00000184525b29b0, 0x00000184526bd4f0, 0x00000184525b0e70, 0x00000184525b00d0,
0x00000184525b1540, 0x000001849841b6c0, 0x0000018498421210, 0x00000184525b3080,
0x000001849adfaa00, 0x000001849adfb090, 0x000001849adf9ce0, 0x000001849adf9650,
0x000001849adfb720, 0x000001849adfbdb0, 0x0000018499dda1a0, 0x0000018499dd6b20,
0x0000018499dda870, 0x0000018499dd78c0, 0x0000018499ddb610, 0x000001849adfc440,
0x000001849adfcad0, 0x000001849adfd160, 0x000001849adfd7f0, 0x000001849adfa370,
0x000001849adfeba0, 0x000001849adfde80, 0x000001849adfe510, 0x000001849ae005e0
}

Java Threads: ( => current thread )
  0x00000184300e62b0 JavaThread "main"                              [_thread_in_vm, id=19972, stack(0x0000006942600000,0x0000006942700000) (1024K)]
  0x000001845213d5d0 JavaThread "Reference Handler"          daemon [_thread_blocked, id=31404, stack(0x0000006942e00000,0x0000006942f00000) (1024K)]
  0x000001845213eba0 JavaThread "Finalizer"                  daemon [_thread_blocked, id=27480, stack(0x0000006942f00000,0x0000006943000000) (1024K)]
  0x0000018452142e00 JavaThread "Signal Dispatcher"          daemon [_thread_blocked, id=16132, stack(0x0000006943000000,0x0000006943100000) (1024K)]
  0x0000018452143990 JavaThread "Attach Listener"            daemon [_thread_blocked, id=9108, stack(0x0000006943100000,0x0000006943200000) (1024K)]
  0x0000018452145cb0 JavaThread "Service Thread"             daemon [_thread_blocked, id=23300, stack(0x0000006943200000,0x0000006943300000) (1024K)]
  0x000001845214fbd0 JavaThread "Monitor Deflation Thread"   daemon [_thread_blocked, id=21868, stack(0x0000006943300000,0x0000006943400000) (1024K)]
  0x0000018452159b70 JavaThread "C2 CompilerThread0"         daemon [_thread_in_native, id=16524, stack(0x0000006943400000,0x0000006943500000) (1024K)]
  0x00000184525b29b0 JavaThread "C1 CompilerThread0"         daemon [_thread_blocked, id=19452, stack(0x0000006943500000,0x0000006943600000) (1024K)]
  0x00000184526bd4f0 JavaThread "Common-Cleaner"             daemon [_thread_blocked, id=21224, stack(0x0000006943600000,0x0000006943700000) (1024K)]
  0x00000184525b0e70 JavaThread "C1 CompilerThread1"         daemon [_thread_blocked, id=27184, stack(0x0000006943700000,0x0000006943800000) (1024K)]
  0x00000184525b00d0 JavaThread "C1 CompilerThread2"         daemon [_thread_blocked, id=29556, stack(0x0000006943800000,0x0000006943900000) (1024K)]
  0x00000184525b1540 JavaThread "C2 CompilerThread1"         daemon [_thread_in_native, id=23564, stack(0x0000006943900000,0x0000006943a00000) (1024K)]
  0x000001849841b6c0 JavaThread "Monitor Ctrl-Break"         daemon [_thread_in_native, id=17688, stack(0x0000006943a00000,0x0000006943b00000) (1024K)]
  0x0000018498421210 JavaThread "Notification Thread"        daemon [_thread_blocked, id=28784, stack(0x0000006943b00000,0x0000006943c00000) (1024K)]
  0x00000184525b3080 JavaThread "C1 CompilerThread3"         daemon [_thread_blocked, id=24752, stack(0x0000006943c00000,0x0000006943d00000) (1024K)]
  0x000001849adfaa00 JavaThread "Jndi-Dns-address-change-listener" daemon [_thread_in_native, id=28052, stack(0x0000006944900000,0x0000006944a00000) (1024K)]
  0x000001849adfb090 JavaThread "BufferPoolPruner-1-thread-1" daemon [_thread_blocked, id=15700, stack(0x0000006945000000,0x0000006945100000) (1024K)]
  0x000001849adf9ce0 JavaThread "cluster-ClusterId{value='691c1ee8e84e2e7d35e474d6', description='CoLa'}-srv-cola.parrxmg.mongodb.net" daemon [_thread_blocked, id=7348, stack(0x0000006945100000,0x0000006945200000) (1024K)]
  0x000001849adf9650 JavaThread "cluster-ClusterId{value='691c1ee8e84e2e7d35e474d6', description='CoLa'}-ac-7pyoxlf-shard-00-01.parrxmg.mongodb.net:27017" daemon [_thread_in_native, id=28616, stack(0x0000006943d00000,0x0000006943e00000) (1024K)]
  0x000001849adfb720 JavaThread "cluster-ClusterId{value='691c1ee8e84e2e7d35e474d6', description='CoLa'}-ac-7pyoxlf-shard-00-00.parrxmg.mongodb.net:27017" daemon [_thread_in_native, id=2744, stack(0x0000006944300000,0x0000006944400000) (1024K)]
  0x000001849adfbdb0 JavaThread "cluster-ClusterId{value='691c1ee8e84e2e7d35e474d6', description='CoLa'}-ac-7pyoxlf-shard-00-02.parrxmg.mongodb.net:27017" daemon [_thread_in_native, id=24764, stack(0x0000006944700000,0x0000006944800000) (1024K)]
  0x0000018499dda1a0 JavaThread "C2 CompilerThread2"         daemon [_thread_in_native, id=18804, stack(0x0000006944800000,0x0000006944900000) (1024K)]
=>0x0000018499dd6b20 JavaThread "C2 CompilerThread3"         daemon [_thread_in_native, id=25516, stack(0x0000006945200000,0x0000006945300000) (1024K)]
  0x0000018499dda870 JavaThread "C2 CompilerThread4"         daemon [_thread_in_native, id=16436, stack(0x0000006945300000,0x0000006945400000) (1024K)]
  0x0000018499dd78c0 JavaThread "C2 CompilerThread5"         daemon [_thread_in_native, id=8396, stack(0x0000006945500000,0x0000006945600000) (1024K)]
  0x0000018499ddb610 JavaThread "C2 CompilerThread6"         daemon [_thread_in_native, id=29476, stack(0x0000006945600000,0x0000006945700000) (1024K)]
  0x000001849adfc440 JavaThread "Catalina-utility-1"                [_thread_blocked, id=26596, stack(0x0000006945700000,0x0000006945800000) (1024K)]
  0x000001849adfcad0 JavaThread "Catalina-utility-2"                [_thread_blocked, id=29500, stack(0x0000006945800000,0x0000006945900000) (1024K)]
  0x000001849adfd160 JavaThread "container-0"                       [_thread_blocked, id=21676, stack(0x0000006945900000,0x0000006945a00000) (1024K)]
  0x000001849adfd7f0 JavaThread "cluster-rtt-ClusterId{value='691c1ee8e84e2e7d35e474d6', description='CoLa'}-ac-7pyoxlf-shard-00-01.parrxmg.mongodb.net:27017" daemon [_thread_blocked, id=4288, stack(0x0000006945a00000,0x0000006945b00000) (1024K)]
  0x000001849adfa370 JavaThread "cluster-rtt-ClusterId{value='691c1ee8e84e2e7d35e474d6', description='CoLa'}-ac-7pyoxlf-shard-00-02.parrxmg.mongodb.net:27017" daemon [_thread_blocked, id=4248, stack(0x0000006945b00000,0x0000006945c00000) (1024K)]
  0x000001849adfeba0 JavaThread "cluster-rtt-ClusterId{value='691c1ee8e84e2e7d35e474d6', description='CoLa'}-ac-7pyoxlf-shard-00-00.parrxmg.mongodb.net:27017" daemon [_thread_blocked, id=19880, stack(0x0000006945c00000,0x0000006945d00000) (1024K)]
  0x000001849adfde80 JavaThread "MaintenanceTimer-2-thread-1" daemon [_thread_blocked, id=13860, stack(0x0000006945d00000,0x0000006945e00000) (1024K)]
  0x000001849adfe510 JavaThread "MaintenanceTimer-4-thread-1" daemon [_thread_blocked, id=22980, stack(0x0000006945e00000,0x0000006945f00000) (1024K)]
  0x000001849ae005e0 JavaThread "MaintenanceTimer-3-thread-1" daemon [_thread_blocked, id=18076, stack(0x0000006945f00000,0x0000006946000000) (1024K)]
Total: 36

Other Threads:
  0x000001845212c3f0 VMThread "VM Thread"                           [id=30440, stack(0x0000006942d00000,0x0000006942e00000) (1024K)]
  0x00000184521175c0 WatcherThread "VM Periodic Task Thread"        [id=23344, stack(0x0000006942c00000,0x0000006942d00000) (1024K)]
  0x00000184325aa3b0 WorkerThread "GC Thread#0"                     [id=5492, stack(0x0000006942700000,0x0000006942800000) (1024K)]
  0x0000018498c7a270 WorkerThread "GC Thread#1"                     [id=21460, stack(0x0000006943e00000,0x0000006943f00000) (1024K)]
  0x0000018498c7a620 WorkerThread "GC Thread#2"                     [id=26360, stack(0x0000006943f00000,0x0000006944000000) (1024K)]
  0x0000018498c7afe0 WorkerThread "GC Thread#3"                     [id=5632, stack(0x0000006944000000,0x0000006944100000) (1024K)]
  0x0000018498866d80 WorkerThread "GC Thread#4"                     [id=22888, stack(0x0000006944100000,0x0000006944200000) (1024K)]
  0x00000184988669d0 WorkerThread "GC Thread#5"                     [id=1280, stack(0x0000006944200000,0x0000006944300000) (1024K)]
  0x0000018498866270 WorkerThread "GC Thread#6"                     [id=11748, stack(0x0000006944400000,0x0000006944500000) (1024K)]
  0x00000184991e3140 WorkerThread "GC Thread#7"                     [id=28040, stack(0x0000006944500000,0x0000006944600000) (1024K)]
  0x00000184991e29e0 WorkerThread "GC Thread#8"                     [id=22876, stack(0x0000006944600000,0x0000006944700000) (1024K)]
  0x00000184991e43b0 WorkerThread "GC Thread#9"                     [id=15804, stack(0x0000006944a00000,0x0000006944b00000) (1024K)]
  0x00000184991e4000 WorkerThread "GC Thread#10"                    [id=4320, stack(0x0000006944b00000,0x0000006944c00000) (1024K)]
  0x00000184991e1770 WorkerThread "GC Thread#11"                    [id=5672, stack(0x0000006944c00000,0x0000006944d00000) (1024K)]
  0x00000184991e1ed0 WorkerThread "GC Thread#12"                    [id=8796, stack(0x0000006944d00000,0x0000006944e00000) (1024K)]
  0x00000184325bfd40 ConcurrentGCThread "G1 Main Marker"            [id=21820, stack(0x0000006942800000,0x0000006942900000) (1024K)]
  0x00000184325c0760 WorkerThread "G1 Conc#0"                       [id=10820, stack(0x0000006942900000,0x0000006942a00000) (1024K)]
  0x00000184991e2d90 WorkerThread "G1 Conc#1"                       [id=584, stack(0x0000006944e00000,0x0000006944f00000) (1024K)]
  0x00000184991e38a0 WorkerThread "G1 Conc#2"                       [id=4812, stack(0x0000006944f00000,0x0000006945000000) (1024K)]
  0x0000018451fe71d0 ConcurrentGCThread "G1 Refine#0"               [id=1264, stack(0x0000006942a00000,0x0000006942b00000) (1024K)]
  0x0000018451feaa20 ConcurrentGCThread "G1 Service"                [id=19900, stack(0x0000006942b00000,0x0000006942c00000) (1024K)]
Total: 21

Threads with active compile tasks:
C2 CompilerThread0  3512 7268 % !   4       org.springframework.beans.factory.support.DefaultListableBeanFactory::doGetBeanNamesForType @ 20 (527 bytes)
C2 CompilerThread1  3512 7154       4       org.springframework.core.annotation.AnnotationsScanner::scan (21 bytes)
C2 CompilerThread2  3512 7302       4       org.springframework.core.ResolvableType::getGenerics (197 bytes)
C2 CompilerThread3  3512 7181       4       org.springframework.core.annotation.AnnotationsScanner::process (55 bytes)
C2 CompilerThread4  3512 7266       4       org.springframework.beans.factory.support.AbstractBeanFactory::isTypeMatch (745 bytes)
C2 CompilerThread5  3512 7267       4       org.springframework.core.ResolvableType$WildcardBounds::get (173 bytes)
C2 CompilerThread6  3512 7301   !   4       java.util.concurrent.ConcurrentHashMap::computeIfAbsent (576 bytes)
Total: 7

VM state: not at safepoint (normal execution)

VM Mutex/Monitor currently owned by a thread: None

Heap address: 0x0000000703600000, size: 4042 MB, Compressed Oops mode: Zero based, Oop shift amount: 3

CDS archive(s) mapped at: [0x0000018453000000-0x0000018453d70000-0x0000018453d70000), size 14090240, SharedBaseAddress: 0x0000018453000000, ArchiveRelocationMode: 1.
Compressed class space mapped at: 0x0000018454000000-0x0000018494000000, reserved size: 1073741824
Narrow klass base: 0x0000018453000000, Narrow klass shift: 0, Narrow klass range: 0x41000000

GC Precious Log:
 CardTable entry size: 512
 Card Set container configuration: InlinePtr #cards 4 size 8 Array Of Cards #cards 16 size 48 Howl #buckets 8 coarsen threshold 3686 Howl Bitmap #cards 512 size 80 coarsen threshold 460 Card regions per heap region 1 cards per card region 4096
 CPUs: 16 total, 16 available
 Memory: 16163M
 Large Page Support: Disabled
 NUMA Support: Disabled
 Compressed Oops: Enabled (Zero based)
 Heap Region Size: 2M
 Heap Min Capacity: 8M
 Heap Initial Capacity: 254M
 Heap Max Capacity: 4042M
 Pre-touch: Disabled
 Parallel Workers: 13
 Concurrent Workers: 3
 Concurrent Refinement Workers: 13
 Periodic GC: Disabled

Heap:
 garbage-first heap   total reserved 4139008K, committed 88064K, used 58957K [0x0000000703600000, 0x0000000800000000)
  region size 2048K, 20 young (40960K), 3 survivors (6144K)
 Metaspace       used 50963K, committed 51648K, reserved 1114112K
  class space    used 6830K, committed 7104K, reserved 1048576K

Heap Regions: E=young(eden), S=young(survivor), O=old, HS=humongous(starts), HC=humongous(continues), CS=collection set, F=free, TAMS=top-at-mark-start, PB=parsable bottom
|   0|0x0000000703600000, 0x0000000703800000, 0x0000000703800000|100%| O|  |TAMS 0x0000000703600000| PB 0x0000000703600000| Untracked |  0
|   1|0x0000000703800000, 0x0000000703a00000, 0x0000000703a00000|100%| O|  |TAMS 0x0000000703800000| PB 0x0000000703800000| Untracked |  0
|   2|0x0000000703a00000, 0x0000000703c00000, 0x0000000703c00000|100%| O|  |TAMS 0x0000000703a00000| PB 0x0000000703a00000| Untracked |  0
|   3|0x0000000703c00000, 0x0000000703d064d0, 0x0000000703e00000| 51%| O|Cm|TAMS 0x0000000703c00000| PB 0x0000000703c00000| Complete |  0
|   4|0x0000000703e00000, 0x0000000704000000, 0x0000000704000000|100%| O|  |TAMS 0x0000000703e00000| PB 0x0000000703e00000| Untracked |  0
|   5|0x0000000704000000, 0x0000000704200000, 0x0000000704200000|100%| O|  |TAMS 0x0000000704000000| PB 0x0000000704000000| Untracked |  0
|   6|0x0000000704200000, 0x0000000704400000, 0x0000000704400000|100%| O|  |TAMS 0x0000000704200000| PB 0x0000000704200000| Untracked |  0
|   7|0x0000000704400000, 0x0000000704600000, 0x0000000704600000|100%| O|  |TAMS 0x0000000704400000| PB 0x0000000704400000| Untracked |  0
|   8|0x0000000704600000, 0x0000000704800000, 0x0000000704800000|100%| O|  |TAMS 0x0000000704600000| PB 0x0000000704600000| Untracked |  0
|   9|0x0000000704800000, 0x000000070488d1a0, 0x0000000704a00000| 27%| O|  |TAMS 0x0000000704800000| PB 0x0000000704800000| Untracked |  0
|  10|0x0000000704a00000, 0x0000000704a00000, 0x0000000704c00000|  0%| F|  |TAMS 0x0000000704a00000| PB 0x0000000704a00000| Untracked |  0
|  11|0x0000000704c00000, 0x0000000704c00000, 0x0000000704e00000|  0%| F|  |TAMS 0x0000000704c00000| PB 0x0000000704c00000| Untracked |  0
|  12|0x0000000704e00000, 0x0000000704e00000, 0x0000000705000000|  0%| F|  |TAMS 0x0000000704e00000| PB 0x0000000704e00000| Untracked |  0
|  13|0x0000000705000000, 0x0000000705000000, 0x0000000705200000|  0%| F|  |TAMS 0x0000000705000000| PB 0x0000000705000000| Untracked |  0
|  14|0x0000000705200000, 0x0000000705200000, 0x0000000705400000|  0%| F|  |TAMS 0x0000000705200000| PB 0x0000000705200000| Untracked |  0
|  15|0x0000000705400000, 0x0000000705400000, 0x0000000705600000|  0%| F|  |TAMS 0x0000000705400000| PB 0x0000000705400000| Untracked |  0
|  16|0x0000000705600000, 0x0000000705600000, 0x0000000705800000|  0%| F|  |TAMS 0x0000000705600000| PB 0x0000000705600000| Untracked |  0
|  17|0x0000000705800000, 0x0000000705800000, 0x0000000705a00000|  0%| F|  |TAMS 0x0000000705800000| PB 0x0000000705800000| Untracked |  0
|  18|0x0000000705a00000, 0x0000000705a00000, 0x0000000705c00000|  0%| F|  |TAMS 0x0000000705a00000| PB 0x0000000705a00000| Untracked |  0
|  19|0x0000000705c00000, 0x0000000705c00000, 0x0000000705e00000|  0%| F|  |TAMS 0x0000000705c00000| PB 0x0000000705c00000| Untracked |  0
|  20|0x0000000705e00000, 0x0000000705e00000, 0x0000000706000000|  0%| F|  |TAMS 0x0000000705e00000| PB 0x0000000705e00000| Untracked |  0
|  21|0x0000000706000000, 0x0000000706000000, 0x0000000706200000|  0%| F|  |TAMS 0x0000000706000000| PB 0x0000000706000000| Untracked |  0
|  22|0x0000000706200000, 0x0000000706300000, 0x0000000706400000| 50%| E|  |TAMS 0x0000000706200000| PB 0x0000000706200000| Complete |  0
|  23|0x0000000706400000, 0x0000000706600000, 0x0000000706600000|100%| E|CS|TAMS 0x0000000706400000| PB 0x0000000706400000| Complete |  0
|  24|0x0000000706600000, 0x0000000706800000, 0x0000000706800000|100%| E|CS|TAMS 0x0000000706600000| PB 0x0000000706600000| Complete |  0
|  25|0x0000000706800000, 0x0000000706a00000, 0x0000000706a00000|100%| E|CS|TAMS 0x0000000706800000| PB 0x0000000706800000| Complete |  0
|  26|0x0000000706a00000, 0x0000000706c00000, 0x0000000706c00000|100%| E|CS|TAMS 0x0000000706a00000| PB 0x0000000706a00000| Complete |  0
|  27|0x0000000706c00000, 0x0000000706e00000, 0x0000000706e00000|100%| E|CS|TAMS 0x0000000706c00000| PB 0x0000000706c00000| Complete |  0
|  28|0x0000000706e00000, 0x0000000707000000, 0x0000000707000000|100%| E|CS|TAMS 0x0000000706e00000| PB 0x0000000706e00000| Complete |  0
|  29|0x0000000707000000, 0x0000000707200000, 0x0000000707200000|100%| E|CS|TAMS 0x0000000707000000| PB 0x0000000707000000| Complete |  0
|  30|0x0000000707200000, 0x0000000707400000, 0x0000000707400000|100%| E|CS|TAMS 0x0000000707200000| PB 0x0000000707200000| Complete |  0
|  31|0x0000000707400000, 0x0000000707600000, 0x0000000707600000|100%| E|CS|TAMS 0x0000000707400000| PB 0x0000000707400000| Complete |  0
|  32|0x0000000707600000, 0x0000000707800000, 0x0000000707800000|100%| E|CS|TAMS 0x0000000707600000| PB 0x0000000707600000| Complete |  0
|  33|0x0000000707800000, 0x0000000707a00000, 0x0000000707a00000|100%| E|CS|TAMS 0x0000000707800000| PB 0x0000000707800000| Complete |  0
|  34|0x0000000707a00000, 0x0000000707c00000, 0x0000000707c00000|100%| E|CS|TAMS 0x0000000707a00000| PB 0x0000000707a00000| Complete |  0
|  35|0x0000000707c00000, 0x0000000707e00000, 0x0000000707e00000|100%| E|CS|TAMS 0x0000000707c00000| PB 0x0000000707c00000| Complete |  0
|  36|0x0000000707e00000, 0x0000000708000000, 0x0000000708000000|100%| E|CS|TAMS 0x0000000707e00000| PB 0x0000000707e00000| Complete |  0
|  37|0x0000000708000000, 0x0000000708200000, 0x0000000708200000|100%| S|CS|TAMS 0x0000000708000000| PB 0x0000000708000000| Complete |  0
|  38|0x0000000708200000, 0x0000000708400000, 0x0000000708400000|100%| S|CS|TAMS 0x0000000708200000| PB 0x0000000708200000| Complete |  0
|  39|0x0000000708400000, 0x0000000708600000, 0x0000000708600000|100%| S|CS|TAMS 0x0000000708400000| PB 0x0000000708400000| Complete |  0
| 102|0x0000000710200000, 0x0000000710400000, 0x0000000710400000|100%| E|CS|TAMS 0x0000000710200000| PB 0x0000000710200000| Complete |  0
| 126|0x0000000713200000, 0x0000000713400000, 0x0000000713400000|100%| E|CS|TAMS 0x0000000713200000| PB 0x0000000713200000| Complete |  0
|2020|0x00000007ffe00000, 0x0000000800000000, 0x0000000800000000|100%| O|  |TAMS 0x00000007ffe00000| PB 0x00000007ffe00000| Untracked |  0

Card table byte_map: [0x000001844ade0000,0x000001844b5d0000] _byte_map_base: 0x00000184475c5000

Marking Bits: (CMBitMap*) 0x00000184325aa9d0
 Bits: [0x000001844b5d0000, 0x000001844f4f8000)

Polling page: 0x0000018430370000

Metaspace:

Usage:
  Non-class:     43.11 MB used.
      Class:      6.67 MB used.
       Both:     49.78 MB used.

Virtual space:
  Non-class space:       64.00 MB reserved,      43.50 MB ( 68%) committed,  1 nodes.
      Class space:        1.00 GB reserved,       6.94 MB ( <1%) committed,  1 nodes.
             Both:        1.06 GB reserved,      50.44 MB (  5%) committed. 

Chunk freelists:
   Non-Class:  4.14 MB
       Class:  8.89 MB
        Both:  13.03 MB

MaxMetaspaceSize: unlimited
CompressedClassSpaceSize: 1.00 GB
Initial GC threshold: 21.00 MB
Current GC threshold: 59.50 MB
CDS: on
 - commit_granule_bytes: 65536.
 - commit_granule_words: 8192.
 - virtual_space_node_default_size: 8388608.
 - enlarge_chunks_in_place: 1.
 - use_allocation_guard: 0.


Internal statistics:

num_allocs_failed_limit: 10.
num_arena_births: 934.
num_arena_deaths: 0.
num_vsnodes_births: 2.
num_vsnodes_deaths: 0.
num_space_committed: 807.
num_space_uncommitted: 0.
num_chunks_returned_to_freelist: 10.
num_chunks_taken_from_freelist: 2593.
num_chunk_merges: 10.
num_chunk_splits: 1795.
num_chunks_enlarged: 1331.
num_inconsistent_stats: 0.

CodeHeap 'non-profiled nmethods': size=119232Kb used=3553Kb max_used=3553Kb free=115678Kb
 bounds [0x00000184427f0000, 0x0000018442b70000, 0x0000018449c60000]
CodeHeap 'profiled nmethods': size=119104Kb used=11451Kb max_used=11451Kb free=107652Kb
 bounds [0x000001843ac60000, 0x000001843b790000, 0x00000184420b0000]
CodeHeap 'non-nmethods': size=7424Kb used=3450Kb max_used=3521Kb free=3973Kb
 bounds [0x00000184420b0000, 0x0000018442430000, 0x00000184427f0000]
CodeCache: size=245760Kb, used=18454Kb, max_used=18525Kb, free=227303Kb
 total_blobs=7593, nmethods=6932, adapters=561, full_count=0
Compilation: enabled, stopped_count=0, restarted_count=0

Compilation events (20 events):
Event: 3.457 Thread 0x00000184525b0e70 7282       3       java.lang.invoke.LambdaForm$Name::<init> (9 bytes)
Event: 3.457 Thread 0x00000184525b3080 7283       3       java.lang.invoke.BoundMethodHandle$Species_LL::copyWithExtendL (25 bytes)
Event: 3.458 Thread 0x00000184525b0e70 nmethod 7282 0x000001843b771208 code [0x000001843b771320, 0x000001843b771470]
Event: 3.458 Thread 0x00000184525b3080 nmethod 7283 0x000001843b771508 code [0x000001843b771660, 0x000001843b771ac0]
Event: 3.458 Thread 0x00000184525b3080 7284       1       java.lang.invoke.MethodHandleImpl$IntrinsicMethodHandle::intrinsicName (5 bytes)
Event: 3.458 Thread 0x00000184525b3080 nmethod 7284 0x0000018442b5af08 code [0x0000018442b5b020, 0x0000018442b5b0f0]
Event: 3.461 Thread 0x00000184525b00d0 7285       3       java.lang.NoSuchMethodException::<init> (6 bytes)
Event: 3.462 Thread 0x00000184525b00d0 nmethod 7285 0x000001843b771b08 code [0x000001843b771c40, 0x000001843b771e30]
Event: 3.462 Thread 0x00000184525b3080 7286       3       org.springframework.core.MethodParameter::getMethodAnnotations (14 bytes)
Event: 3.462 Thread 0x00000184525b0e70 7288       1       org.springframework.core.annotation.MissingMergedAnnotation::getDistance (2 bytes)
Event: 3.462 Thread 0x00000184525b0e70 nmethod 7288 0x0000018442b5b208 code [0x0000018442b5b320, 0x0000018442b5b3e8]
Event: 3.462 Thread 0x00000184525b3080 nmethod 7286 0x000001843b771e88 code [0x000001843b771fc0, 0x000001843b7723d8]
Event: 3.467 Thread 0x00000184525b0e70 7291   !   3       jdk.proxy2.$Proxy106::annotationType (28 bytes)
Event: 3.467 Thread 0x00000184525b0e70 nmethod 7291 0x000001843b772488 code [0x000001843b7725e0, 0x000001843b7729c8]
Event: 3.467 Thread 0x00000184525b3080 7292       3       org.springframework.beans.factory.annotation.QualifierAnnotationAutowireCandidateResolver::checkQualifiers (247 bytes)
Event: 3.468 Thread 0x00000184525b29b0 7293       3       java.lang.invoke.LambdaForm$NamedFunction::<init> (15 bytes)
Event: 3.468 Thread 0x00000184525b0e70 7294       3       java.lang.invoke.LambdaForm$Name::cloneWithIndex (47 bytes)
Event: 3.468 Thread 0x00000184525b29b0 nmethod 7293 0x000001843b772a08 code [0x000001843b772b20, 0x000001843b772d50]
Event: 3.468 Thread 0x00000184525b0e70 nmethod 7294 0x000001843b772d88 code [0x000001843b772f00, 0x000001843b773448]
Event: 3.468 Thread 0x00000184525b3080 nmethod 7292 0x000001843b773488 code [0x000001843b7737e0, 0x000001843b775378]

GC Heap History (16 events):
Event: 0.446 GC heap before
{Heap before GC invocations=0 (full 0):
 garbage-first heap   total reserved 4139008K, committed 260096K, used 24576K [0x0000000703600000, 0x0000000800000000)
  region size 2048K, 12 young (24576K), 0 survivors (0K)
 Metaspace       used 6384K, committed 6592K, reserved 1114112K
  class space    used 764K, committed 832K, reserved 1048576K
}
Event: 0.449 GC heap after
{Heap after GC invocations=1 (full 0):
 garbage-first heap   total reserved 4139008K, committed 260096K, used 6897K [0x0000000703600000, 0x0000000800000000)
  region size 2048K, 2 young (4096K), 2 survivors (4096K)
 Metaspace       used 6384K, committed 6592K, reserved 1114112K
  class space    used 764K, committed 832K, reserved 1048576K
}
Event: 0.714 GC heap before
{Heap before GC invocations=1 (full 0):
 garbage-first heap   total reserved 4139008K, committed 260096K, used 27377K [0x0000000703600000, 0x0000000800000000)
  region size 2048K, 12 young (24576K), 2 survivors (4096K)
 Metaspace       used 11618K, committed 11904K, reserved 1114112K
  class space    used 1506K, committed 1600K, reserved 1048576K
}
Event: 0.718 GC heap after
{Heap after GC invocations=2 (full 0):
 garbage-first heap   total reserved 4139008K, committed 260096K, used 9043K [0x0000000703600000, 0x0000000800000000)
  region size 2048K, 1 young (2048K), 1 survivors (2048K)
 Metaspace       used 11618K, committed 11904K, reserved 1114112K
  class space    used 1506K, committed 1600K, reserved 1048576K
}
Event: 1.011 GC heap before
{Heap before GC invocations=2 (full 0):
 garbage-first heap   total reserved 4139008K, committed 260096K, used 52051K [0x0000000703600000, 0x0000000800000000)
  region size 2048K, 24 young (49152K), 1 survivors (2048K)
 Metaspace       used 21212K, committed 21504K, reserved 1114112K
  class space    used 2747K, committed 2880K, reserved 1048576K
}
Event: 1.016 GC heap after
{Heap after GC invocations=3 (full 0):
 garbage-first heap   total reserved 4139008K, committed 260096K, used 13018K [0x0000000703600000, 0x0000000800000000)
  region size 2048K, 3 young (6144K), 3 survivors (6144K)
 Metaspace       used 21212K, committed 21504K, reserved 1114112K
  class space    used 2747K, committed 2880K, reserved 1048576K
}
Event: 1.351 GC heap before
{Heap before GC invocations=4 (full 0):
 garbage-first heap   total reserved 4139008K, committed 49152K, used 47834K [0x0000000703600000, 0x0000000800000000)
  region size 2048K, 20 young (40960K), 3 survivors (6144K)
 Metaspace       used 25149K, committed 25536K, reserved 1114112K
  class space    used 3244K, committed 3392K, reserved 1048576K
}
Event: 1.357 GC heap after
{Heap after GC invocations=5 (full 0):
 garbage-first heap   total reserved 4139008K, committed 59392K, used 16248K [0x0000000703600000, 0x0000000800000000)
  region size 2048K, 4 young (8192K), 4 survivors (8192K)
 Metaspace       used 25149K, committed 25536K, reserved 1114112K
  class space    used 3244K, committed 3392K, reserved 1048576K
}
Event: 1.770 GC heap before
{Heap before GC invocations=5 (full 0):
 garbage-first heap   total reserved 4139008K, committed 59392K, used 40824K [0x0000000703600000, 0x0000000800000000)
  region size 2048K, 16 young (32768K), 4 survivors (8192K)
 Metaspace       used 29394K, committed 29824K, reserved 1114112K
  class space    used 3843K, committed 4032K, reserved 1048576K
}
Event: 1.777 GC heap after
{Heap after GC invocations=6 (full 0):
 garbage-first heap   total reserved 4139008K, committed 59392K, used 18197K [0x0000000703600000, 0x0000000800000000)
  region size 2048K, 2 young (4096K), 2 survivors (4096K)
 Metaspace       used 29394K, committed 29824K, reserved 1114112K
  class space    used 3843K, committed 4032K, reserved 1048576K
}
Event: 2.399 GC heap before
{Heap before GC invocations=6 (full 0):
 garbage-first heap   total reserved 4139008K, committed 59392K, used 42773K [0x0000000703600000, 0x0000000800000000)
  region size 2048K, 14 young (28672K), 2 survivors (4096K)
 Metaspace       used 35615K, committed 36160K, reserved 1114112K
  class space    used 4679K, committed 4928K, reserved 1048576K
}
Event: 2.406 GC heap after
{Heap after GC invocations=7 (full 0):
 garbage-first heap   total reserved 4139008K, committed 59392K, used 19981K [0x0000000703600000, 0x0000000800000000)
  region size 2048K, 2 young (4096K), 2 survivors (4096K)
 Metaspace       used 35615K, committed 36160K, reserved 1114112K
  class space    used 4679K, committed 4928K, reserved 1048576K
}
Event: 2.411 GC heap before
{Heap before GC invocations=7 (full 0):
 garbage-first heap   total reserved 4139008K, committed 59392K, used 19981K [0x0000000703600000, 0x0000000800000000)
  region size 2048K, 3 young (6144K), 2 survivors (4096K)
 Metaspace       used 35766K, committed 36288K, reserved 1114112K
  class space    used 4703K, committed 4928K, reserved 1048576K
}
Event: 2.417 GC heap after
{Heap after GC invocations=8 (full 0):
 garbage-first heap   total reserved 4139008K, committed 159744K, used 20806K [0x0000000703600000, 0x0000000800000000)
  region size 2048K, 1 young (2048K), 1 survivors (2048K)
 Metaspace       used 35766K, committed 36288K, reserved 1114112K
  class space    used 4703K, committed 4928K, reserved 1048576K
}
Event: 3.017 GC heap before
{Heap before GC invocations=9 (full 0):
 garbage-first heap   total reserved 4139008K, committed 81920K, used 78150K [0x0000000703600000, 0x0000000800000000)
  region size 2048K, 29 young (59392K), 1 survivors (2048K)
 Metaspace       used 46833K, committed 47424K, reserved 1114112K
  class space    used 6218K, committed 6464K, reserved 1048576K
}
Event: 3.022 GC heap after
{Heap after GC invocations=10 (full 0):
 garbage-first heap   total reserved 4139008K, committed 88064K, used 26189K [0x0000000703600000, 0x0000000800000000)
  region size 2048K, 3 young (6144K), 3 survivors (6144K)
 Metaspace       used 46833K, committed 47424K, reserved 1114112K
  class space    used 6218K, committed 6464K, reserved 1048576K
}

Dll operation events (14 events):
Event: 0.007 Loaded shared library C:\Program Files\Java\jdk-23\bin\java.dll
Event: 0.029 Loaded shared library C:\Program Files\Java\jdk-23\bin\jsvml.dll
Event: 0.090 Loaded shared library C:\Program Files\Java\jdk-23\bin\zip.dll
Event: 0.092 Loaded shared library C:\Program Files\Java\jdk-23\bin\instrument.dll
Event: 0.095 Loaded shared library C:\Program Files\Java\jdk-23\bin\net.dll
Event: 0.096 Loaded shared library C:\Program Files\Java\jdk-23\bin\nio.dll
Event: 0.098 Loaded shared library C:\Program Files\Java\jdk-23\bin\zip.dll
Event: 0.158 Loaded shared library D:\IntelliJ IDEA Community Edition 2024.3.2\bin\breakgen64.dll
Event: 0.163 Loaded shared library C:\Program Files\Java\jdk-23\bin\extnet.dll
Event: 0.179 Loaded shared library C:\Program Files\Java\jdk-23\bin\jimage.dll
Event: 0.730 Loaded shared library C:\Program Files\Java\jdk-23\bin\verify.dll
Event: 1.032 Loaded shared library C:\Program Files\Java\jdk-23\bin\sunmscapi.dll
Event: 2.064 Loaded shared library C:\Program Files\Java\jdk-23\bin\management.dll
Event: 2.066 Loaded shared library C:\Program Files\Java\jdk-23\bin\management_ext.dll

Deoptimization events (20 events):
Event: 3.335 Thread 0x00000184300e62b0 Uncommon trap: trap_request=0xffffffde fr.pc=0x0000018442aaf4f8 relative=0x0000000000000818
Event: 3.335 Thread 0x00000184300e62b0 Uncommon trap: reason=class_check action=maybe_recompile pc=0x0000018442aaf4f8 method=org.springframework.core.annotation.AnnotatedElementUtils.hasAnnotation(Ljava/lang/reflect/AnnotatedElement;Ljava/lang/Class;)Z @ 21 c2
Event: 3.335 Thread 0x00000184300e62b0 DEOPT PACKING pc=0x0000018442aaf4f8 sp=0x00000069426fc850
Event: 3.335 Thread 0x00000184300e62b0 DEOPT UNPACKING pc=0x0000018442107982 sp=0x00000069426fc828 mode 2
Event: 3.335 Thread 0x00000184300e62b0 Uncommon trap: trap_request=0xffffffde fr.pc=0x0000018442aaf4f8 relative=0x0000000000000818
Event: 3.335 Thread 0x00000184300e62b0 Uncommon trap: reason=class_check action=maybe_recompile pc=0x0000018442aaf4f8 method=org.springframework.core.annotation.AnnotatedElementUtils.hasAnnotation(Ljava/lang/reflect/AnnotatedElement;Ljava/lang/Class;)Z @ 21 c2
Event: 3.335 Thread 0x00000184300e62b0 DEOPT PACKING pc=0x0000018442aaf4f8 sp=0x00000069426fc850
Event: 3.335 Thread 0x00000184300e62b0 DEOPT UNPACKING pc=0x0000018442107982 sp=0x00000069426fc828 mode 2
Event: 3.338 Thread 0x00000184300e62b0 Uncommon trap: trap_request=0xffffff45 fr.pc=0x0000018442b1807c relative=0x0000000000000adc
Event: 3.338 Thread 0x00000184300e62b0 Uncommon trap: reason=unstable_if action=reinterpret pc=0x0000018442b1807c method=org.springframework.util.ClassUtils.isOverridable(Ljava/lang/reflect/Method;Ljava/lang/Class;)Z @ 18 c2
Event: 3.338 Thread 0x00000184300e62b0 DEOPT PACKING pc=0x0000018442b1807c sp=0x00000069426fc710
Event: 3.338 Thread 0x00000184300e62b0 DEOPT UNPACKING pc=0x0000018442107982 sp=0x00000069426fc610 mode 2
Event: 3.387 Thread 0x00000184300e62b0 Uncommon trap: trap_request=0xffffff45 fr.pc=0x00000184428c858c relative=0x000000000000330c
Event: 3.387 Thread 0x00000184300e62b0 Uncommon trap: reason=unstable_if action=reinterpret pc=0x00000184428c858c method=java.net.URL.<init>(Ljava/net/URL;Ljava/lang/String;Ljava/net/URLStreamHandler;)V @ 30 c2
Event: 3.388 Thread 0x00000184300e62b0 DEOPT PACKING pc=0x00000184428c858c sp=0x00000069426fbdc0
Event: 3.388 Thread 0x00000184300e62b0 DEOPT UNPACKING pc=0x0000018442107982 sp=0x00000069426fbd80 mode 2
Event: 3.388 Thread 0x00000184300e62b0 Uncommon trap: trap_request=0xffffff45 fr.pc=0x0000018442a1be30 relative=0x0000000000003310
Event: 3.388 Thread 0x00000184300e62b0 Uncommon trap: reason=unstable_if action=reinterpret pc=0x0000018442a1be30 method=java.net.URL.isBuiltinStreamHandler(Ljava/net/URLStreamHandler;)Z @ 13 c2
Event: 3.388 Thread 0x00000184300e62b0 DEOPT PACKING pc=0x0000018442a1be30 sp=0x00000069426fbcc0
Event: 3.388 Thread 0x00000184300e62b0 DEOPT UNPACKING pc=0x0000018442107982 sp=0x00000069426fbb60 mode 2

Classes loaded (20 events):
Event: 2.989 Loading class sun/security/ssl/PreSharedKeyExtension$SHPreSharedKeySpec
Event: 2.989 Loading class sun/security/ssl/PreSharedKeyExtension$SHPreSharedKeySpec done
Event: 3.053 Loading class java/util/EnumMap$EntrySet
Event: 3.053 Loading class java/util/EnumMap$EntrySet done
Event: 3.053 Loading class java/util/EnumMap$EntryIterator
Event: 3.053 Loading class java/util/EnumMap$EnumMapIterator
Event: 3.053 Loading class java/util/EnumMap$EnumMapIterator done
Event: 3.053 Loading class java/util/EnumMap$EntryIterator done
Event: 3.108 Loading class sun/nio/cs/ISO_8859_1$Decoder
Event: 3.108 Loading class sun/nio/cs/ISO_8859_1$Decoder done
Event: 3.121 Loading class jdk/internal/reflect/MethodHandleLongFieldAccessorImpl
Event: 3.122 Loading class jdk/internal/reflect/MethodHandleLongFieldAccessorImpl done
Event: 3.205 Loading class java/util/Comparators$NullComparator
Event: 3.205 Loading class java/util/Comparators$NullComparator done
Event: 3.254 Loading class java/util/EnumMap$Values
Event: 3.254 Loading class java/util/EnumMap$Values done
Event: 3.254 Loading class java/util/EnumMap$ValueIterator
Event: 3.254 Loading class java/util/EnumMap$ValueIterator done
Event: 3.300 Loading class sun/reflect/annotation/TypeAnnotation$TypeAnnotationTargetInfo
Event: 3.300 Loading class sun/reflect/annotation/TypeAnnotation$TypeAnnotationTargetInfo done

Classes unloaded (0 events):
No events

Classes redefined (0 events):
No events

Internal exceptions (20 events):
Event: 2.693 Thread 0x00000184300e62b0 Exception <a 'java/lang/NoSuchMethodError'{0x000000070692d2e0}: 'long java.lang.invoke.DirectMethodHandle$Holder.invokeVirtual(java.lang.Object, java.lang.Object, java.lang.Object, java.lang.Object, java.lang.Object, java.lang.Object)'> (0x000000070692d2e0) 
thrown [s\open\src\hotspot\share\interpreter\linkResolver.cpp, line 796]
Event: 2.752 Thread 0x00000184300e62b0 Exception <a 'java/lang/IncompatibleClassChangeError'{0x0000000706571b50}: Found class java.lang.Object, but interface was expected> (0x0000000706571b50) 
thrown [s\open\src\hotspot\share\interpreter\linkResolver.cpp, line 863]
Event: 2.807 Thread 0x00000184300e62b0 Exception <a 'java/lang/NoSuchMethodError'{0x000000070613b8e8}: 'java.lang.Object java.lang.invoke.DirectMethodHandle$Holder.invokeStatic(java.lang.Object, java.lang.Object, int, java.lang.Object)'> (0x000000070613b8e8) 
thrown [s\open\src\hotspot\share\interpreter\linkResolver.cpp, line 796]
Event: 2.807 Thread 0x00000184300e62b0 Exception <a 'java/lang/NoSuchMethodError'{0x0000000706141fc8}: 'java.lang.Object java.lang.invoke.DirectMethodHandle$Holder.newInvokeSpecial(java.lang.Object, java.lang.Object, int)'> (0x0000000706141fc8) 
thrown [s\open\src\hotspot\share\interpreter\linkResolver.cpp, line 796]
Event: 2.830 Thread 0x00000184300e62b0 Exception <a 'java/lang/NoSuchMethodError'{0x0000000705efb900}: 'void java.lang.invoke.Invokers$Holder.invokeExact_MT(java.lang.Object, java.lang.Object, java.lang.Object, java.lang.Object)'> (0x0000000705efb900) 
thrown [s\open\src\hotspot\share\interpreter\linkResolver.cpp, line 796]
Event: 2.881 Thread 0x000001849adf9650 Exception <a 'java/lang/NoSuchMethodError'{0x0000000705ca3c18}: 'void java.lang.invoke.DirectMethodHandle$Holder.invokeStatic(java.lang.Object, long)'> (0x0000000705ca3c18) 
thrown [s\open\src\hotspot\share\interpreter\linkResolver.cpp, line 796]
Event: 2.881 Thread 0x000001849adfb720 Exception <a 'java/lang/NoSuchMethodError'{0x0000000705951430}: 'void java.lang.invoke.DirectMethodHandle$Holder.invokeStatic(java.lang.Object, long)'> (0x0000000705951430) 
thrown [s\open\src\hotspot\share\interpreter\linkResolver.cpp, line 796]
Event: 2.881 Thread 0x000001849adfbdb0 Exception <a 'java/lang/NoSuchMethodError'{0x000000070582ddf8}: 'void java.lang.invoke.DirectMethodHandle$Holder.invokeStatic(java.lang.Object, long)'> (0x000000070582ddf8) 
thrown [s\open\src\hotspot\share\interpreter\linkResolver.cpp, line 796]
Event: 2.941 Thread 0x000001849adf9650 Exception <a 'java/lang/NoSuchMethodError'{0x00000007054b3480}: 'void java.lang.invoke.DirectMethodHandle$Holder.invokeStatic(java.lang.Object, java.lang.Object, long)'> (0x00000007054b3480) 
thrown [s\open\src\hotspot\share\interpreter\linkResolver.cpp, line 796]
Event: 2.941 Thread 0x000001849adfbdb0 Exception <a 'java/lang/NoSuchMethodError'{0x00000007052b0cf0}: 'void java.lang.invoke.DirectMethodHandle$Holder.invokeStatic(java.lang.Object, java.lang.Object, long)'> (0x00000007052b0cf0) 
thrown [s\open\src\hotspot\share\interpreter\linkResolver.cpp, line 796]
Event: 3.099 Thread 0x00000184300e62b0 Implicit null exception at 0x000001844288440c to 0x0000018442884644
Event: 3.107 Thread 0x00000184300e62b0 Exception <a 'java/io/FileNotFoundException'{0x0000000707dcb1d8}> (0x0000000707dcb1d8) 
thrown [s\open\src\hotspot\share\prims\jni.cpp, line 520]
Event: 3.107 Thread 0x00000184300e62b0 Exception <a 'java/io/FileNotFoundException'{0x0000000707dd5108}> (0x0000000707dd5108) 
thrown [s\open\src\hotspot\share\prims\jni.cpp, line 520]
Event: 3.122 Thread 0x00000184300e62b0 Exception <a 'java/lang/NoSuchMethodError'{0x0000000707b04560}: 'long java.lang.invoke.DelegatingMethodHandle$Holder.reinvoke_L(java.lang.Object, java.lang.Object)'> (0x0000000707b04560) 
thrown [s\open\src\hotspot\share\interpreter\linkResolver.cpp, line 796]
Event: 3.122 Thread 0x00000184300e62b0 Exception <a 'java/lang/NoSuchMethodError'{0x0000000707b0e278}: 'void java.lang.invoke.DelegatingMethodHandle$Holder.reinvoke_L(java.lang.Object, java.lang.Object, long)'> (0x0000000707b0e278) 
thrown [s\open\src\hotspot\share\interpreter\linkResolver.cpp, line 796]
Event: 3.134 Thread 0x00000184300e62b0 Implicit null exception at 0x0000018442af09e7 to 0x0000018442af0a98
Event: 3.148 Thread 0x00000184300e62b0 Exception <a 'java/lang/NoSuchMethodError'{0x000000070786bf00}: 'java.lang.Object java.lang.invoke.DirectMethodHandle$Holder.newInvokeSpecial(java.lang.Object, java.lang.Object, java.lang.Object, java.lang.Object, java.lang.Object, java.lang.Object, java.lang.Object, java.lang.Object)'> (0x000000070786bf00) 
thrown [s\open\src\hotspot\share\interpreter\linkResolver.cpp, line 796]
Event: 3.367 Thread 0x00000184300e62b0 Exception <a 'java/lang/IncompatibleClassChangeError'{0x000000070684f980}: Found class java.lang.Object, but interface was expected> (0x000000070684f980) 
thrown [s\open\src\hotspot\share\interpreter\linkResolver.cpp, line 863]
Event: 3.463 Thread 0x00000184300e62b0 Exception <a 'java/lang/NoSuchMethodError'{0x00000007067f4638}: 'java.lang.Object java.lang.invoke.DirectMethodHandle$Holder.invokeVirtual(java.lang.Object, java.lang.Object, java.lang.Object, java.lang.Object, java.lang.Object, java.lang.Object, java.lang.Object)'> (0x00000007067f4638) 
thrown [s\open\src\hotspot\share\interpreter\linkResolver.cpp, line 796]
Event: 3.465 Thread 0x00000184300e62b0 Exception <a 'java/lang/NoSuchMethodError'{0x0000000706413cd0}: 'java.lang.Object java.lang.invoke.DirectMethodHandle$Holder.invokeVirtual(java.lang.Object, java.lang.Object, java.lang.Object, java.lang.Object, java.lang.Object, java.lang.Object, java.lang.Object, java.lang.Object)'> (0x0000000706413cd0) 
thrown [s\open\src\hotspot\share\interpreter\linkResolver.cpp, line 796]

VM Operations (20 events):
Event: 2.886 Executing VM operation: HandshakeAllThreads (Deoptimize)
Event: 2.886 Executing VM operation: HandshakeAllThreads (Deoptimize) done
Event: 2.920 Executing VM operation: HandshakeAllThreads (Deoptimize)
Event: 2.920 Executing VM operation: HandshakeAllThreads (Deoptimize) done
Event: 2.945 Executing VM operation: HandshakeAllThreads (Deoptimize)
Event: 2.945 Executing VM operation: HandshakeAllThreads (Deoptimize) done
Event: 2.946 Executing VM operation: HandshakeAllThreads (Deoptimize)
Event: 2.946 Executing VM operation: HandshakeAllThreads (Deoptimize) done
Event: 3.017 Executing VM operation: G1CollectForAllocation (G1 Evacuation Pause)
Event: 3.022 Executing VM operation: G1CollectForAllocation (G1 Evacuation Pause) done
Event: 3.112 Executing VM operation: HandshakeAllThreads (Deoptimize)
Event: 3.112 Executing VM operation: HandshakeAllThreads (Deoptimize) done
Event: 3.277 Executing VM operation: HandshakeAllThreads (Deoptimize)
Event: 3.277 Executing VM operation: HandshakeAllThreads (Deoptimize) done
Event: 3.294 Executing VM operation: HandshakeAllThreads (Deoptimize)
Event: 3.294 Executing VM operation: HandshakeAllThreads (Deoptimize) done
Event: 3.295 Executing VM operation: HandshakeAllThreads (Deoptimize)
Event: 3.295 Executing VM operation: HandshakeAllThreads (Deoptimize) done
Event: 3.378 Executing VM operation: HandshakeAllThreads (Deoptimize)
Event: 3.378 Executing VM operation: HandshakeAllThreads (Deoptimize) done

Memory protections (0 events):
No events

Nmethod flushes (20 events):
Event: 2.433 Thread 0x000001845212c3f0 flushing  nmethod 0x000001843af38408
Event: 2.433 Thread 0x000001845212c3f0 flushing  nmethod 0x000001843af6ba88
Event: 2.433 Thread 0x000001845212c3f0 flushing  nmethod 0x000001843af6d008
Event: 2.433 Thread 0x000001845212c3f0 flushing  nmethod 0x000001843afee688
Event: 2.433 Thread 0x000001845212c3f0 flushing  nmethod 0x000001843afeed08
Event: 2.433 Thread 0x000001845212c3f0 flushing  nmethod 0x000001843b003008
Event: 2.433 Thread 0x000001845212c3f0 flushing  nmethod 0x000001843b015908
Event: 2.433 Thread 0x000001845212c3f0 flushing  nmethod 0x000001843b016008
Event: 2.433 Thread 0x000001845212c3f0 flushing  nmethod 0x000001843b016988
Event: 2.433 Thread 0x000001845212c3f0 flushing  nmethod 0x000001843b017488
Event: 2.433 Thread 0x000001845212c3f0 flushing  nmethod 0x000001843b019a08
Event: 2.433 Thread 0x000001845212c3f0 flushing  nmethod 0x000001843b01bf88
Event: 2.433 Thread 0x000001845212c3f0 flushing  nmethod 0x000001843b028d08
Event: 2.433 Thread 0x000001845212c3f0 flushing  nmethod 0x000001843b02cb88
Event: 2.433 Thread 0x000001845212c3f0 flushing  nmethod 0x000001843b067b08
Event: 2.433 Thread 0x000001845212c3f0 flushing  nmethod 0x000001843b068108
Event: 2.433 Thread 0x000001845212c3f0 flushing  nmethod 0x000001843b068508
Event: 2.433 Thread 0x000001845212c3f0 flushing  nmethod 0x000001843b084e08
Event: 2.433 Thread 0x000001845212c3f0 flushing  nmethod 0x000001843b131388
Event: 2.433 Thread 0x000001845212c3f0 flushing  nmethod 0x000001843b131d88

Events (20 events):
Event: 2.382 Thread 0x0000018499dd78c0 Thread exited: 0x0000018499dd78c0
Event: 2.383 Thread 0x00000184525b3750 Thread exited: 0x00000184525b3750
Event: 2.387 Thread 0x00000184525b1c10 Thread exited: 0x00000184525b1c10
Event: 2.442 Thread 0x000001849adf9ce0 Thread added: 0x000001849adf9650
Event: 2.445 Thread 0x000001849adf9ce0 Thread added: 0x000001849adfb720
Event: 2.447 Thread 0x000001849adf9ce0 Thread added: 0x000001849adfbdb0
Event: 2.470 Thread 0x0000018452159b70 Thread added: 0x0000018499dda1a0
Event: 2.487 Thread 0x00000184525b0e70 Thread added: 0x0000018499dd6b20
Event: 2.489 Thread 0x00000184525b29b0 Thread added: 0x0000018499dda870
Event: 2.624 Thread 0x00000184525b00d0 Thread added: 0x0000018499dd78c0
Event: 2.642 Thread 0x00000184525b29b0 Thread added: 0x0000018499ddb610
Event: 2.890 Thread 0x00000184300e62b0 Thread added: 0x000001849adfc440
Event: 2.891 Thread 0x000001849adfc440 Thread added: 0x000001849adfcad0
Event: 2.893 Thread 0x00000184300e62b0 Thread added: 0x000001849adfd160
Event: 2.933 Thread 0x000001849adf9650 Thread added: 0x000001849adfd7f0
Event: 2.933 Thread 0x000001849adfbdb0 Thread added: 0x000001849adfa370
Event: 2.933 Thread 0x000001849adfb720 Thread added: 0x000001849adfeba0
Event: 2.939 Thread 0x000001849adf9650 Thread added: 0x000001849adfde80
Event: 2.941 Thread 0x000001849adfbdb0 Thread added: 0x000001849adfe510
Event: 2.941 Thread 0x000001849adfb720 Thread added: 0x000001849ae005e0


Dynamic libraries:
0x00007ff7c9b40000 - 0x00007ff7c9b50000 	C:\Program Files\Java\jdk-23\bin\java.exe
0x00007ffa42f40000 - 0x00007ffa431a8000 	C:\WINDOWS\SYSTEM32\ntdll.dll
0x00007ffa42320000 - 0x00007ffa423e9000 	C:\WINDOWS\System32\KERNEL32.DLL
0x00007ffa401c0000 - 0x00007ffa405b8000 	C:\WINDOWS\System32\KERNELBASE.dll
0x00007ffa40b90000 - 0x00007ffa40cdb000 	C:\WINDOWS\System32\ucrtbase.dll
0x00007ffa35e40000 - 0x00007ffa35e57000 	C:\Program Files\Java\jdk-23\bin\jli.dll
0x00007ffa2f6c0000 - 0x00007ffa2f6db000 	C:\Program Files\Java\jdk-23\bin\VCRUNTIME140.dll
0x00007ffa40de0000 - 0x00007ffa40fa7000 	C:\WINDOWS\System32\USER32.dll
0x00007ffa40650000 - 0x00007ffa40677000 	C:\WINDOWS\System32\win32u.dll
0x00007ffa27310000 - 0x00007ffa275a4000 	C:\WINDOWS\WinSxS\amd64_microsoft.windows.common-controls_6595b64144ccf1df_6.0.26100.7019_none_3e06ffa0e335b8a8\COMCTL32.dll
0x00007ffa42c80000 - 0x00007ffa42cab000 	C:\WINDOWS\System32\GDI32.dll
0x00007ffa42bd0000 - 0x00007ffa42c79000 	C:\WINDOWS\System32\msvcrt.dll
0x00007ffa40090000 - 0x00007ffa401bc000 	C:\WINDOWS\System32\gdi32full.dll
0x00007ffa408b0000 - 0x00007ffa40953000 	C:\WINDOWS\System32\msvcp_win.dll
0x00007ffa422e0000 - 0x00007ffa42311000 	C:\WINDOWS\System32\IMM32.DLL
0x00007ffa364b0000 - 0x00007ffa364bc000 	C:\Program Files\Java\jdk-23\bin\vcruntime140_1.dll
0x00007ffa22e50000 - 0x00007ffa22ede000 	C:\Program Files\Java\jdk-23\bin\msvcp140.dll
0x00007ff9a3ee0000 - 0x00007ff9a4c2f000 	C:\Program Files\Java\jdk-23\bin\server\jvm.dll
0x00007ffa413e0000 - 0x00007ffa41494000 	C:\WINDOWS\System32\ADVAPI32.dll
0x00007ffa42880000 - 0x00007ffa42926000 	C:\WINDOWS\System32\sechost.dll
0x00007ffa42de0000 - 0x00007ffa42ef8000 	C:\WINDOWS\System32\RPCRT4.dll
0x00007ffa40d60000 - 0x00007ffa40dd4000 	C:\WINDOWS\System32\WS2_32.dll
0x00007ffa3fef0000 - 0x00007ffa3ff4e000 	C:\WINDOWS\SYSTEM32\POWRPROF.dll
0x00007ffa33f20000 - 0x00007ffa33f2b000 	C:\WINDOWS\SYSTEM32\VERSION.dll
0x00007ffa26050000 - 0x00007ffa26085000 	C:\WINDOWS\SYSTEM32\WINMM.dll
0x00007ffa3fed0000 - 0x00007ffa3fee4000 	C:\WINDOWS\SYSTEM32\UMPDC.dll
0x00007ffa3ee50000 - 0x00007ffa3ee6b000 	C:\WINDOWS\SYSTEM32\kernel.appcore.dll
0x00007ffa35e30000 - 0x00007ffa35e3a000 	C:\Program Files\Java\jdk-23\bin\jimage.dll
0x00007ffa3d7e0000 - 0x00007ffa3da22000 	C:\WINDOWS\SYSTEM32\DBGHELP.DLL
0x00007ffa423f0000 - 0x00007ffa4277b000 	C:\WINDOWS\System32\combase.dll
0x00007ffa41cb0000 - 0x00007ffa41d87000 	C:\WINDOWS\System32\OLEAUT32.dll
0x00007ffa233f0000 - 0x00007ffa2342c000 	C:\WINDOWS\SYSTEM32\dbgcore.DLL
0x00007ffa40680000 - 0x00007ffa40725000 	C:\WINDOWS\System32\bcryptPrimitives.dll
0x00007ffa35db0000 - 0x00007ffa35dbf000 	C:\Program Files\Java\jdk-23\bin\instrument.dll
0x00007ffa2f6a0000 - 0x00007ffa2f6be000 	C:\Program Files\Java\jdk-23\bin\java.dll
0x00007ffa40fc0000 - 0x00007ffa41157000 	C:\WINDOWS\System32\ole32.dll
0x00007ffa41540000 - 0x00007ffa41c91000 	C:\WINDOWS\System32\SHELL32.dll
0x00007ffa40a20000 - 0x00007ffa40b8b000 	C:\WINDOWS\System32\wintypes.dll
0x00007ffa3dcf0000 - 0x00007ffa3e54d000 	C:\WINDOWS\SYSTEM32\windows.storage.dll
0x00007ffa42780000 - 0x00007ffa42872000 	C:\WINDOWS\System32\SHCORE.dll
0x00007ffa42d70000 - 0x00007ffa42dd7000 	C:\WINDOWS\System32\shlwapi.dll
0x00007ffa3ffb0000 - 0x00007ffa3ffd9000 	C:\WINDOWS\SYSTEM32\profapi.dll
0x00007ffa0d750000 - 0x00007ffa0d827000 	C:\Program Files\Java\jdk-23\bin\jsvml.dll
0x00007ffa2f5a0000 - 0x00007ffa2f5b7000 	C:\Program Files\Java\jdk-23\bin\zip.dll
0x00007ffa2f690000 - 0x00007ffa2f6a0000 	C:\Program Files\Java\jdk-23\bin\net.dll
0x00007ffa3f3c0000 - 0x00007ffa3f42b000 	C:\WINDOWS\system32\mswsock.dll
0x00007ffa2f5c0000 - 0x00007ffa2f5d6000 	C:\Program Files\Java\jdk-23\bin\nio.dll
0x00007ffa2f540000 - 0x00007ffa2f55a000 	D:\IntelliJ IDEA Community Edition 2024.3.2\bin\breakgen64.dll
0x00007ffa2f530000 - 0x00007ffa2f539000 	C:\Program Files\Java\jdk-23\bin\extnet.dll
0x00007ffa2f1c0000 - 0x00007ffa2f1d0000 	C:\Program Files\Java\jdk-23\bin\verify.dll
0x00007ffa2f590000 - 0x00007ffa2f59e000 	C:\Program Files\Java\jdk-23\bin\sunmscapi.dll
0x00007ffa40730000 - 0x00007ffa408a7000 	C:\WINDOWS\System32\CRYPT32.dll
0x00007ffa3f8a0000 - 0x00007ffa3f8d0000 	C:\WINDOWS\SYSTEM32\ncrypt.dll
0x00007ffa3f850000 - 0x00007ffa3f88f000 	C:\WINDOWS\SYSTEM32\NTASN1.dll
0x00007ffa3f680000 - 0x00007ffa3f69b000 	C:\WINDOWS\SYSTEM32\CRYPTSP.dll
0x00007ffa3edb0000 - 0x00007ffa3edea000 	C:\WINDOWS\system32\rsaenh.dll
0x00007ffa3f470000 - 0x00007ffa3f49b000 	C:\WINDOWS\SYSTEM32\USERENV.dll
0x00007ffa3ff80000 - 0x00007ffa3ffaa000 	C:\WINDOWS\SYSTEM32\bcrypt.dll
0x00007ffa3f6a0000 - 0x00007ffa3f6ac000 	C:\WINDOWS\SYSTEM32\CRYPTBASE.dll
0x00007ffa3e8b0000 - 0x00007ffa3e8e4000 	C:\WINDOWS\SYSTEM32\IPHLPAPI.DLL
0x00007ffa40fb0000 - 0x00007ffa40fba000 	C:\WINDOWS\System32\NSI.dll
0x00007ffa2f360000 - 0x00007ffa2f36a000 	C:\Program Files\Java\jdk-23\bin\management.dll
0x00007ffa2f350000 - 0x00007ffa2f35b000 	C:\Program Files\Java\jdk-23\bin\management_ext.dll
0x00007ffa42930000 - 0x00007ffa42938000 	C:\WINDOWS\System32\PSAPI.DLL
0x00007ffa2fbd0000 - 0x00007ffa2fbee000 	C:\WINDOWS\SYSTEM32\dhcpcsvc6.DLL
0x00007ffa2fba0000 - 0x00007ffa2fbc3000 	C:\WINDOWS\SYSTEM32\dhcpcsvc.DLL
0x00007ffa3e950000 - 0x00007ffa3ea7c000 	C:\WINDOWS\SYSTEM32\DNSAPI.dll
0x00007ff9b2db0000 - 0x00007ff9b2db8000 	C:\WINDOWS\system32\wshunix.dll
0x00007ffa34170000 - 0x00007ffa3417b000 	C:\Windows\System32\rasadhlp.dll
0x00007ffa2eee0000 - 0x00007ffa2ef66000 	C:\WINDOWS\System32\fwpuclnt.dll

dbghelp: loaded successfully - version: 4.0.5 - missing functions: none
symbol engine: initialized successfully - sym options: 0x614 - pdb path: .;C:\Program Files\Java\jdk-23\bin;C:\WINDOWS\SYSTEM32;C:\WINDOWS\WinSxS\amd64_microsoft.windows.common-controls_6595b64144ccf1df_6.0.26100.7019_none_3e06ffa0e335b8a8;C:\Program Files\Java\jdk-23\bin\server;D:\IntelliJ IDEA Community Edition 2024.3.2\bin

VM Arguments:
jvm_args: -javaagent:D:\IntelliJ IDEA Community Edition 2024.3.2\lib\idea_rt.jar=64363:D:\IntelliJ IDEA Community Edition 2024.3.2\bin -Dfile.encoding=UTF-8 -Dsun.stdout.encoding=UTF-8 -Dsun.stderr.encoding=UTF-8 
java_command: com.coladz2812.trello_api.TrelloApiApplication
java_class_path (initial): D:\GitHub_Project\Trello-Clone\backend\trello-api\target\classes;C:\Users\QUan\.m2\repository\org\springframework\boot\spring-boot-starter-web\3.5.0\spring-boot-starter-web-3.5.0.jar;C:\Users\QUan\.m2\repository\org\springframework\boot\spring-boot-starter\3.5.0\spring-boot-starter-3.5.0.jar;C:\Users\QUan\.m2\repository\org\springframework\boot\spring-boot\3.5.0\spring-boot-3.5.0.jar;C:\Users\QUan\.m2\repository\org\springframework\boot\spring-boot-autoconfigure\3.5.0\spring-boot-autoconfigure-3.5.0.jar;C:\Users\QUan\.m2\repository\org\springframework\boot\spring-boot-starter-logging\3.5.0\spring-boot-starter-logging-3.5.0.jar;C:\Users\QUan\.m2\repository\ch\qos\logback\logback-classic\1.5.18\logback-classic-1.5.18.jar;C:\Users\QUan\.m2\repository\ch\qos\logback\logback-core\1.5.18\logback-core-1.5.18.jar;C:\Users\QUan\.m2\repository\org\apache\logging\log4j\log4j-to-slf4j\2.24.3\log4j-to-slf4j-2.24.3.jar;C:\Users\QUan\.m2\repository\org\apache\logging\log4j\log4j-api\2.24.3\log4j-api-2.24.3.jar;C:\Users\QUan\.m2\repository\org\slf4j\jul-to-slf4j\2.0.17\jul-to-slf4j-2.0.17.jar;C:\Users\QUan\.m2\repository\jakarta\annotation\jakarta.annotation-api\2.1.1\jakarta.annotation-api-2.1.1.jar;C:\Users\QUan\.m2\repository\org\yaml\snakeyaml\2.4\snakeyaml-2.4.jar;C:\Users\QUan\.m2\repository\org\springframework\boot\spring-boot-starter-json\3.5.0\spring-boot-starter-json-3.5.0.jar;C:\Users\QUan\.m2\repository\com\fasterxml\jackson\core\jackson-databind\2.19.0\jackson-databind-2.19.0.jar;C:\Users\QUan\.m2\repository\com\fasterxml\jackson\core\jackson-annotations\2.19.0\jackson-annotations-2.19.0.jar;C:\Users\QUan\.m2\repository\com\fasterxml\jackson\core\jackson-core\2.19.0\jackson-core-2.19.0.jar;C:\Users\QUan\.m2\repository\com\fasterxml\jackson\datatype\jackson-datatype-jdk8\2.19.0\jackson-datatype-jdk8-2.19.0.jar;C:\Users\QUan\.m2\repository\com\fasterxml\jackson\datatype\jackson-datatype-jsr310\2.19.0\jackson-datatype-jsr310-2.19.0.jar;C:\Users\QUan\.m2\repository\com\fasterxml\jackson\module\jackson-module-parameter-names\2.19.0\jackson-module-parameter-names-2.19.0.jar;C:\Users\QUan\.m2\repository\org\springframework\boot\spring-boot-starter-tomcat\3.5.0\spring-boot-starter-tomcat-3.5.0.jar;C:\Users\QUan\.m2\repository\org\apache\tomcat\embed\tomcat-embed-core\10.1.41\tomcat-embed-core-10.1.41.jar;C:\Users\QUan\.m2\repository\org\apache\tomcat\embed\tomcat-embed-websocket\10.1.41\tomcat-embed-websocket-10.1.41.jar;C:\Users\QUan\.m2\repository\org\springframework\spring-web\6.2.7\spring-web-6.2.7.jar;C:\Users\QUan\.m2\repository\org\springframework\spring-beans\6.2.7\spring-beans-6.2.7.jar;C:\Users\QUan\.m2\repository\io\micrometer\micrometer-observation\1.15.0\micrometer-observation-1.15.0.jar;C:\Users\QUan\.m2\repository\io\micrometer\micrometer-commons\1.15.0\micrometer-commons-1.15.0.jar;C:\Users\QUan\.m2\repository\org\springframework\spring-webmvc\6.2.7\spring-webmvc-6.2.7.jar;C:\Users\QUan\.m2\repository\org\springframework\spring-aop\6.2.7\spring-aop-6.2.7.jar;C:\Users\QUan\.m2\repository\org\springframework\spring-context\6.2.7\spring-context-6.2.7.jar;C:\Users\QUan\.m2\repository\org\springframework\spring-expression\6.2.7\spring-expression-6.2.7.jar;C:\Users\QUan\.m2\repository\org\slf4j\slf4j-api\2.0.17\slf4j-api-2.0.17.jar;C:\Users\QUan\.m2\repository\jakarta\activation\jakarta.activation-api\2.1.3\jakarta.activation-api-2.1.3.jar;C:\Users\QUan\.m2\repository\org\springframework\spring-core\6.2.7\spring-core-6.2.7.jar;C:\Users\QUan\.m2\repository\org\springframework\boot\spring-boot-starter-data-mongodb\3.5.0\spring-boot-starter-data-mongodb-3.5.0.jar;C:\Users\QUan\.m2\repository\org\mongodb\mongodb-driver-sync\5.4.0\mongodb-driver-sync-5.4.0.jar;C:\Users\QUan\.m2\repository\org\mongodb\bson\5.4.0\bson-5.4.0.jar;C:\Users\QUan\.m2\repository\org\mongodb\mongodb-driver-core\5.4.0\mongodb-driver-core-5.4.0.jar;C:\Users\QUan\.m2\repository\org\mongodb\bson-record-codec\5.4.0\bson-record-codec-5.4.0.jar;C:\Users\QUan\.m2\repository\org\springframework\data\spring-data-mongodb\4.5.0\spring-data-mongodb-4.5.0.jar;C:\Users\QUan\.m2\repository\org\springframework\spring-tx\6.2.7\spring-tx-6.2.7.jar;C:\Users\QUan\.m2\repository\org\springframework\data\spring-data-commons\3.5.0\spring-data-commons-3.5.0.jar;C:\Users\QUan\.m2\repository\org\springframework\boot\spring-boot-starter-validation\3.5.0\spring-boot-starter-validation-3.5.0.jar;C:\Users\QUan\.m2\repository\org\apache\tomcat\embed\tomcat-embed-el\10.1.41\tomcat-embed-el-10.1.41.jar;C:\Users\QUan\.m2\repository\org\hibernate\validator\hibernate-validator\8.0.2.Final\hibernate-validator-8.0.2.Final.jar;C:\Users\QUan\.m2\repository\jakarta\validation\jakarta.validation-api\3.0.2\jakarta.validation-api-3.0.2.jar;C:\Users\QUan\.m2\repository\org\jboss\logging\jboss-logging\3.6.1.Final\jboss-logging-3.6.1.Final.jar;C:\Users\QUan\.m2\repository\com\fasterxml\classmate\1.7.0\classmate-1.7.0.jar;C:\Users\QUan\.m2\repository\org\mapstruct\mapstruct\1.6.3\mapstruct-1.6.3.jar;C:\Users\QUan\.m2\repository\com\github\slugify\slugify\3.0.7\slugify-3.0.7.jar;C:\Users\QUan\.m2\repository\org\springframework\security\spring-security-crypto\6.5.0\spring-security-crypto-6.5.0.jar;C:\Users\QUan\.m2\repository\com\brevo\brevo\1.1.0\brevo-1.1.0.jar;C:\Users\QUan\.m2\repository\io\swagger\swagger-annotations\1.5.18\swagger-annotations-1.5.18.jar;C:\Users\QUan\.m2\repository\com\squareup\okhttp3\okhttp\4.10.0\okhttp-4.10.0.jar;C:\Users\QUan\.m2\repository\com\squareup\okio\okio-jvm\3.0.0\okio-jvm-3.0.0.jar;C:\Users\QUan\.m2\repository\org\jetbrains\kotlin\kotlin-stdlib-common\1.9.25\kotlin-stdlib-common-1.9.25.jar;C:\Users\QUan\.m2\repository\org\jetbrains\kotlin\kotlin-stdlib\1.9.25\kotlin-stdlib-1.9.25.jar;C:\Users\QUan\.m2\repository\org\jetbrains\annotations\13.0\annotations-13.0.jar;C:\Users\QUan\.m2\repository\com\squareup\okio\okio\3.9.0\okio-3.9.0.jar;C:\Users\QUan\.m2\repository\com\squareup\okhttp3\logging-interceptor\4.10.0\logging-interceptor-4.10.0.jar;C:\Users\QUan\.m2\repository\org\jetbrains\kotlin\kotlin-stdlib-jdk8\1.9.25\kotlin-stdlib-jdk8-1.9.25.jar;C:\Users\QUan\.m2\repository\org\jetbrains\kotlin\kotlin-stdlib-jdk7\1.9.25\kotlin-stdlib-jdk7-1.9.25.jar;C:\Users\QUan\.m2\repository\com\google\code\gson\gson\2.13.1\gson-2.13.1.jar;C:\Users\QUan\.m2\repository\com\google\errorprone\error_prone_annotations\2.38.0\error_prone_annotations-2.38.0.jar;C:\Users\QUan\.m2\repository\io\gsonfire\gson-fire\1.8.2\gson-fire-1.8.2.jar;C:\Users\QUan\.m2\repository\org\threeten\threetenbp\1.3.5\threetenbp-1.3.5.jar;C:\Users\QUan\.m2\repository\org\apache\commons\commons-lang3\3.17.0\commons-lang3-3.17.0.jar;C:\Users\QUan\.m2\repository\org\apache\maven\plugins\maven-gpg-plugin\3.1.0\maven-gpg-plugin-3.1.0.jar;C:\Users\QUan\.m2\repository\org\apache\maven\shared\maven-artifact-transfer\0.13.1\maven-artifact-transfer-0.13.1.jar;C:\Users\QUan\.m2\repository\org\apache\maven\maven-core\3.0\maven-core-3.0.jar;C:\Users\QUan\.m2\repository\org\apache\maven\maven-model\3.0\maven-model-3.0.jar;C:\Users\QUan\.m2\repository\org\apache\maven\maven-settings\3.0\maven-settings-3.0.jar;C:\Users\QUan\.m2\repository\org\apache\maven\maven-settings-builder\3.0\maven-settings-builder-3.0.jar;C:\Users\QUan\.m2\repository\org\apache\maven\maven-repository-metadata\3.0\maven-repository-metadata-3.0.jar;C:\Users\QUan\.m2\repository\org\apache\maven\maven-plugin-api\3.0\maven-plugin-api-3.0.jar;C:\Users\QUan\.m2\repository\org\apache\maven\maven-model-builder\3.0\maven-model-builder-3.0.jar;C:\Users\QUan\.m2\repository\org\apache\maven\maven-aether-provider\3.0\maven-aether-provider-3.0.jar;C:\Users\QUan\.m2\repository\org\sonatype\aether\aether-impl\1.7\aether-impl-1.7.jar;C:\Users\QUan\.m2\repository\org\sonatype\aether\aether-spi\1.7\aether-spi-1.7.jar;C:\Users\QUan\.m2\repository\org\sonatype\aether\aether-api\1.7\aether-api-1.7.jar;C:\Users\QUan\.m2\repository\org\sonatype\aether\aether-util\1.7\aether-util-1.7.jar;C:\Users\QUan\.m2\repository\org\sonatype\sisu\sisu-inject-plexus\1.4.2\sisu-inject-plexus-1.4.2.jar;C:\Users\QUan\.m2\repository\org\sonatype\sisu\sisu-inject-bean\1.4.2\sisu-inject-bean-1.4.2.jar;C:\Users\QUan\.m2\repository\org\sonatype\sisu\sisu-guice\2.1.7\sisu-guice-2.1.7-noaop.jar;C:\Users\QUan\.m2\repository\org\codehaus\plexus\plexus-interpolation\1.14\plexus-interpolation-1.14.jar;C:\Users\QUan\.m2\repository\org\codehaus\plexus\plexus-classworlds\2.2.3\plexus-classworlds-2.2.3.jar;C:\Users\QUan\.m2\repository\org\apache\maven\maven-artifact\3.0\maven-artifact-3.0.jar;C:\Users\QUan\.m2\repository\org\codehaus\plexus\plexus-component-annotations\2.0.0\plexus-component-annotations-2.0.0.jar;C:\Users\QUan\.m2\repository\org\apache\maven\shared\maven-common-artifact-filters\3.1.0\maven-common-artifact-filters-3.1.0.jar;C:\Users\QUan\.m2\repository\org\apache\maven\shared\maven-shared-utils\3.1.0\maven-shared-utils-3.1.0.jar;C:\Users\QUan\.m2\repository\org\codehaus\plexus\plexus-utils\3.4.2\plexus-utils-3.4.2.jar;C:\Users\QUan\.m2\repository\org\sonatype\plexus\plexus-sec-dispatcher\1.4\plexus-sec-dispatcher-1.4.jar;C:\Users\QUan\.m2\repository\org\sonatype\plexus\plexus-cipher\1.4\plexus-cipher-1.4.jar;C:\Users\QUan\.m2\repository\javax\annotation\javax.annotation-api\1.3.2\javax.annotation-api-1.3.2.jar;C:\Users\QUan\.m2\repository\org\springframework\boot\spring-boot-starter-mail\3.5.0\spring-boot-starter-mail-3.5.0.jar;C:\Users\QUan\.m2\repository\org\springframework\spring-context-support\6.2.7\spring-context-support-6.2.7.jar;C:\Users\QUan\.m2\repository\org\eclipse\angus\jakarta.mail\2.0.3\jakarta.mail-2.0.3.jar;C:\Users\QUan\.m2\repository\org\eclipse\angus\angus-activation\2.0.2\angus-activation-2.0.2.jar;C:\Users\QUan\.m2\repository\org\springframework\session\spring-session-core\3.5.0\spring-session-core-3.5.0.jar;C:\Users\QUan\.m2\repository\org\springframework\spring-jcl\6.2.7\spring-jcl-6.2.7.jar;C:\Users\QUan\.m2\repository\org\springframework\boot\spring-boot-starter-oauth2-resource-server\3.5.0\spring-boot-starter-oauth2-resource-server-3.5.0.jar;C:\Users\QUan\.m2\repository\org\springframework\security\spring-security-config\6.5.0\spring-security-config-6.5.0.jar;C:\Users\QUan\.m2\repository\org\springframework\security\spring-security-core\6.5.0\spring-security-core-6.5.0.jar;C:\Users\QUan\.m2\repository\org\springframework\security\spring-security-oauth2-resource-server\6.5.0\spring-security-oauth2-resource-server-6.5.0.jar;C:\Users\QUan\.m2\repository\org\springframework\security\spring-security-oauth2-core\6.5.0\spring-security-oauth2-core-6.5.0.jar;C:\Users\QUan\.m2\repository\org\springframework\security\spring-security-web\6.5.0\spring-security-web-6.5.0.jar;C:\Users\QUan\.m2\repository\org\springframework\security\spring-security-oauth2-jose\6.5.0\spring-security-oauth2-jose-6.5.0.jar;C:\Users\QUan\.m2\repository\com\nimbusds\nimbus-jose-jwt\9.37.3\nimbus-jose-jwt-9.37.3.jar;C:\Users\QUan\.m2\repository\com\github\stephenc\jcip\jcip-annotations\1.0-1\jcip-annotations-1.0-1.jar;C:\Users\QUan\.m2\repository\com\cloudinary\cloudinary-http44\1.39.0\cloudinary-http44-1.39.0.jar;C:\Users\QUan\.m2\repository\com\cloudinary\cloudinary-core\1.39.0\cloudinary-core-1.39.0.jar;C:\Users\QUan\.m2\repository\org\apache\httpcomponents\httpclient\4.4\httpclient-4.4.jar;C:\Users\QUan\.m2\repository\org\apache\httpcomponents\httpcore\4.4.16\httpcore-4.4.16.jar;C:\Users\QUan\.m2\repository\commons-logging\commons-logging\1.2\commons-logging-1.2.jar;C:\Users\QUan\.m2\repository\commons-codec\commons-codec\1.18.0\commons-codec-1.18.0.jar;C:\Users\QUan\.m2\repository\org\apache\httpcomponents\httpmime\4.4\httpmime-4.4.jar;C:\Users\QUan\.m2\repository\commons-io\commons-io\2.19.0\commons-io-2.19.0.jar;C:\Users\QUan\.m2\repository\org\springframework\boot\spring-boot-starter-websocket\3.5.0\spring-boot-starter-websocket-3.5.0.jar;C:\Users\QUan\.m2\repository\org\springframework\spring-messaging\6.2.7\spring-messaging-6.2.7.jar;C:\Users\QUan\.m2\repository\org\springframework\spring-websocket\6.2.7\spring-websocket-6.2.7.jar
Launcher Type: SUN_STANDARD

[Global flags]
     intx CICompilerCount                          = 12                                        {product} {ergonomic}
     uint ConcGCThreads                            = 3                                         {product} {ergonomic}
     uint G1ConcRefinementThreads                  = 13                                        {product} {ergonomic}
   size_t G1HeapRegionSize                         = 2097152                                   {product} {ergonomic}
   size_t InitialHeapSize                          = 266338304                                 {product} {ergonomic}
   size_t MarkStackSize                            = 4194304                                   {product} {ergonomic}
   size_t MarkStackSizeMax                         = 536870912                                 {product} {ergonomic}
   size_t MaxHeapSize                              = 4238344192                                {product} {ergonomic}
   size_t MaxNewSize                               = 2541748224                                {product} {ergonomic}
   size_t MinHeapDeltaBytes                        = 2097152                                   {product} {ergonomic}
   size_t MinHeapSize                              = 8388608                                   {product} {ergonomic}
    uintx NonNMethodCodeHeapSize                   = 7602176                                {pd product} {ergonomic}
    uintx NonProfiledCodeHeapSize                  = 122093568                              {pd product} {ergonomic}
    uintx ProfiledCodeHeapSize                     = 121962496                              {pd product} {ergonomic}
    uintx ReservedCodeCacheSize                    = 251658240                              {pd product} {ergonomic}
     bool SegmentedCodeCache                       = true                                      {product} {ergonomic}
   size_t SoftMaxHeapSize                          = 4238344192                             {manageable} {ergonomic}
     bool UseCompressedOops                        = true                           {product lp64_product} {ergonomic}
     bool UseG1GC                                  = true                                      {product} {ergonomic}
     bool UseLargePagesIndividualAllocation        = false                                  {pd product} {ergonomic}

Logging:
Log output configuration:
 #0: stdout all=warning uptime,level,tags foldmultilines=false
 #1: stderr all=off uptime,level,tags foldmultilines=false

Environment Variables:
JAVA_HOME=C:\Program Files\Java\jdk-23
PATH=C:\Program Files (x86)\Common Files\Intel\Shared Libraries\redist\intel64\compiler;C:\Program Files (x86)\VMware\VMware Workstation\bin\;C:\Program Files\Microsoft MPI\Bin\;C:\Program Files\Common Files\Oracle\Java\javapath;C:\Windows\system32;C:\Windows;C:\Windows\System32\Wbem;C:\Windows\System32\WindowsPowerShell\v1.0\;C:\Windows\System32\OpenSSH\;C:\Program Files (x86)\NVIDIA Corporation\PhysX\Common;C:\WINDOWS\system32;C:\WINDOWS;C:\WINDOWS\System32\Wbem;C:\WINDOWS\System32\WindowsPowerShell\v1.0\;C:\WINDOWS\System32\OpenSSH\;C:\Program Files (x86)\Microsoft SQL Server\160\Tools\Binn\;C:\Program Files\Microsoft SQL Server\160\Tools\Binn\;C:\Program Files\Microsoft SQL Server\Client SDK\ODBC\170\Tools\Binn\;C:\Program Files\Microsoft SQL Server\160\DTS\Binn\;C:\msys64\ucrt64\bin;C:\Program Files\Java\jdk-23\bin;C:\Program Files\Docker\Docker\resources\bin;C:\WINDOWS\system32;C:\WINDOWS;C:\WINDOWS\System32\Wbem;C:\WINDOWS\System32\WindowsPowerShell\v1.0\;C:\WINDOWS\System32\OpenSSH\;C:\apache-maven-3.9.6\bin;C:\Program Files\nodejs\;D:\Git\cmd;C:\Program Files\dotnet\;C:\Program Files\Cloudflare\Cloudflare WARP\;C:\Program Files\MySQL\MySQL Shell 8.0\bin\;C:\Users\QUan\AppData\Local\Programs\Eclipse Adoptium\jdk-17.0.6.10-hotspot\bin;C:\Users\QUan\AppData\Local\Microsoft\WindowsApps;D:\Microsoft VS Code\bin;C:\Program Files\Azure Data Studio\bin;D:\python\PyCharm 2024.2.3\bin;;D:\server NSO\AppServ\Apache24\bin;D:\server NSO\AppServ\php5;D:\server NSO\AppServ\MySQL\bin;C:\Users\QUan\AppData\Roaming\npm;C:\ProgramData\QUan\GitHubDesktop\bin;C:\Users\QUan\AppData\Local\GitHubDesktop\bin;C:\Users\QUan\.dotnet\tools;
USERNAME=QUan
OS=Windows_NT
PROCESSOR_IDENTIFIER=Intel64 Family 6 Model 141 Stepping 1, GenuineIntel
TMP=C:\Users\QUan\AppData\Local\Temp
TEMP=C:\Users\QUan\AppData\Local\Temp




Periodic native trim disabled

---------------  S Y S T E M  ---------------

OS:
 Windows 11 , 64 bit Build 26100 (10.0.26100.7019)
OS uptime: 4 days 17:32 hours

CPU: total 16 (initial active 16) (8 cores per cpu, 2 threads per core) family 6 model 141 stepping 1 microcode 0x3c, cx8, cmov, fxsr, ht, mmx, 3dnowpref, sse, sse2, sse3, ssse3, sse4.1, sse4.2, popcnt, lzcnt, tsc, tscinvbit, avx, avx2, aes, erms, clmul, bmi1, bmi2, adx, avx512f, avx512dq, avx512cd, avx512bw, avx512vl, sha, fma, vzeroupper, avx512_vpopcntdq, avx512_vpclmulqdq, avx512_vaes, avx512_vnni, clflush, clflushopt, clwb, avx512_vbmi2, avx512_vbmi, rdtscp, rdpid, fsrm, gfni, avx512_bitalg, f16c, pku, cet_ibt, cet_ss, avx512_ifma
Processor Information for the first 16 processors :
  Max Mhz: 2304, Current Mhz: 2304, Mhz Limit: 2304

Memory: 4k page, system-wide physical 16163M (2127M free)
TotalPageFile size 25521M (AvailPageFile size 6M)
current process WorkingSet (physical memory assigned to process): 325M, peak: 328M
current process commit charge ("private bytes"): 376M, peak: 459M

vm_info: Java HotSpot(TM) 64-Bit Server VM (23.0.1+11-39) for windows-amd64 JRE (23.0.1+11-39), built on 2024-09-30T07:20:43Z with MS VC++ 17.6 (VS2022)

END.
