#
# There is insufficient memory for the Java Runtime Environment to continue.
# Native memory allocation (malloc) failed to allocate 761616 bytes. Error detail: Chunk::new
# Possible reasons:
#   The system is out of physical RAM or swap space
#   This process is running with CompressedOops enabled, and the Java Heap may be blocking the growth of the native heap
# Possible solutions:
#   Reduce memory load on the system
#   Increase physical memory or swap space
#   Check if swap backing store is full
#   Decrease Java heap size (-Xmx/-Xms)
#   Decrease number of Java threads
#   Decrease Java thread stack sizes (-Xss)
#   Set larger code cache with -XX:ReservedCodeCacheSize=
#   JVM is running with Zero Based Compressed Oops mode in which the Java heap is
#     placed in the first 32GB address space. The Java Heap base address is the
#     maximum limit for the native heap growth. Please use -XX:HeapBaseMinAddress
#     to set the Java Heap base and to place the Java Heap above 32GB virtual address.
# This output file may be truncated or incomplete.
#
#  Out of Memory Error (arena.cpp:149), pid=6456, tid=2216
#
# JRE version: Java(TM) SE Runtime Environment (23.0.1+11) (build 23.0.1+11-39)
# Java VM: Java HotSpot(TM) 64-Bit Server VM (23.0.1+11-39, mixed mode, sharing, tiered, compressed oops, compressed class ptrs, g1 gc, windows-amd64)
# No core dump will be written. Minidumps are not enabled by default on client versions of Windows
#

---------------  S U M M A R Y ------------

Command Line: -javaagent:D:\IntelliJ IDEA Community Edition 2024.3.2\lib\idea_rt.jar=63722:D:\IntelliJ IDEA Community Edition 2024.3.2\bin -Dfile.encoding=UTF-8 -Dsun.stdout.encoding=UTF-8 -Dsun.stderr.encoding=UTF-8 com.coladz2812.trello_api.TrelloApiApplication

Host: 11th Gen Intel(R) Core(TM) i7-11800H @ 2.30GHz, 16 cores, 15G,  Windows 11 , 64 bit Build 26100 (10.0.26100.7019)
Time: Thu Nov 20 17:21:54 2025 SE Asia Standard Time elapsed time: 2745.710260 seconds (0d 0h 45m 45s)

---------------  T H R E A D  ---------------

Current thread (0x00000167c6a18170):  JavaThread "C2 CompilerThread0" daemon [_thread_in_native, id=2216, stack(0x0000000c90d00000,0x0000000c90e00000) (1024K)]


Current CompileTask:
C2:2745710 13188   !   4       sun.security.ssl.SSLCipher$T13GcmReadCipherGenerator$GcmReadCipher::decrypt (555 bytes)

Stack: [0x0000000c90d00000,0x0000000c90e00000]
Native frames: (J=compiled Java code, j=interpreted, Vv=VM code, C=native code)
V  [jvm.dll+0x6e08b9]  (no source info available)
V  [jvm.dll+0x87dc83]  (no source info available)
V  [jvm.dll+0x88010e]  (no source info available)
V  [jvm.dll+0x8807e3]  (no source info available)
V  [jvm.dll+0x27aee6]  (no source info available)
V  [jvm.dll+0xbc06f]  (no source info available)
V  [jvm.dll+0xbc2cb]  (no source info available)
V  [jvm.dll+0x2ee94d]  (no source info available)
V  [jvm.dll+0x6063d9]  (no source info available)
V  [jvm.dll+0x24ddf2]  (no source info available)
V  [jvm.dll+0x24e1d5]  (no source info available)
V  [jvm.dll+0x246b54]  (no source info available)
V  [jvm.dll+0x243d04]  (no source info available)
V  [jvm.dll+0x1c33a0]  (no source info available)
V  [jvm.dll+0x253cf1]  (no source info available)
V  [jvm.dll+0x251faa]  (no source info available)
V  [jvm.dll+0x3ee036]  (no source info available)
V  [jvm.dll+0x824f8b]  (no source info available)
V  [jvm.dll+0x6df065]  (no source info available)
C  [ucrtbase.dll+0x37b0]  (no source info available)
C  [KERNEL32.DLL+0x2e8d7]  (no source info available)
C  [ntdll.dll+0x8c53c]  (no source info available)

Lock stack of current Java thread (top to bottom):


---------------  P R O C E S S  ---------------

Threads class SMR info:
_java_thread_list=0x000001680ced58a0, length=57, elements={
0x00000167c69fb610, 0x00000167c69fede0, 0x00000167c6a03980, 0x00000167c6a054e0,
0x00000167c6a06ba0, 0x00000167c6a087e0, 0x00000167c6a18170, 0x00000167c6a1b7a0,
0x000001680c10cab0, 0x000001680c45be40, 0x00000168103cd910, 0x00000168103ce630,
0x00000168103d0070, 0x00000168103cf350, 0x00000168103cf9e0, 0x00000168103d0700,
0x000001680f938760, 0x000001680f93aec0, 0x000001680f937a40, 0x000001680f9380d0,
0x000001680f938df0, 0x000001680f939480, 0x000001680f93a830, 0x000001680f939b10,
0x0000016810481d20, 0x0000016810483df0, 0x0000016810480970, 0x0000016810482a40,
0x0000016810484480, 0x00000168104830d0, 0x0000016810481000, 0x0000016810486550,
0x0000016810485ec0, 0x0000016810486be0, 0x0000016810484b10, 0x0000016810487270,
0x00000168104851a0, 0x0000016810485830, 0x00000168103cecc0, 0x000001680e65a080,
0x000001680e65ada0, 0x000001680e65b430, 0x000001680e6599f0, 0x000001680e660980,
0x0000016812b9c250, 0x0000016812b9aea0, 0x0000016812b9bbc0, 0x000001680f5cbe50,
0x000001680f5cd200, 0x000001680f5cec40, 0x000001680e554d90, 0x000001680e556140,
0x000001680e554070, 0x000001680e555ab0, 0x000001680e556e60, 0x000001680e5574f0,
0x000001680e557b80
}

Java Threads: ( => current thread )
  0x00000167c69fb610 JavaThread "Reference Handler"          daemon [_thread_blocked, id=26196, stack(0x0000000c90700000,0x0000000c90800000) (1024K)]
  0x00000167c69fede0 JavaThread "Finalizer"                  daemon [_thread_blocked, id=7984, stack(0x0000000c90800000,0x0000000c90900000) (1024K)]
  0x00000167c6a03980 JavaThread "Signal Dispatcher"          daemon [_thread_blocked, id=26696, stack(0x0000000c90900000,0x0000000c90a00000) (1024K)]
  0x00000167c6a054e0 JavaThread "Attach Listener"            daemon [_thread_blocked, id=13340, stack(0x0000000c90a00000,0x0000000c90b00000) (1024K)]
  0x00000167c6a06ba0 JavaThread "Service Thread"             daemon [_thread_blocked, id=27712, stack(0x0000000c90b00000,0x0000000c90c00000) (1024K)]
  0x00000167c6a087e0 JavaThread "Monitor Deflation Thread"   daemon [_thread_blocked, id=9716, stack(0x0000000c90c00000,0x0000000c90d00000) (1024K)]
=>0x00000167c6a18170 JavaThread "C2 CompilerThread0"         daemon [_thread_in_native, id=2216, stack(0x0000000c90d00000,0x0000000c90e00000) (1024K)]
  0x00000167c6a1b7a0 JavaThread "C1 CompilerThread0"         daemon [_thread_blocked, id=10496, stack(0x0000000c90e00000,0x0000000c90f00000) (1024K)]
  0x000001680c10cab0 JavaThread "Common-Cleaner"             daemon [_thread_blocked, id=10204, stack(0x0000000c90f00000,0x0000000c91000000) (1024K)]
  0x000001680c45be40 JavaThread "Notification Thread"        daemon [_thread_blocked, id=19724, stack(0x0000000c91400000,0x0000000c91500000) (1024K)]
  0x00000168103cd910 JavaThread "Jndi-Dns-address-change-listener" daemon [_thread_in_native, id=16368, stack(0x0000000c92900000,0x0000000c92a00000) (1024K)]
  0x00000168103ce630 JavaThread "BufferPoolPruner-1-thread-1" daemon [_thread_blocked, id=10740, stack(0x0000000c92a00000,0x0000000c92b00000) (1024K)]
  0x00000168103d0070 JavaThread "cluster-ClusterId{value='691ee10b6c3fca512a25e312', description='CoLa'}-ac-7pyoxlf-shard-00-01.parrxmg.mongodb.net:27017" daemon [_thread_in_native, id=1560, stack(0x0000000c92700000,0x0000000c92800000) (1024K)]
  0x00000168103cf350 JavaThread "cluster-ClusterId{value='691ee10b6c3fca512a25e312', description='CoLa'}-ac-7pyoxlf-shard-00-00.parrxmg.mongodb.net:27017" daemon [_thread_in_native, id=14600, stack(0x0000000c92800000,0x0000000c92900000) (1024K)]
  0x00000168103cf9e0 JavaThread "cluster-ClusterId{value='691ee10b6c3fca512a25e312', description='CoLa'}-ac-7pyoxlf-shard-00-02.parrxmg.mongodb.net:27017" daemon [_thread_in_native, id=16056, stack(0x0000000c92c00000,0x0000000c92d00000) (1024K)]
  0x00000168103d0700 JavaThread "cluster-rtt-ClusterId{value='691ee10b6c3fca512a25e312', description='CoLa'}-ac-7pyoxlf-shard-00-01.parrxmg.mongodb.net:27017" daemon [_thread_blocked, id=15372, stack(0x0000000c93100000,0x0000000c93200000) (1024K)]
  0x000001680f938760 JavaThread "cluster-rtt-ClusterId{value='691ee10b6c3fca512a25e312', description='CoLa'}-ac-7pyoxlf-shard-00-00.parrxmg.mongodb.net:27017" daemon [_thread_blocked, id=20884, stack(0x0000000c93200000,0x0000000c93300000) (1024K)]
  0x000001680f93aec0 JavaThread "cluster-rtt-ClusterId{value='691ee10b6c3fca512a25e312', description='CoLa'}-ac-7pyoxlf-shard-00-02.parrxmg.mongodb.net:27017" daemon [_thread_blocked, id=18816, stack(0x0000000c93300000,0x0000000c93400000) (1024K)]
  0x000001680f937a40 JavaThread "MaintenanceTimer-2-thread-1" daemon [_thread_blocked, id=980, stack(0x0000000c93400000,0x0000000c93500000) (1024K)]
  0x000001680f9380d0 JavaThread "MaintenanceTimer-3-thread-1" daemon [_thread_blocked, id=10488, stack(0x0000000c93500000,0x0000000c93600000) (1024K)]
  0x000001680f938df0 JavaThread "MaintenanceTimer-4-thread-1" daemon [_thread_blocked, id=468, stack(0x0000000c93600000,0x0000000c93700000) (1024K)]
  0x000001680f939480 JavaThread "Catalina-utility-1"                [_thread_blocked, id=13300, stack(0x0000000c93700000,0x0000000c93800000) (1024K)]
  0x000001680f93a830 JavaThread "Catalina-utility-2"                [_thread_blocked, id=18404, stack(0x0000000c93800000,0x0000000c93900000) (1024K)]
  0x000001680f939b10 JavaThread "container-0"                       [_thread_blocked, id=28128, stack(0x0000000c93900000,0x0000000c93a00000) (1024K)]
  0x0000016810481d20 JavaThread "MessageBroker-1"                   [_thread_blocked, id=24036, stack(0x0000000c93a00000,0x0000000c93b00000) (1024K)]
  0x0000016810483df0 JavaThread "http-nio-8017-exec-1"       daemon [_thread_blocked, id=24688, stack(0x0000000c93b00000,0x0000000c93c00000) (1024K)]
  0x0000016810480970 JavaThread "http-nio-8017-exec-2"       daemon [_thread_blocked, id=15996, stack(0x0000000c93c00000,0x0000000c93d00000) (1024K)]
  0x0000016810482a40 JavaThread "http-nio-8017-exec-3"       daemon [_thread_blocked, id=17900, stack(0x0000000c93d00000,0x0000000c93e00000) (1024K)]
  0x0000016810484480 JavaThread "http-nio-8017-exec-4"       daemon [_thread_blocked, id=18952, stack(0x0000000c93e00000,0x0000000c93f00000) (1024K)]
  0x00000168104830d0 JavaThread "http-nio-8017-exec-5"       daemon [_thread_blocked, id=4908, stack(0x0000000c93f00000,0x0000000c94000000) (1024K)]
  0x0000016810481000 JavaThread "http-nio-8017-exec-6"       daemon [_thread_blocked, id=12540, stack(0x0000000c94000000,0x0000000c94100000) (1024K)]
  0x0000016810486550 JavaThread "http-nio-8017-exec-7"       daemon [_thread_blocked, id=21860, stack(0x0000000c94100000,0x0000000c94200000) (1024K)]
  0x0000016810485ec0 JavaThread "http-nio-8017-exec-8"       daemon [_thread_blocked, id=11828, stack(0x0000000c94200000,0x0000000c94300000) (1024K)]
  0x0000016810486be0 JavaThread "http-nio-8017-exec-9"       daemon [_thread_blocked, id=5800, stack(0x0000000c94300000,0x0000000c94400000) (1024K)]
  0x0000016810484b10 JavaThread "http-nio-8017-exec-10"      daemon [_thread_blocked, id=19020, stack(0x0000000c94400000,0x0000000c94500000) (1024K)]
  0x0000016810487270 JavaThread "http-nio-8017-Poller"       daemon [_thread_in_native, id=10448, stack(0x0000000c94500000,0x0000000c94600000) (1024K)]
  0x00000168104851a0 JavaThread "http-nio-8017-Acceptor"     daemon [_thread_in_native, id=24168, stack(0x0000000c94600000,0x0000000c94700000) (1024K)]
  0x0000016810485830 JavaThread "DestroyJavaVM"                     [_thread_blocked, id=28536, stack(0x0000000c8ff00000,0x0000000c90000000) (1024K)]
  0x00000168103cecc0 JavaThread "MessageBroker-2"                   [_thread_blocked, id=18424, stack(0x0000000c8fe00000,0x0000000c8ff00000) (1024K)]
  0x000001680e65a080 JavaThread "MessageBroker-4"                   [_thread_blocked, id=21492, stack(0x0000000c91200000,0x0000000c91300000) (1024K)]
  0x000001680e65ada0 JavaThread "MessageBroker-3"                   [_thread_blocked, id=21724, stack(0x0000000c91500000,0x0000000c91600000) (1024K)]
  0x000001680e65b430 JavaThread "MessageBroker-5"                   [_thread_blocked, id=15740, stack(0x0000000c91600000,0x0000000c91700000) (1024K)]
  0x000001680e6599f0 JavaThread "MessageBroker-6"                   [_thread_blocked, id=16936, stack(0x0000000c93000000,0x0000000c93100000) (1024K)]
  0x000001680e660980 JavaThread "MessageBroker-7"                   [_thread_blocked, id=18144, stack(0x0000000c94d00000,0x0000000c94e00000) (1024K)]
  0x0000016812b9c250 JavaThread "MessageBroker-8"                   [_thread_blocked, id=24328, stack(0x0000000c8fd00000,0x0000000c8fe00000) (1024K)]
  0x0000016812b9aea0 JavaThread "MessageBroker-9"                   [_thread_blocked, id=18044, stack(0x0000000c91000000,0x0000000c91100000) (1024K)]
  0x0000016812b9bbc0 JavaThread "MessageBroker-10"                  [_thread_blocked, id=14024, stack(0x0000000c95200000,0x0000000c95300000) (1024K)]
  0x000001680f5cbe50 JavaThread "MessageBroker-11"                  [_thread_blocked, id=7048, stack(0x0000000c95800000,0x0000000c95900000) (1024K)]
  0x000001680f5cd200 JavaThread "MessageBroker-12"                  [_thread_blocked, id=22852, stack(0x0000000c95e00000,0x0000000c95f00000) (1024K)]
  0x000001680f5cec40 JavaThread "MessageBroker-13"                  [_thread_blocked, id=16168, stack(0x0000000c96500000,0x0000000c96600000) (1024K)]
  0x000001680e554d90 JavaThread "MessageBroker-14"                  [_thread_blocked, id=23500, stack(0x0000000c96b00000,0x0000000c96c00000) (1024K)]
  0x000001680e556140 JavaThread "MessageBroker-15"                  [_thread_blocked, id=27104, stack(0x0000000c96400000,0x0000000c96500000) (1024K)]
  0x000001680e554070 JavaThread "MessageBroker-16"                  [_thread_blocked, id=17824, stack(0x0000000c95300000,0x0000000c95400000) (1024K)]
  0x000001680e555ab0 JavaThread "clientInboundChannel-272"          [_thread_blocked, id=20728, stack(0x0000000c8fc00000,0x0000000c8fd00000) (1024K)]
  0x000001680e556e60 JavaThread "clientInboundChannel-273"          [_thread_blocked, id=22140, stack(0x0000000c91100000,0x0000000c91200000) (1024K)]
  0x000001680e5574f0 JavaThread "clientInboundChannel-274"          [_thread_blocked, id=6232, stack(0x0000000c91300000,0x0000000c91400000) (1024K)]
  0x000001680e557b80 JavaThread "clientOutboundChannel-66"          [_thread_blocked, id=4760, stack(0x0000000c91c00000,0x0000000c91d00000) (1024K)]
Total: 57

Other Threads:
  0x00000167c69e75b0 VMThread "VM Thread"                           [id=3576, stack(0x0000000c90600000,0x0000000c90700000) (1024K)]
  0x00000167c69d2250 WatcherThread "VM Periodic Task Thread"        [id=26148, stack(0x0000000c90500000,0x0000000c90600000) (1024K)]
  0x00000167a6c25720 WorkerThread "GC Thread#0"                     [id=24308, stack(0x0000000c90000000,0x0000000c90100000) (1024K)]
  0x000001680d13bb30 WorkerThread "GC Thread#1"                     [id=5496, stack(0x0000000c91700000,0x0000000c91800000) (1024K)]
  0x000001680d13bee0 WorkerThread "GC Thread#2"                     [id=21252, stack(0x0000000c91800000,0x0000000c91900000) (1024K)]
  0x000001680d13ccb0 WorkerThread "GC Thread#3"                     [id=24528, stack(0x0000000c91900000,0x0000000c91a00000) (1024K)]
  0x000001680d13d060 WorkerThread "GC Thread#4"                     [id=22776, stack(0x0000000c91a00000,0x0000000c91b00000) (1024K)]
  0x000001680d13dc30 WorkerThread "GC Thread#5"                     [id=5776, stack(0x0000000c91b00000,0x0000000c91c00000) (1024K)]
  0x000001680e4b0760 WorkerThread "GC Thread#6"                     [id=19716, stack(0x0000000c91e00000,0x0000000c91f00000) (1024K)]
  0x000001680e4b0b10 WorkerThread "GC Thread#7"                     [id=8580, stack(0x0000000c91f00000,0x0000000c92000000) (1024K)]
  0x000001680e4b19d0 WorkerThread "GC Thread#8"                     [id=26384, stack(0x0000000c92000000,0x0000000c92100000) (1024K)]
  0x000001680e4b1270 WorkerThread "GC Thread#9"                     [id=14440, stack(0x0000000c92100000,0x0000000c92200000) (1024K)]
  0x000001680def6b80 WorkerThread "GC Thread#10"                    [id=10560, stack(0x0000000c92200000,0x0000000c92300000) (1024K)]
  0x000001680def7a40 WorkerThread "GC Thread#11"                    [id=17244, stack(0x0000000c92300000,0x0000000c92400000) (1024K)]
  0x000001680def7df0 WorkerThread "GC Thread#12"                    [id=8928, stack(0x0000000c92400000,0x0000000c92500000) (1024K)]
  0x00000167a6c3c250 ConcurrentGCThread "G1 Main Marker"            [id=19668, stack(0x0000000c90100000,0x0000000c90200000) (1024K)]
  0x00000167a6c3d500 WorkerThread "G1 Conc#0"                       [id=1376, stack(0x0000000c90200000,0x0000000c90300000) (1024K)]
  0x000001680def81a0 WorkerThread "G1 Conc#1"                       [id=16164, stack(0x0000000c92500000,0x0000000c92600000) (1024K)]
  0x000001680def8cb0 WorkerThread "G1 Conc#2"                       [id=19596, stack(0x0000000c92600000,0x0000000c92700000) (1024K)]
  0x00000167c689c9c0 ConcurrentGCThread "G1 Refine#0"               [id=10716, stack(0x0000000c90300000,0x0000000c90400000) (1024K)]
  0x00000167c689f550 ConcurrentGCThread "G1 Service"                [id=8884, stack(0x0000000c90400000,0x0000000c90500000) (1024K)]
Total: 21

Threads with active compile tasks:
C2 CompilerThread0  2745758 13188   !   4       sun.security.ssl.SSLCipher$T13GcmReadCipherGenerator$GcmReadCipher::decrypt (555 bytes)
Total: 1

VM state: not at safepoint (normal execution)

VM Mutex/Monitor currently owned by a thread: None

Heap address: 0x0000000703600000, size: 4042 MB, Compressed Oops mode: Zero based, Oop shift amount: 3

CDS archive(s) mapped at: [0x00000167c7000000-0x00000167c7d70000-0x00000167c7d70000), size 14090240, SharedBaseAddress: 0x00000167c7000000, ArchiveRelocationMode: 1.
Compressed class space mapped at: 0x00000167c8000000-0x0000016808000000, reserved size: 1073741824
Narrow klass base: 0x00000167c7000000, Narrow klass shift: 0, Narrow klass range: 0x41000000

GC Precious Log:
 CardTable entry size: 512
 Card Set container configuration: InlinePtr #cards 4 size 8 Array Of Cards #cards 16 size 48 Howl #buckets 8 coarsen threshold 3686 Howl Bitmap #cards 512 size 80 coarsen threshold 460 Card regions per heap region 1 cards per card region 4096
 CPUs: 16 total, 16 available
 Memory: 16163M
 Large Page Support: Disabled
 NUMA Support: Disabled
 Compressed Oops: Enabled (Zero based)
 Heap Region Size: 2M
 Heap Min Capacity: 8M
 Heap Initial Capacity: 254M
 Heap Max Capacity: 4042M
 Pre-touch: Disabled
 Parallel Workers: 13
 Concurrent Workers: 3
 Concurrent Refinement Workers: 13
 Periodic GC: Disabled

Heap:
 garbage-first heap   total reserved 4139008K, committed 116736K, used 74925K [0x0000000703600000, 0x0000000800000000)
  region size 2048K, 23 young (47104K), 1 survivors (2048K)
 Metaspace       used 64430K, committed 65280K, reserved 1114112K
  class space    used 8448K, committed 8832K, reserved 1048576K

Heap Regions: E=young(eden), S=young(survivor), O=old, HS=humongous(starts), HC=humongous(continues), CS=collection set, F=free, TAMS=top-at-mark-start, PB=parsable bottom
|   0|0x0000000703600000, 0x0000000703800000, 0x0000000703800000|100%| O|  |TAMS 0x0000000703600000| PB 0x0000000703600000| Untracked |  0
|   1|0x0000000703800000, 0x0000000703a00000, 0x0000000703a00000|100%| O|  |TAMS 0x0000000703800000| PB 0x0000000703800000| Untracked |  0
|   2|0x0000000703a00000, 0x0000000703c00000, 0x0000000703c00000|100%| O|  |TAMS 0x0000000703a00000| PB 0x0000000703a00000| Untracked |  0
|   3|0x0000000703c00000, 0x0000000703d2ab78, 0x0000000703e00000| 58%| O|  |TAMS 0x0000000703c00000| PB 0x0000000703c00000| Untracked |  0
|   4|0x0000000703e00000, 0x0000000704000000, 0x0000000704000000|100%| O|  |TAMS 0x0000000703e00000| PB 0x0000000703e00000| Untracked |  0
|   5|0x0000000704000000, 0x0000000704200000, 0x0000000704200000|100%| O|  |TAMS 0x0000000704000000| PB 0x0000000704000000| Untracked |  0
|   6|0x0000000704200000, 0x0000000704400000, 0x0000000704400000|100%| O|  |TAMS 0x0000000704200000| PB 0x0000000704200000| Untracked |  0
|   7|0x0000000704400000, 0x0000000704600000, 0x0000000704600000|100%| O|  |TAMS 0x0000000704400000| PB 0x0000000704400000| Untracked |  0
|   8|0x0000000704600000, 0x0000000704600000, 0x0000000704800000|  0%| F|  |TAMS 0x0000000704600000| PB 0x0000000704600000| Untracked |  0
|   9|0x0000000704800000, 0x0000000704a00000, 0x0000000704a00000|100%| O|  |TAMS 0x0000000704800000| PB 0x0000000704800000| Untracked |  0
|  10|0x0000000704a00000, 0x0000000704c00000, 0x0000000704c00000|100%| O|  |TAMS 0x0000000704a00000| PB 0x0000000704a00000| Untracked |  0
|  11|0x0000000704c00000, 0x0000000704e00000, 0x0000000704e00000|100%| O|  |TAMS 0x0000000704c00000| PB 0x0000000704c00000| Untracked |  0
|  12|0x0000000704e00000, 0x0000000705000000, 0x0000000705000000|100%| O|  |TAMS 0x0000000704e00000| PB 0x0000000704e00000| Untracked |  0
|  13|0x0000000705000000, 0x0000000705200000, 0x0000000705200000|100%| O|  |TAMS 0x0000000705000000| PB 0x0000000705000000| Untracked |  6
|  14|0x0000000705200000, 0x0000000705400000, 0x0000000705400000|100%| O|  |TAMS 0x0000000705200000| PB 0x0000000705200000| Untracked |  0
|  15|0x0000000705400000, 0x0000000705600000, 0x0000000705600000|100%| O|  |TAMS 0x0000000705400000| PB 0x0000000705400000| Untracked |  0
|  16|0x0000000705600000, 0x000000070565d6d8, 0x0000000705800000| 18%| O|  |TAMS 0x0000000705600000| PB 0x0000000705600000| Untracked |  0
|  17|0x0000000705800000, 0x0000000705800000, 0x0000000705a00000|  0%| F|  |TAMS 0x0000000705800000| PB 0x0000000705800000| Untracked |  0
|  18|0x0000000705a00000, 0x0000000705a00000, 0x0000000705c00000|  0%| F|  |TAMS 0x0000000705a00000| PB 0x0000000705a00000| Untracked |  0
|  19|0x0000000705c00000, 0x0000000705c00000, 0x0000000705e00000|  0%| F|  |TAMS 0x0000000705c00000| PB 0x0000000705c00000| Untracked |  0
|  20|0x0000000705e00000, 0x0000000705e00000, 0x0000000706000000|  0%| F|  |TAMS 0x0000000705e00000| PB 0x0000000705e00000| Untracked |  0
|  21|0x0000000706000000, 0x0000000706000000, 0x0000000706200000|  0%| F|  |TAMS 0x0000000706000000| PB 0x0000000706000000| Untracked |  0
|  22|0x0000000706200000, 0x0000000706200000, 0x0000000706400000|  0%| F|  |TAMS 0x0000000706200000| PB 0x0000000706200000| Untracked |  0
|  23|0x0000000706400000, 0x0000000706400000, 0x0000000706600000|  0%| F|  |TAMS 0x0000000706400000| PB 0x0000000706400000| Untracked |  0
|  24|0x0000000706600000, 0x0000000706600000, 0x0000000706800000|  0%| F|  |TAMS 0x0000000706600000| PB 0x0000000706600000| Untracked |  0
|  25|0x0000000706800000, 0x0000000706800000, 0x0000000706a00000|  0%| F|  |TAMS 0x0000000706800000| PB 0x0000000706800000| Untracked |  0
|  26|0x0000000706a00000, 0x0000000706a00000, 0x0000000706c00000|  0%| F|  |TAMS 0x0000000706a00000| PB 0x0000000706a00000| Untracked |  0
|  27|0x0000000706c00000, 0x0000000706da33e0, 0x0000000706e00000| 81%| S|CS|TAMS 0x0000000706c00000| PB 0x0000000706c00000| Complete |  0
|  28|0x0000000706e00000, 0x0000000706e00000, 0x0000000707000000|  0%| F|  |TAMS 0x0000000706e00000| PB 0x0000000706e00000| Untracked |  0
|  29|0x0000000707000000, 0x0000000707000000, 0x0000000707200000|  0%| F|  |TAMS 0x0000000707000000| PB 0x0000000707000000| Untracked |  0
|  30|0x0000000707200000, 0x0000000707200000, 0x0000000707400000|  0%| F|  |TAMS 0x0000000707200000| PB 0x0000000707200000| Untracked |  0
|  31|0x0000000707400000, 0x0000000707400000, 0x0000000707600000|  0%| F|  |TAMS 0x0000000707400000| PB 0x0000000707400000| Untracked |  0
|  32|0x0000000707600000, 0x0000000707600000, 0x0000000707800000|  0%| F|  |TAMS 0x0000000707600000| PB 0x0000000707600000| Untracked |  0
|  33|0x0000000707800000, 0x0000000707800000, 0x0000000707a00000|  0%| F|  |TAMS 0x0000000707800000| PB 0x0000000707800000| Untracked |  0
|  34|0x0000000707a00000, 0x0000000707a88f98, 0x0000000707c00000| 26%| E|  |TAMS 0x0000000707a00000| PB 0x0000000707a00000| Complete |  0
|  35|0x0000000707c00000, 0x0000000707e00000, 0x0000000707e00000|100%| E|CS|TAMS 0x0000000707c00000| PB 0x0000000707c00000| Complete |  1
|  36|0x0000000707e00000, 0x0000000708000000, 0x0000000708000000|100%| E|CS|TAMS 0x0000000707e00000| PB 0x0000000707e00000| Complete |  0
|  37|0x0000000708000000, 0x0000000708200000, 0x0000000708200000|100%| E|CS|TAMS 0x0000000708000000| PB 0x0000000708000000| Complete |  0
|  38|0x0000000708200000, 0x0000000708400000, 0x0000000708400000|100%| E|CS|TAMS 0x0000000708200000| PB 0x0000000708200000| Complete |  0
|  39|0x0000000708400000, 0x0000000708600000, 0x0000000708600000|100%| E|CS|TAMS 0x0000000708400000| PB 0x0000000708400000| Complete |  0
|  40|0x0000000708600000, 0x0000000708800000, 0x0000000708800000|100%| E|CS|TAMS 0x0000000708600000| PB 0x0000000708600000| Complete |  0
|  41|0x0000000708800000, 0x0000000708a00000, 0x0000000708a00000|100%| E|  |TAMS 0x0000000708800000| PB 0x0000000708800000| Complete |  0
|  42|0x0000000708a00000, 0x0000000708c00000, 0x0000000708c00000|100%| E|CS|TAMS 0x0000000708a00000| PB 0x0000000708a00000| Complete |  0
|  43|0x0000000708c00000, 0x0000000708e00000, 0x0000000708e00000|100%| E|CS|TAMS 0x0000000708c00000| PB 0x0000000708c00000| Complete |  0
|  44|0x0000000708e00000, 0x0000000709000000, 0x0000000709000000|100%| E|CS|TAMS 0x0000000708e00000| PB 0x0000000708e00000| Complete |  3
|  45|0x0000000709000000, 0x0000000709200000, 0x0000000709200000|100%| E|CS|TAMS 0x0000000709000000| PB 0x0000000709000000| Complete |  0
|  46|0x0000000709200000, 0x0000000709400000, 0x0000000709400000|100%| E|CS|TAMS 0x0000000709200000| PB 0x0000000709200000| Complete |  0
|  47|0x0000000709400000, 0x0000000709600000, 0x0000000709600000|100%| E|CS|TAMS 0x0000000709400000| PB 0x0000000709400000| Complete |  0
|  48|0x0000000709600000, 0x0000000709800000, 0x0000000709800000|100%| E|CS|TAMS 0x0000000709600000| PB 0x0000000709600000| Complete |  0
|  49|0x0000000709800000, 0x0000000709a00000, 0x0000000709a00000|100%| E|CS|TAMS 0x0000000709800000| PB 0x0000000709800000| Complete |  0
|  50|0x0000000709a00000, 0x0000000709c00000, 0x0000000709c00000|100%| E|CS|TAMS 0x0000000709a00000| PB 0x0000000709a00000| Complete |  0
|  51|0x0000000709c00000, 0x0000000709e00000, 0x0000000709e00000|100%| E|CS|TAMS 0x0000000709c00000| PB 0x0000000709c00000| Complete |  0
|  52|0x0000000709e00000, 0x000000070a000000, 0x000000070a000000|100%| E|CS|TAMS 0x0000000709e00000| PB 0x0000000709e00000| Complete |  1
|  53|0x000000070a000000, 0x000000070a200000, 0x000000070a200000|100%| E|CS|TAMS 0x000000070a000000| PB 0x000000070a000000| Complete |  0
|  54|0x000000070a200000, 0x000000070a400000, 0x000000070a400000|100%| E|CS|TAMS 0x000000070a200000| PB 0x000000070a200000| Complete |  0
| 126|0x0000000713200000, 0x0000000713400000, 0x0000000713400000|100%| E|CS|TAMS 0x0000000713200000| PB 0x0000000713200000| Complete |  0
|2020|0x00000007ffe00000, 0x0000000800000000, 0x0000000800000000|100%| O|  |TAMS 0x00000007ffe00000| PB 0x00000007ffe00000| Untracked |  0

Card table byte_map: [0x00000167bf480000,0x00000167bfc70000] _byte_map_base: 0x00000167bbc65000

Marking Bits: (CMBitMap*) 0x00000167a6c25e30
 Bits: [0x00000167bfc70000, 0x00000167c3b98000)

Polling page: 0x00000167a47f0000

Metaspace:

Usage:
  Non-class:     54.67 MB used.
      Class:      8.25 MB used.
       Both:     62.92 MB used.

Virtual space:
  Non-class space:       64.00 MB reserved,      55.12 MB ( 86%) committed,  1 nodes.
      Class space:        1.00 GB reserved,       8.62 MB ( <1%) committed,  1 nodes.
             Both:        1.06 GB reserved,      63.75 MB (  6%) committed. 

Chunk freelists:
   Non-Class:  8.69 MB
       Class:  7.28 MB
        Both:  15.97 MB

MaxMetaspaceSize: unlimited
CompressedClassSpaceSize: 1.00 GB
Initial GC threshold: 21.00 MB
Current GC threshold: 98.88 MB
CDS: on
 - commit_granule_bytes: 65536.
 - commit_granule_words: 8192.
 - virtual_space_node_default_size: 8388608.
 - enlarge_chunks_in_place: 1.
 - use_allocation_guard: 0.


Internal statistics:

num_allocs_failed_limit: 9.
num_arena_births: 1248.
num_arena_deaths: 16.
num_vsnodes_births: 2.
num_vsnodes_deaths: 0.
num_space_committed: 1020.
num_space_uncommitted: 0.
num_chunks_returned_to_freelist: 29.
num_chunks_taken_from_freelist: 3497.
num_chunk_merges: 12.
num_chunk_splits: 2387.
num_chunks_enlarged: 1745.
num_inconsistent_stats: 0.

CodeHeap 'non-profiled nmethods': size=119232Kb used=5923Kb max_used=5923Kb free=113308Kb
 bounds [0x00000167b6e70000, 0x00000167b7440000, 0x00000167be2e0000]
CodeHeap 'profiled nmethods': size=119104Kb used=20242Kb max_used=20242Kb free=98861Kb
 bounds [0x00000167af2e0000, 0x00000167b06b0000, 0x00000167b6730000]
CodeHeap 'non-nmethods': size=7424Kb used=1874Kb max_used=3580Kb free=5549Kb
 bounds [0x00000167b6730000, 0x00000167b6ac0000, 0x00000167b6e70000]
CodeCache: size=245760Kb, used=28039Kb, max_used=29745Kb, free=217718Kb
 total_blobs=13164, nmethods=12421, adapters=647, full_count=0
Compilation: enabled, stopped_count=0, restarted_count=0

Compilation events (20 events):
Event: 2701.465 Thread 0x00000167c6a1b7a0 nmethod 13178 0x00000167b06a0f08 code [0x00000167b06a10c0, 0x00000167b06a1900]
Event: 2701.465 Thread 0x00000167c6a1b7a0 13179       3       org.springframework.data.mongodb.core.convert.MappingMongoConverter$$Lambda/0x00000167c88873b8::<init> (10 bytes)
Event: 2701.465 Thread 0x00000167c6a1b7a0 nmethod 13179 0x00000167b06a1988 code [0x00000167b06a1aa0, 0x00000167b06a1c60]
Event: 2701.465 Thread 0x00000167c6a1b7a0 13180       3       org.springframework.data.mongodb.core.convert.MappingMongoConverter$$Lambda/0x00000167c88875e0::<init> (10 bytes)
Event: 2701.465 Thread 0x00000167c6a1b7a0 nmethod 13180 0x00000167b06a1c88 code [0x00000167b06a1da0, 0x00000167b06a1f60]
Event: 2701.466 Thread 0x00000167c6a1b7a0 13181       3       org.springframework.data.mongodb.core.convert.MappingMongoConverter::readValue (76 bytes)
Event: 2701.466 Thread 0x00000167c6a1b7a0 nmethod 13181 0x00000167b06a1f88 code [0x00000167b06a21c0, 0x00000167b06a2f80]
Event: 2701.490 Thread 0x00000167c6a1b7a0 13182       1       com.coladz2812.trello_api.model.Card::getComments (5 bytes)
Event: 2701.490 Thread 0x00000167c6a1b7a0 nmethod 13182 0x00000167b7438988 code [0x00000167b7438aa0, 0x00000167b7438b70]
Event: 2701.490 Thread 0x00000167c6a1b7a0 13183   !   3       org.springframework.dao.support.PersistenceExceptionTranslationInterceptor::invoke (86 bytes)
Event: 2701.492 Thread 0x00000167c6a1b7a0 nmethod 13183 0x00000167b06a3088 code [0x00000167b06a3260, 0x00000167b06a3b80]
Event: 2701.517 Thread 0x00000167c6a1b7a0 13184       3       org.springframework.core.annotation.AnnotatedMethod$AnnotatedMethodParameter::hasMethodAnnotation (9 bytes)
Event: 2701.517 Thread 0x00000167c6a1b7a0 nmethod 13184 0x00000167b06a3c08 code [0x00000167b06a3d40, 0x00000167b06a3f70]
Event: 2707.458 Thread 0x00000167c6a18170 13185       4       java.lang.Math::addExact (32 bytes)
Event: 2707.459 Thread 0x00000167c6a18170 nmethod 13185 0x00000167b7438c88 code [0x00000167b7438d80, 0x00000167b7438e20]
Event: 2719.648 Thread 0x00000167c6a1b7a0 13186       3       jdk.internal.vm.SharedThreadContainer::onExit (19 bytes)
Event: 2719.648 Thread 0x00000167c6a1b7a0 nmethod 13186 0x00000167b06a4008 code [0x00000167b06a4140, 0x00000167b06a4480]
Event: 2743.242 Thread 0x00000167c6a1b7a0 13187       3       sun.nio.ch.SocketOptionRegistry$RegistryKey::hashCode (20 bytes)
Event: 2743.242 Thread 0x00000167c6a1b7a0 nmethod 13187 0x00000167b06a4508 code [0x00000167b06a4640, 0x00000167b06a4900]
Event: 2745.649 Thread 0x00000167c6a18170 13188   !   4       sun.security.ssl.SSLCipher$T13GcmReadCipherGenerator$GcmReadCipher::decrypt (555 bytes)

GC Heap History (20 events):
Event: 1.517 GC heap before
{Heap before GC invocations=2 (full 0):
 garbage-first heap   total reserved 4139008K, committed 260096K, used 51823K [0x0000000703600000, 0x0000000800000000)
  region size 2048K, 24 young (49152K), 1 survivors (2048K)
 Metaspace       used 21213K, committed 21504K, reserved 1114112K
  class space    used 2746K, committed 2880K, reserved 1048576K
}
Event: 1.521 GC heap after
{Heap after GC invocations=3 (full 0):
 garbage-first heap   total reserved 4139008K, committed 260096K, used 12872K [0x0000000703600000, 0x0000000800000000)
  region size 2048K, 3 young (6144K), 3 survivors (6144K)
 Metaspace       used 21213K, committed 21504K, reserved 1114112K
  class space    used 2746K, committed 2880K, reserved 1048576K
}
Event: 1.969 GC heap before
{Heap before GC invocations=4 (full 0):
 garbage-first heap   total reserved 4139008K, committed 49152K, used 47688K [0x0000000703600000, 0x0000000800000000)
  region size 2048K, 20 young (40960K), 3 survivors (6144K)
 Metaspace       used 25552K, committed 25920K, reserved 1114112K
  class space    used 3295K, committed 3456K, reserved 1048576K
}
Event: 1.974 GC heap after
{Heap after GC invocations=5 (full 0):
 garbage-first heap   total reserved 4139008K, committed 59392K, used 15757K [0x0000000703600000, 0x0000000800000000)
  region size 2048K, 4 young (8192K), 4 survivors (8192K)
 Metaspace       used 25552K, committed 25920K, reserved 1114112K
  class space    used 3295K, committed 3456K, reserved 1048576K
}
Event: 2.338 GC heap before
{Heap before GC invocations=5 (full 0):
 garbage-first heap   total reserved 4139008K, committed 59392K, used 40333K [0x0000000703600000, 0x0000000800000000)
  region size 2048K, 16 young (32768K), 4 survivors (8192K)
 Metaspace       used 29841K, committed 30336K, reserved 1114112K
  class space    used 3941K, committed 4160K, reserved 1048576K
}
Event: 2.344 GC heap after
{Heap after GC invocations=6 (full 0):
 garbage-first heap   total reserved 4139008K, committed 59392K, used 18062K [0x0000000703600000, 0x0000000800000000)
  region size 2048K, 2 young (4096K), 2 survivors (4096K)
 Metaspace       used 29841K, committed 30336K, reserved 1114112K
  class space    used 3941K, committed 4160K, reserved 1048576K
}
Event: 2.767 GC heap before
{Heap before GC invocations=6 (full 0):
 garbage-first heap   total reserved 4139008K, committed 59392K, used 36494K [0x0000000703600000, 0x0000000800000000)
  region size 2048K, 13 young (26624K), 2 survivors (4096K)
 Metaspace       used 35522K, committed 35968K, reserved 1114112K
  class space    used 4656K, committed 4864K, reserved 1048576K
}
Event: 2.773 GC heap after
{Heap after GC invocations=7 (full 0):
 garbage-first heap   total reserved 4139008K, committed 59392K, used 19812K [0x0000000703600000, 0x0000000800000000)
  region size 2048K, 1 young (2048K), 1 survivors (2048K)
 Metaspace       used 35522K, committed 35968K, reserved 1114112K
  class space    used 4656K, committed 4864K, reserved 1048576K
}
Event: 3.104 GC heap before
{Heap before GC invocations=8 (full 0):
 garbage-first heap   total reserved 4139008K, committed 59392K, used 42340K [0x0000000703600000, 0x0000000800000000)
  region size 2048K, 13 young (26624K), 1 survivors (2048K)
 Metaspace       used 42239K, committed 42816K, reserved 1114112K
  class space    used 5567K, committed 5824K, reserved 1048576K
}
Event: 3.113 GC heap after
{Heap after GC invocations=9 (full 0):
 garbage-first heap   total reserved 4139008K, committed 59392K, used 23009K [0x0000000703600000, 0x0000000800000000)
  region size 2048K, 2 young (4096K), 2 survivors (4096K)
 Metaspace       used 42239K, committed 42816K, reserved 1114112K
  class space    used 5567K, committed 5824K, reserved 1048576K
}
Event: 3.483 GC heap before
{Heap before GC invocations=9 (full 0):
 garbage-first heap   total reserved 4139008K, committed 59392K, used 47585K [0x0000000703600000, 0x0000000800000000)
  region size 2048K, 14 young (28672K), 2 survivors (4096K)
 Metaspace       used 46292K, committed 46848K, reserved 1114112K
  class space    used 6159K, committed 6400K, reserved 1048576K
}
Event: 3.488 GC heap after
{Heap after GC invocations=10 (full 0):
 garbage-first heap   total reserved 4139008K, committed 59392K, used 25679K [0x0000000703600000, 0x0000000800000000)
  region size 2048K, 2 young (4096K), 2 survivors (4096K)
 Metaspace       used 46292K, committed 46848K, reserved 1114112K
  class space    used 6159K, committed 6400K, reserved 1048576K
}
Event: 3.877 GC heap before
{Heap before GC invocations=10 (full 0):
 garbage-first heap   total reserved 4139008K, committed 59392K, used 46159K [0x0000000703600000, 0x0000000800000000)
  region size 2048K, 12 young (24576K), 2 survivors (4096K)
 Metaspace       used 48414K, committed 49088K, reserved 1114112K
  class space    used 6441K, committed 6720K, reserved 1048576K
}
Event: 3.881 GC heap after
{Heap after GC invocations=11 (full 0):
 garbage-first heap   total reserved 4139008K, committed 159744K, used 28297K [0x0000000703600000, 0x0000000800000000)
  region size 2048K, 2 young (4096K), 2 survivors (4096K)
 Metaspace       used 48414K, committed 49088K, reserved 1114112K
  class space    used 6441K, committed 6720K, reserved 1048576K
}
Event: 153.237 GC heap before
{Heap before GC invocations=11 (full 0):
 garbage-first heap   total reserved 4139008K, committed 159744K, used 93833K [0x0000000703600000, 0x0000000800000000)
  region size 2048K, 35 young (71680K), 2 survivors (4096K)
 Metaspace       used 59682K, committed 60480K, reserved 1114112K
  class space    used 8116K, committed 8512K, reserved 1048576K
}
Event: 153.246 GC heap after
{Heap after GC invocations=12 (full 0):
 garbage-first heap   total reserved 4139008K, committed 159744K, used 33363K [0x0000000703600000, 0x0000000800000000)
  region size 2048K, 4 young (8192K), 4 survivors (8192K)
 Metaspace       used 59682K, committed 60480K, reserved 1114112K
  class space    used 8116K, committed 8512K, reserved 1048576K
}
Event: 1097.206 GC heap before
{Heap before GC invocations=13 (full 0):
 garbage-first heap   total reserved 4139008K, committed 116736K, used 92755K [0x0000000703600000, 0x0000000800000000)
  region size 2048K, 34 young (69632K), 4 survivors (8192K)
 Metaspace       used 62929K, committed 63744K, reserved 1114112K
  class space    used 8426K, committed 8768K, reserved 1048576K
}
Event: 1097.219 GC heap after
{Heap after GC invocations=14 (full 0):
 garbage-first heap   total reserved 4139008K, committed 116736K, used 34774K [0x0000000703600000, 0x0000000800000000)
  region size 2048K, 1 young (2048K), 1 survivors (2048K)
 Metaspace       used 62929K, committed 63744K, reserved 1114112K
  class space    used 8426K, committed 8768K, reserved 1048576K
}
Event: 2402.743 GC heap before
{Heap before GC invocations=14 (full 0):
 garbage-first heap   total reserved 4139008K, committed 116736K, used 90070K [0x0000000703600000, 0x0000000800000000)
  region size 2048K, 29 young (59392K), 1 survivors (2048K)
 Metaspace       used 63792K, committed 64640K, reserved 1114112K
  class space    used 8439K, committed 8832K, reserved 1048576K
}
Event: 2402.755 GC heap after
{Heap after GC invocations=15 (full 0):
 garbage-first heap   total reserved 4139008K, committed 116736K, used 33965K [0x0000000703600000, 0x0000000800000000)
  region size 2048K, 1 young (2048K), 1 survivors (2048K)
 Metaspace       used 63792K, committed 64640K, reserved 1114112K
  class space    used 8439K, committed 8832K, reserved 1048576K
}

Dll operation events (14 events):
Event: 0.010 Loaded shared library C:\Program Files\Java\jdk-23\bin\java.dll
Event: 0.038 Loaded shared library C:\Program Files\Java\jdk-23\bin\jsvml.dll
Event: 0.119 Loaded shared library C:\Program Files\Java\jdk-23\bin\zip.dll
Event: 0.122 Loaded shared library C:\Program Files\Java\jdk-23\bin\instrument.dll
Event: 0.127 Loaded shared library C:\Program Files\Java\jdk-23\bin\net.dll
Event: 0.128 Loaded shared library C:\Program Files\Java\jdk-23\bin\nio.dll
Event: 0.131 Loaded shared library C:\Program Files\Java\jdk-23\bin\zip.dll
Event: 0.312 Loaded shared library D:\IntelliJ IDEA Community Edition 2024.3.2\bin\breakgen64.dll
Event: 0.320 Loaded shared library C:\Program Files\Java\jdk-23\bin\extnet.dll
Event: 0.350 Loaded shared library C:\Program Files\Java\jdk-23\bin\jimage.dll
Event: 1.109 Loaded shared library C:\Program Files\Java\jdk-23\bin\verify.dll
Event: 1.576 Loaded shared library C:\Program Files\Java\jdk-23\bin\sunmscapi.dll
Event: 2.523 Loaded shared library C:\Program Files\Java\jdk-23\bin\management.dll
Event: 2.525 Loaded shared library C:\Program Files\Java\jdk-23\bin\management_ext.dll

Deoptimization events (20 events):
Event: 2655.643 Thread 0x0000016810484480 Uncommon trap: trap_request=0xffffffbe fr.pc=0x00000167b7418104 relative=0x0000000000000624
Event: 2655.643 Thread 0x0000016810484480 Uncommon trap: reason=profile_predicate action=maybe_recompile pc=0x00000167b7418104 method=com.sun.crypto.provider.HmacCore.engineInit(Ljava/security/Key;Ljava/security/spec/AlgorithmParameterSpec;)V @ 88 c2
Event: 2655.643 Thread 0x0000016810484480 DEOPT PACKING pc=0x00000167b7418104 sp=0x0000000c93efbbc0
Event: 2655.643 Thread 0x0000016810484480 DEOPT UNPACKING pc=0x00000167b6787982 sp=0x0000000c93efbb58 mode 2
Event: 2655.669 Thread 0x0000016810484480 Uncommon trap: trap_request=0xffffffbe fr.pc=0x00000167b7418104 relative=0x0000000000000624
Event: 2655.669 Thread 0x0000016810484480 Uncommon trap: reason=profile_predicate action=maybe_recompile pc=0x00000167b7418104 method=com.sun.crypto.provider.HmacCore.engineInit(Ljava/security/Key;Ljava/security/spec/AlgorithmParameterSpec;)V @ 88 c2
Event: 2655.669 Thread 0x0000016810484480 DEOPT PACKING pc=0x00000167b7418104 sp=0x0000000c93efbf30
Event: 2655.670 Thread 0x0000016810484480 DEOPT UNPACKING pc=0x00000167b6787982 sp=0x0000000c93efbec8 mode 2
Event: 2657.057 Thread 0x0000016810481000 Uncommon trap: trap_request=0xffffffbe fr.pc=0x00000167b7418104 relative=0x0000000000000624
Event: 2657.057 Thread 0x0000016810481000 Uncommon trap: reason=profile_predicate action=maybe_recompile pc=0x00000167b7418104 method=com.sun.crypto.provider.HmacCore.engineInit(Ljava/security/Key;Ljava/security/spec/AlgorithmParameterSpec;)V @ 88 c2
Event: 2657.057 Thread 0x0000016810481000 DEOPT PACKING pc=0x00000167b7418104 sp=0x0000000c940fb800
Event: 2657.057 Thread 0x0000016810481000 DEOPT UNPACKING pc=0x00000167b6787982 sp=0x0000000c940fb798 mode 2
Event: 2657.137 Thread 0x0000016810481000 Uncommon trap: trap_request=0xffffff45 fr.pc=0x00000167b738fe48 relative=0x00000000000005a8
Event: 2657.137 Thread 0x0000016810481000 Uncommon trap: reason=unstable_if action=reinterpret pc=0x00000167b738fe48 method=com.fasterxml.jackson.core.json.UTF8JsonGenerator._verifyValueWrite(Ljava/lang/String;)V @ 118 c2
Event: 2657.137 Thread 0x0000016810481000 DEOPT PACKING pc=0x00000167b738fe48 sp=0x0000000c940f95d0
Event: 2657.138 Thread 0x0000016810481000 DEOPT UNPACKING pc=0x00000167b6787982 sp=0x0000000c940f9520 mode 2
Event: 2659.279 Thread 0x0000016810480970 Uncommon trap: trap_request=0xffffff45 fr.pc=0x00000167b734ac28 relative=0x0000000000000188
Event: 2659.279 Thread 0x0000016810480970 Uncommon trap: reason=unstable_if action=reinterpret pc=0x00000167b734ac28 method=com.fasterxml.jackson.core.json.UTF8JsonGenerator._verifyValueWrite(Ljava/lang/String;)V @ 118 c2
Event: 2659.279 Thread 0x0000016810480970 DEOPT PACKING pc=0x00000167b734ac28 sp=0x0000000c93cf9600
Event: 2659.279 Thread 0x0000016810480970 DEOPT UNPACKING pc=0x00000167b6787982 sp=0x0000000c93cf9580 mode 2

Classes loaded (20 events):
Event: 143.526 Loading class java/util/concurrent/LinkedBlockingQueue$Itr
Event: 143.526 Loading class java/util/concurrent/LinkedBlockingQueue$Itr done
Event: 153.330 Loading class java/util/TreeMap$KeySpliterator
Event: 153.330 Loading class java/util/TreeMap$KeySpliterator done
Event: 153.424 Loading class java/text/FieldPosition$Delegate
Event: 153.424 Loading class java/text/FieldPosition$Delegate done
Event: 153.554 Loading class java/time/Duration$1
Event: 153.555 Loading class java/time/Duration$1 done
Event: 170.226 Loading class java/io/WriteAbortedException
Event: 170.226 Loading class java/io/WriteAbortedException done
Event: 170.226 Loading class sun/security/provider/SecureRandom
Event: 170.226 Loading class sun/security/provider/SecureRandom done
Event: 170.227 Loading class sun/security/provider/SecureRandom$SeederHolder
Event: 170.227 Loading class sun/security/provider/SecureRandom$SeederHolder done
Event: 220.832 Loading class java/util/ArrayList$SubList$1
Event: 220.833 Loading class java/util/ArrayList$SubList$1 done
Event: 1070.155 Loading class sun/net/ConnectionResetException
Event: 1070.155 Loading class sun/net/ConnectionResetException done
Event: 2525.482 Loading class java/nio/channels/InterruptedByTimeoutException
Event: 2525.482 Loading class java/nio/channels/InterruptedByTimeoutException done

Classes unloaded (8 events):
Event: 153.263 Thread 0x00000167c69e75b0 Unloading class 0x00000167c8620800 'java/lang/invoke/LambdaForm$DMH+0x00000167c8620800'
Event: 153.263 Thread 0x00000167c69e75b0 Unloading class 0x00000167c8620000 'java/lang/invoke/LambdaForm$DMH+0x00000167c8620000'
Event: 153.263 Thread 0x00000167c69e75b0 Unloading class 0x00000167c860c400 'java/lang/invoke/LambdaForm$DMH+0x00000167c860c400'
Event: 153.263 Thread 0x00000167c69e75b0 Unloading class 0x00000167c860c800 'java/lang/invoke/LambdaForm$DMH+0x00000167c860c800'
Event: 153.263 Thread 0x00000167c69e75b0 Unloading class 0x00000167c8575400 'java/lang/invoke/LambdaForm$DMH+0x00000167c8575400'
Event: 153.263 Thread 0x00000167c69e75b0 Unloading class 0x00000167c8575000 'java/lang/invoke/LambdaForm$DMH+0x00000167c8575000'
Event: 153.263 Thread 0x00000167c69e75b0 Unloading class 0x00000167c8574800 'java/lang/invoke/LambdaForm$DMH+0x00000167c8574800'
Event: 153.263 Thread 0x00000167c69e75b0 Unloading class 0x00000167c8574000 'java/lang/invoke/LambdaForm$DMH+0x00000167c8574000'

Classes redefined (0 events):
No events

Internal exceptions (20 events):
Event: 2676.785 Thread 0x0000016810480970 Exception <a 'java/io/IOException'{0x00000007080f1470}> (0x00000007080f1470) 
thrown [s\open\src\hotspot\share\prims\jni.cpp, line 520]
Event: 2676.814 Thread 0x0000016810480970 Exception <a 'java/io/IOException'{0x0000000708109310}> (0x0000000708109310) 
thrown [s\open\src\hotspot\share\prims\jni.cpp, line 520]
Event: 2676.864 Thread 0x0000016810480970 Exception <a 'java/io/IOException'{0x0000000708124f28}> (0x0000000708124f28) 
thrown [s\open\src\hotspot\share\prims\jni.cpp, line 520]
Event: 2680.411 Thread 0x00000168104830d0 Exception <a 'java/io/IOException'{0x000000070816f9d0}> (0x000000070816f9d0) 
thrown [s\open\src\hotspot\share\prims\jni.cpp, line 520]
Event: 2680.512 Thread 0x00000168104830d0 Exception <a 'java/io/IOException'{0x00000007081a9330}> (0x00000007081a9330) 
thrown [s\open\src\hotspot\share\prims\jni.cpp, line 520]
Event: 2680.513 Thread 0x00000168104830d0 Exception <a 'java/io/IOException'{0x00000007081ab0b0}> (0x00000007081ab0b0) 
thrown [s\open\src\hotspot\share\prims\jni.cpp, line 520]
Event: 2680.513 Thread 0x00000168104830d0 Exception <a 'java/io/IOException'{0x00000007081acbd8}> (0x00000007081acbd8) 
thrown [s\open\src\hotspot\share\prims\jni.cpp, line 520]
Event: 2680.513 Thread 0x00000168104830d0 Exception <a 'java/io/IOException'{0x00000007081ae718}> (0x00000007081ae718) 
thrown [s\open\src\hotspot\share\prims\jni.cpp, line 520]
Event: 2682.195 Thread 0x0000016810484b10 Exception <a 'java/io/IOException'{0x0000000707e06f40}> (0x0000000707e06f40) 
thrown [s\open\src\hotspot\share\prims\jni.cpp, line 520]
Event: 2682.221 Thread 0x0000016810484b10 Exception <a 'java/io/IOException'{0x0000000707e1b538}> (0x0000000707e1b538) 
thrown [s\open\src\hotspot\share\prims\jni.cpp, line 520]
Event: 2682.274 Thread 0x0000016810484b10 Exception <a 'java/io/IOException'{0x0000000707eb6de8}> (0x0000000707eb6de8) 
thrown [s\open\src\hotspot\share\prims\jni.cpp, line 520]
Event: 2682.324 Thread 0x0000016810486550 Exception <a 'java/io/IOException'{0x0000000707f50e28}> (0x0000000707f50e28) 
thrown [s\open\src\hotspot\share\prims\jni.cpp, line 520]
Event: 2682.367 Thread 0x0000016810485ec0 Exception <a 'java/io/IOException'{0x0000000707f71380}> (0x0000000707f71380) 
thrown [s\open\src\hotspot\share\prims\jni.cpp, line 520]
Event: 2682.423 Thread 0x0000016810482a40 Exception <a 'java/io/IOException'{0x0000000707fd2d08}> (0x0000000707fd2d08) 
thrown [s\open\src\hotspot\share\prims\jni.cpp, line 520]
Event: 2699.948 Thread 0x0000016810486be0 Exception <a 'java/io/IOException'{0x0000000707c81e78}> (0x0000000707c81e78) 
thrown [s\open\src\hotspot\share\prims\jni.cpp, line 520]
Event: 2699.997 Thread 0x0000016810486be0 Exception <a 'java/io/IOException'{0x0000000707cb1488}> (0x0000000707cb1488) 
thrown [s\open\src\hotspot\share\prims\jni.cpp, line 520]
Event: 2700.603 Thread 0x00000168104830d0 Exception <a 'java/io/IOException'{0x0000000707cdf2f8}> (0x0000000707cdf2f8) 
thrown [s\open\src\hotspot\share\prims\jni.cpp, line 520]
Event: 2700.656 Thread 0x00000168104830d0 Exception <a 'java/io/IOException'{0x0000000707d0e628}> (0x0000000707d0e628) 
thrown [s\open\src\hotspot\share\prims\jni.cpp, line 520]
Event: 2701.442 Thread 0x0000016810481000 Exception <a 'java/io/IOException'{0x0000000707d30398}> (0x0000000707d30398) 
thrown [s\open\src\hotspot\share\prims\jni.cpp, line 520]
Event: 2701.490 Thread 0x0000016810481000 Exception <a 'java/io/IOException'{0x0000000707d5fb88}> (0x0000000707d5fb88) 
thrown [s\open\src\hotspot\share\prims\jni.cpp, line 520]

VM Operations (20 events):
Event: 902.411 Executing VM operation: HandshakeAllThreads (HandshakeForDeflation)
Event: 902.411 Executing VM operation: HandshakeAllThreads (HandshakeForDeflation) done
Event: 902.411 Executing VM operation: RendezvousGCThreads
Event: 902.411 Executing VM operation: RendezvousGCThreads done
Event: 1097.206 Executing VM operation: G1CollectForAllocation (G1 Evacuation Pause)
Event: 1097.219 Executing VM operation: G1CollectForAllocation (G1 Evacuation Pause) done
Event: 1503.809 Executing VM operation: HandshakeAllThreads (HandshakeForDeflation)
Event: 1503.809 Executing VM operation: HandshakeAllThreads (HandshakeForDeflation) done
Event: 1503.809 Executing VM operation: RendezvousGCThreads
Event: 1503.809 Executing VM operation: RendezvousGCThreads done
Event: 1684.317 Executing VM operation: HandshakeAllThreads (HandshakeForDeflation)
Event: 1684.317 Executing VM operation: HandshakeAllThreads (HandshakeForDeflation) done
Event: 1684.317 Executing VM operation: RendezvousGCThreads
Event: 1684.317 Executing VM operation: RendezvousGCThreads done
Event: 2225.973 Executing VM operation: HandshakeAllThreads (HandshakeForDeflation)
Event: 2225.973 Executing VM operation: HandshakeAllThreads (HandshakeForDeflation) done
Event: 2225.973 Executing VM operation: RendezvousGCThreads
Event: 2225.973 Executing VM operation: RendezvousGCThreads done
Event: 2402.743 Executing VM operation: G1CollectForAllocation (G1 Evacuation Pause)
Event: 2402.755 Executing VM operation: G1CollectForAllocation (G1 Evacuation Pause) done

Memory protections (0 events):
No events

Nmethod flushes (20 events):
Event: 153.270 Thread 0x00000167c69e75b0 flushing  nmethod 0x00000167af437588
Event: 153.270 Thread 0x00000167c69e75b0 flushing  nmethod 0x00000167af438188
Event: 153.270 Thread 0x00000167c69e75b0 flushing  nmethod 0x00000167af439308
Event: 153.270 Thread 0x00000167c69e75b0 flushing  nmethod 0x00000167af439908
Event: 153.270 Thread 0x00000167c69e75b0 flushing  nmethod 0x00000167af43a088
Event: 153.270 Thread 0x00000167c69e75b0 flushing  nmethod 0x00000167af43a508
Event: 153.270 Thread 0x00000167c69e75b0 flushing  nmethod 0x00000167af43ba88
Event: 153.270 Thread 0x00000167c69e75b0 flushing  nmethod 0x00000167af45df08
Event: 153.270 Thread 0x00000167c69e75b0 flushing  nmethod 0x00000167af45f308
Event: 153.270 Thread 0x00000167c69e75b0 flushing osr nmethod 0x00000167af460888
Event: 153.270 Thread 0x00000167c69e75b0 flushing  nmethod 0x00000167af464e08
Event: 153.270 Thread 0x00000167c69e75b0 flushing  nmethod 0x00000167af4e8088
Event: 153.270 Thread 0x00000167c69e75b0 flushing  nmethod 0x00000167af5fc388
Event: 153.270 Thread 0x00000167c69e75b0 flushing  nmethod 0x00000167af65e188
Event: 153.270 Thread 0x00000167c69e75b0 flushing  nmethod 0x00000167af754388
Event: 153.270 Thread 0x00000167c69e75b0 flushing  nmethod 0x00000167af7a8808
Event: 153.270 Thread 0x00000167c69e75b0 flushing  nmethod 0x00000167af7b5e88
Event: 153.270 Thread 0x00000167c69e75b0 flushing  nmethod 0x00000167af979288
Event: 153.270 Thread 0x00000167c69e75b0 flushing  nmethod 0x00000167af979d88
Event: 153.270 Thread 0x00000167c69e75b0 flushing  nmethod 0x00000167af97cb08

Events (20 events):
Event: 2719.648 Thread 0x000001680f5d0d10 Thread exited: 0x000001680f5d0d10
Event: 2719.648 Thread 0x000001680e65bac0 Thread exited: 0x000001680e65bac0
Event: 2719.648 Thread 0x000001680e65f5d0 Thread exited: 0x000001680e65f5d0
Event: 2719.648 Thread 0x000001680e65a710 Thread exited: 0x000001680e65a710
Event: 2719.648 Thread 0x000001680e659360 Thread exited: 0x000001680e659360
Event: 2741.700 Thread 0x000001680e65d500 Thread exited: 0x000001680e65d500
Event: 2741.700 Thread 0x000001680e65e220 Thread exited: 0x000001680e65e220
Event: 2741.700 Thread 0x000001680e65e8b0 Thread exited: 0x000001680e65e8b0
Event: 2741.700 Thread 0x000001680e65c150 Thread exited: 0x000001680e65c150
Event: 2742.468 Thread 0x0000016812b9a810 Thread exited: 0x0000016812b9a810
Event: 2742.468 Thread 0x0000016812b9c8e0 Thread exited: 0x0000016812b9c8e0
Event: 2742.468 Thread 0x000001680e6602f0 Thread exited: 0x000001680e6602f0
Event: 2742.468 Thread 0x0000016812b9b530 Thread exited: 0x0000016812b9b530
Event: 2742.468 Thread 0x000001680e65ef40 Thread exited: 0x000001680e65ef40
Event: 2742.468 Thread 0x000001680e556e60 Thread exited: 0x000001680e556e60
Event: 2743.241 Thread 0x0000016810486550 Thread added: 0x000001680e555ab0
Event: 2743.241 Thread 0x0000016810486550 Thread added: 0x000001680e556e60
Event: 2743.242 Thread 0x0000016810486550 Thread added: 0x000001680e5574f0
Event: 2743.242 Thread 0x000001680e556e60 Thread added: 0x000001680e557b80
Event: 2743.898 Thread 0x000001680e65fc60 Thread exited: 0x000001680e65fc60


Dynamic libraries:
0x00007ff78b870000 - 0x00007ff78b880000 	C:\Program Files\Java\jdk-23\bin\java.exe
0x00007ff9a7b80000 - 0x00007ff9a7de8000 	C:\WINDOWS\SYSTEM32\ntdll.dll
0x00007ff9a7990000 - 0x00007ff9a7a59000 	C:\WINDOWS\System32\KERNEL32.DLL
0x00007ff9a5190000 - 0x00007ff9a5588000 	C:\WINDOWS\System32\KERNELBASE.dll
0x00007ff9a5710000 - 0x00007ff9a585b000 	C:\WINDOWS\System32\ucrtbase.dll
0x00007ff999890000 - 0x00007ff9998a7000 	C:\Program Files\Java\jdk-23\bin\jli.dll
0x00007ff9936d0000 - 0x00007ff9936eb000 	C:\Program Files\Java\jdk-23\bin\VCRUNTIME140.dll
0x00007ff9a6110000 - 0x00007ff9a62d7000 	C:\WINDOWS\System32\USER32.dll
0x00007ff98e180000 - 0x00007ff98e414000 	C:\WINDOWS\WinSxS\amd64_microsoft.windows.common-controls_6595b64144ccf1df_6.0.26100.7019_none_3e06ffa0e335b8a8\COMCTL32.dll
0x00007ff9a5160000 - 0x00007ff9a5187000 	C:\WINDOWS\System32\win32u.dll
0x00007ff9a7b10000 - 0x00007ff9a7b3b000 	C:\WINDOWS\System32\GDI32.dll
0x00007ff9a77e0000 - 0x00007ff9a7889000 	C:\WINDOWS\System32\msvcrt.dll
0x00007ff9a4f80000 - 0x00007ff9a50ac000 	C:\WINDOWS\System32\gdi32full.dll
0x00007ff9a50b0000 - 0x00007ff9a5153000 	C:\WINDOWS\System32\msvcp_win.dll
0x00007ff9a68e0000 - 0x00007ff9a6911000 	C:\WINDOWS\System32\IMM32.DLL
0x00007ff994890000 - 0x00007ff99489c000 	C:\Program Files\Java\jdk-23\bin\vcruntime140_1.dll
0x00007ff967860000 - 0x00007ff9678ee000 	C:\Program Files\Java\jdk-23\bin\msvcp140.dll
0x00007ff8f4d50000 - 0x00007ff8f5a9f000 	C:\Program Files\Java\jdk-23\bin\server\jvm.dll
0x00007ff9a6dd0000 - 0x00007ff9a6e84000 	C:\WINDOWS\System32\ADVAPI32.dll
0x00007ff9a6d20000 - 0x00007ff9a6dc6000 	C:\WINDOWS\System32\sechost.dll
0x00007ff9a73f0000 - 0x00007ff9a7508000 	C:\WINDOWS\System32\RPCRT4.dll
0x00007ff9a7370000 - 0x00007ff9a73e4000 	C:\WINDOWS\System32\WS2_32.dll
0x00007ff9a4b30000 - 0x00007ff9a4b8e000 	C:\WINDOWS\SYSTEM32\POWRPROF.dll
0x00007ff98e420000 - 0x00007ff98e455000 	C:\WINDOWS\SYSTEM32\WINMM.dll
0x00007ff992cb0000 - 0x00007ff992cbb000 	C:\WINDOWS\SYSTEM32\VERSION.dll
0x00007ff9a4b10000 - 0x00007ff9a4b24000 	C:\WINDOWS\SYSTEM32\UMPDC.dll
0x00007ff9a3a90000 - 0x00007ff9a3aab000 	C:\WINDOWS\SYSTEM32\kernel.appcore.dll
0x00007ff9936c0000 - 0x00007ff9936ca000 	C:\Program Files\Java\jdk-23\bin\jimage.dll
0x00007ff9a1f80000 - 0x00007ff9a21c2000 	C:\WINDOWS\SYSTEM32\DBGHELP.DLL
0x00007ff9a6550000 - 0x00007ff9a68db000 	C:\WINDOWS\System32\combase.dll
0x00007ff9a6c40000 - 0x00007ff9a6d17000 	C:\WINDOWS\System32\OLEAUT32.dll
0x00007ff98d2a0000 - 0x00007ff98d2dc000 	C:\WINDOWS\SYSTEM32\dbgcore.DLL
0x00007ff9a4cd0000 - 0x00007ff9a4d75000 	C:\WINDOWS\System32\bcryptPrimitives.dll
0x00007ff9839f0000 - 0x00007ff9839ff000 	C:\Program Files\Java\jdk-23\bin\instrument.dll
0x00007ff9935a0000 - 0x00007ff9935be000 	C:\Program Files\Java\jdk-23\bin\java.dll
0x00007ff9a7540000 - 0x00007ff9a76d7000 	C:\WINDOWS\System32\ole32.dll
0x00007ff9a5920000 - 0x00007ff9a6071000 	C:\WINDOWS\System32\SHELL32.dll
0x00007ff9a4d80000 - 0x00007ff9a4eeb000 	C:\WINDOWS\System32\wintypes.dll
0x00007ff9a2930000 - 0x00007ff9a318d000 	C:\WINDOWS\SYSTEM32\windows.storage.dll
0x00007ff9a62e0000 - 0x00007ff9a63d2000 	C:\WINDOWS\System32\SHCORE.dll
0x00007ff9a78a0000 - 0x00007ff9a7907000 	C:\WINDOWS\System32\shlwapi.dll
0x00007ff9a4bf0000 - 0x00007ff9a4c19000 	C:\WINDOWS\SYSTEM32\profapi.dll
0x00007ff966280000 - 0x00007ff966357000 	C:\Program Files\Java\jdk-23\bin\jsvml.dll
0x00007ff993560000 - 0x00007ff993577000 	C:\Program Files\Java\jdk-23\bin\zip.dll
0x00007ff993690000 - 0x00007ff9936a0000 	C:\Program Files\Java\jdk-23\bin\net.dll
0x00007ff9a4000000 - 0x00007ff9a406b000 	C:\WINDOWS\system32\mswsock.dll
0x00007ff993580000 - 0x00007ff993596000 	C:\Program Files\Java\jdk-23\bin\nio.dll
0x00007ff97f810000 - 0x00007ff97f82a000 	D:\IntelliJ IDEA Community Edition 2024.3.2\bin\breakgen64.dll
0x00007ff981f90000 - 0x00007ff981f99000 	C:\Program Files\Java\jdk-23\bin\extnet.dll
0x00007ff981f60000 - 0x00007ff981f70000 	C:\Program Files\Java\jdk-23\bin\verify.dll
0x00007ff983960000 - 0x00007ff98396e000 	C:\Program Files\Java\jdk-23\bin\sunmscapi.dll
0x00007ff9a5590000 - 0x00007ff9a5707000 	C:\WINDOWS\System32\CRYPT32.dll
0x00007ff9a44e0000 - 0x00007ff9a4510000 	C:\WINDOWS\SYSTEM32\ncrypt.dll
0x00007ff9a4490000 - 0x00007ff9a44cf000 	C:\WINDOWS\SYSTEM32\NTASN1.dll
0x00007ff9a42c0000 - 0x00007ff9a42db000 	C:\WINDOWS\SYSTEM32\CRYPTSP.dll
0x00007ff9a39f0000 - 0x00007ff9a3a2a000 	C:\WINDOWS\system32\rsaenh.dll
0x00007ff9a40b0000 - 0x00007ff9a40db000 	C:\WINDOWS\SYSTEM32\USERENV.dll
0x00007ff9a4bc0000 - 0x00007ff9a4bea000 	C:\WINDOWS\SYSTEM32\bcrypt.dll
0x00007ff9a42e0000 - 0x00007ff9a42ec000 	C:\WINDOWS\SYSTEM32\CRYPTBASE.dll
0x00007ff9a34f0000 - 0x00007ff9a3524000 	C:\WINDOWS\SYSTEM32\IPHLPAPI.DLL
0x00007ff9a6100000 - 0x00007ff9a610a000 	C:\WINDOWS\System32\NSI.dll
0x00007ff981f80000 - 0x00007ff981f8a000 	C:\Program Files\Java\jdk-23\bin\management.dll
0x00007ff981f70000 - 0x00007ff981f7b000 	C:\Program Files\Java\jdk-23\bin\management_ext.dll
0x00007ff9a7890000 - 0x00007ff9a7898000 	C:\WINDOWS\System32\PSAPI.DLL
0x00007ff994b80000 - 0x00007ff994b9e000 	C:\WINDOWS\SYSTEM32\dhcpcsvc6.DLL
0x00007ff994b50000 - 0x00007ff994b73000 	C:\WINDOWS\SYSTEM32\dhcpcsvc.DLL
0x00007ff9a3590000 - 0x00007ff9a36bc000 	C:\WINDOWS\SYSTEM32\DNSAPI.dll
0x00007ff92cd90000 - 0x00007ff92cd98000 	C:\WINDOWS\system32\wshunix.dll
0x00007ff9990a0000 - 0x00007ff9990ab000 	C:\Windows\System32\rasadhlp.dll
0x00007ff994710000 - 0x00007ff994796000 	C:\WINDOWS\System32\fwpuclnt.dll

dbghelp: loaded successfully - version: 4.0.5 - missing functions: none
symbol engine: initialized successfully - sym options: 0x614 - pdb path: .;C:\Program Files\Java\jdk-23\bin;C:\WINDOWS\SYSTEM32;C:\WINDOWS\WinSxS\amd64_microsoft.windows.common-controls_6595b64144ccf1df_6.0.26100.7019_none_3e06ffa0e335b8a8;C:\Program Files\Java\jdk-23\bin\server;D:\IntelliJ IDEA Community Edition 2024.3.2\bin

VM Arguments:
jvm_args: -javaagent:D:\IntelliJ IDEA Community Edition 2024.3.2\lib\idea_rt.jar=63722:D:\IntelliJ IDEA Community Edition 2024.3.2\bin -Dfile.encoding=UTF-8 -Dsun.stdout.encoding=UTF-8 -Dsun.stderr.encoding=UTF-8 
java_command: com.coladz2812.trello_api.TrelloApiApplication
java_class_path (initial): D:\GitHub_Project\Trello-Clone\backend\trello-api\target\classes;C:\Users\QUan\.m2\repository\org\springframework\boot\spring-boot-starter-web\3.5.0\spring-boot-starter-web-3.5.0.jar;C:\Users\QUan\.m2\repository\org\springframework\boot\spring-boot-starter\3.5.0\spring-boot-starter-3.5.0.jar;C:\Users\QUan\.m2\repository\org\springframework\boot\spring-boot\3.5.0\spring-boot-3.5.0.jar;C:\Users\QUan\.m2\repository\org\springframework\boot\spring-boot-autoconfigure\3.5.0\spring-boot-autoconfigure-3.5.0.jar;C:\Users\QUan\.m2\repository\org\springframework\boot\spring-boot-starter-logging\3.5.0\spring-boot-starter-logging-3.5.0.jar;C:\Users\QUan\.m2\repository\ch\qos\logback\logback-classic\1.5.18\logback-classic-1.5.18.jar;C:\Users\QUan\.m2\repository\ch\qos\logback\logback-core\1.5.18\logback-core-1.5.18.jar;C:\Users\QUan\.m2\repository\org\apache\logging\log4j\log4j-to-slf4j\2.24.3\log4j-to-slf4j-2.24.3.jar;C:\Users\QUan\.m2\repository\org\apache\logging\log4j\log4j-api\2.24.3\log4j-api-2.24.3.jar;C:\Users\QUan\.m2\repository\org\slf4j\jul-to-slf4j\2.0.17\jul-to-slf4j-2.0.17.jar;C:\Users\QUan\.m2\repository\jakarta\annotation\jakarta.annotation-api\2.1.1\jakarta.annotation-api-2.1.1.jar;C:\Users\QUan\.m2\repository\org\yaml\snakeyaml\2.4\snakeyaml-2.4.jar;C:\Users\QUan\.m2\repository\org\springframework\boot\spring-boot-starter-json\3.5.0\spring-boot-starter-json-3.5.0.jar;C:\Users\QUan\.m2\repository\com\fasterxml\jackson\core\jackson-databind\2.19.0\jackson-databind-2.19.0.jar;C:\Users\QUan\.m2\repository\com\fasterxml\jackson\core\jackson-annotations\2.19.0\jackson-annotations-2.19.0.jar;C:\Users\QUan\.m2\repository\com\fasterxml\jackson\core\jackson-core\2.19.0\jackson-core-2.19.0.jar;C:\Users\QUan\.m2\repository\com\fasterxml\jackson\datatype\jackson-datatype-jdk8\2.19.0\jackson-datatype-jdk8-2.19.0.jar;C:\Users\QUan\.m2\repository\com\fasterxml\jackson\datatype\jackson-datatype-jsr310\2.19.0\jackson-datatype-jsr310-2.19.0.jar;C:\Users\QUan\.m2\repository\com\fasterxml\jackson\module\jackson-module-parameter-names\2.19.0\jackson-module-parameter-names-2.19.0.jar;C:\Users\QUan\.m2\repository\org\springframework\boot\spring-boot-starter-tomcat\3.5.0\spring-boot-starter-tomcat-3.5.0.jar;C:\Users\QUan\.m2\repository\org\apache\tomcat\embed\tomcat-embed-core\10.1.41\tomcat-embed-core-10.1.41.jar;C:\Users\QUan\.m2\repository\org\apache\tomcat\embed\tomcat-embed-websocket\10.1.41\tomcat-embed-websocket-10.1.41.jar;C:\Users\QUan\.m2\repository\org\springframework\spring-web\6.2.7\spring-web-6.2.7.jar;C:\Users\QUan\.m2\repository\org\springframework\spring-beans\6.2.7\spring-beans-6.2.7.jar;C:\Users\QUan\.m2\repository\io\micrometer\micrometer-observation\1.15.0\micrometer-observation-1.15.0.jar;C:\Users\QUan\.m2\repository\io\micrometer\micrometer-commons\1.15.0\micrometer-commons-1.15.0.jar;C:\Users\QUan\.m2\repository\org\springframework\spring-webmvc\6.2.7\spring-webmvc-6.2.7.jar;C:\Users\QUan\.m2\repository\org\springframework\spring-aop\6.2.7\spring-aop-6.2.7.jar;C:\Users\QUan\.m2\repository\org\springframework\spring-context\6.2.7\spring-context-6.2.7.jar;C:\Users\QUan\.m2\repository\org\springframework\spring-expression\6.2.7\spring-expression-6.2.7.jar;C:\Users\QUan\.m2\repository\org\slf4j\slf4j-api\2.0.17\slf4j-api-2.0.17.jar;C:\Users\QUan\.m2\repository\jakarta\activation\jakarta.activation-api\2.1.3\jakarta.activation-api-2.1.3.jar;C:\Users\QUan\.m2\repository\org\springframework\spring-core\6.2.7\spring-core-6.2.7.jar;C:\Users\QUan\.m2\repository\org\springframework\boot\spring-boot-starter-data-mongodb\3.5.0\spring-boot-starter-data-mongodb-3.5.0.jar;C:\Users\QUan\.m2\repository\org\mongodb\mongodb-driver-sync\5.4.0\mongodb-driver-sync-5.4.0.jar;C:\Users\QUan\.m2\repository\org\mongodb\bson\5.4.0\bson-5.4.0.jar;C:\Users\QUan\.m2\repository\org\mongodb\mongodb-driver-core\5.4.0\mongodb-driver-core-5.4.0.jar;C:\Users\QUan\.m2\repository\org\mongodb\bson-record-codec\5.4.0\bson-record-codec-5.4.0.jar;C:\Users\QUan\.m2\repository\org\springframework\data\spring-data-mongodb\4.5.0\spring-data-mongodb-4.5.0.jar;C:\Users\QUan\.m2\repository\org\springframework\spring-tx\6.2.7\spring-tx-6.2.7.jar;C:\Users\QUan\.m2\repository\org\springframework\data\spring-data-commons\3.5.0\spring-data-commons-3.5.0.jar;C:\Users\QUan\.m2\repository\org\springframework\boot\spring-boot-starter-validation\3.5.0\spring-boot-starter-validation-3.5.0.jar;C:\Users\QUan\.m2\repository\org\apache\tomcat\embed\tomcat-embed-el\10.1.41\tomcat-embed-el-10.1.41.jar;C:\Users\QUan\.m2\repository\org\hibernate\validator\hibernate-validator\8.0.2.Final\hibernate-validator-8.0.2.Final.jar;C:\Users\QUan\.m2\repository\jakarta\validation\jakarta.validation-api\3.0.2\jakarta.validation-api-3.0.2.jar;C:\Users\QUan\.m2\repository\org\jboss\logging\jboss-logging\3.6.1.Final\jboss-logging-3.6.1.Final.jar;C:\Users\QUan\.m2\repository\com\fasterxml\classmate\1.7.0\classmate-1.7.0.jar;C:\Users\QUan\.m2\repository\org\mapstruct\mapstruct\1.6.3\mapstruct-1.6.3.jar;C:\Users\QUan\.m2\repository\com\github\slugify\slugify\3.0.7\slugify-3.0.7.jar;C:\Users\QUan\.m2\repository\org\springframework\security\spring-security-crypto\6.5.0\spring-security-crypto-6.5.0.jar;C:\Users\QUan\.m2\repository\com\brevo\brevo\1.1.0\brevo-1.1.0.jar;C:\Users\QUan\.m2\repository\io\swagger\swagger-annotations\1.5.18\swagger-annotations-1.5.18.jar;C:\Users\QUan\.m2\repository\com\squareup\okhttp3\okhttp\4.10.0\okhttp-4.10.0.jar;C:\Users\QUan\.m2\repository\com\squareup\okio\okio-jvm\3.0.0\okio-jvm-3.0.0.jar;C:\Users\QUan\.m2\repository\org\jetbrains\kotlin\kotlin-stdlib-common\1.9.25\kotlin-stdlib-common-1.9.25.jar;C:\Users\QUan\.m2\repository\org\jetbrains\kotlin\kotlin-stdlib\1.9.25\kotlin-stdlib-1.9.25.jar;C:\Users\QUan\.m2\repository\org\jetbrains\annotations\13.0\annotations-13.0.jar;C:\Users\QUan\.m2\repository\com\squareup\okio\okio\3.9.0\okio-3.9.0.jar;C:\Users\QUan\.m2\repository\com\squareup\okhttp3\logging-interceptor\4.10.0\logging-interceptor-4.10.0.jar;C:\Users\QUan\.m2\repository\org\jetbrains\kotlin\kotlin-stdlib-jdk8\1.9.25\kotlin-stdlib-jdk8-1.9.25.jar;C:\Users\QUan\.m2\repository\org\jetbrains\kotlin\kotlin-stdlib-jdk7\1.9.25\kotlin-stdlib-jdk7-1.9.25.jar;C:\Users\QUan\.m2\repository\com\google\code\gson\gson\2.13.1\gson-2.13.1.jar;C:\Users\QUan\.m2\repository\com\google\errorprone\error_prone_annotations\2.38.0\error_prone_annotations-2.38.0.jar;C:\Users\QUan\.m2\repository\io\gsonfire\gson-fire\1.8.2\gson-fire-1.8.2.jar;C:\Users\QUan\.m2\repository\org\threeten\threetenbp\1.3.5\threetenbp-1.3.5.jar;C:\Users\QUan\.m2\repository\org\apache\commons\commons-lang3\3.17.0\commons-lang3-3.17.0.jar;C:\Users\QUan\.m2\repository\org\apache\maven\plugins\maven-gpg-plugin\3.1.0\maven-gpg-plugin-3.1.0.jar;C:\Users\QUan\.m2\repository\org\apache\maven\shared\maven-artifact-transfer\0.13.1\maven-artifact-transfer-0.13.1.jar;C:\Users\QUan\.m2\repository\org\apache\maven\maven-core\3.0\maven-core-3.0.jar;C:\Users\QUan\.m2\repository\org\apache\maven\maven-model\3.0\maven-model-3.0.jar;C:\Users\QUan\.m2\repository\org\apache\maven\maven-settings\3.0\maven-settings-3.0.jar;C:\Users\QUan\.m2\repository\org\apache\maven\maven-settings-builder\3.0\maven-settings-builder-3.0.jar;C:\Users\QUan\.m2\repository\org\apache\maven\maven-repository-metadata\3.0\maven-repository-metadata-3.0.jar;C:\Users\QUan\.m2\repository\org\apache\maven\maven-plugin-api\3.0\maven-plugin-api-3.0.jar;C:\Users\QUan\.m2\repository\org\apache\maven\maven-model-builder\3.0\maven-model-builder-3.0.jar;C:\Users\QUan\.m2\repository\org\apache\maven\maven-aether-provider\3.0\maven-aether-provider-3.0.jar;C:\Users\QUan\.m2\repository\org\sonatype\aether\aether-impl\1.7\aether-impl-1.7.jar;C:\Users\QUan\.m2\repository\org\sonatype\aether\aether-spi\1.7\aether-spi-1.7.jar;C:\Users\QUan\.m2\repository\org\sonatype\aether\aether-api\1.7\aether-api-1.7.jar;C:\Users\QUan\.m2\repository\org\sonatype\aether\aether-util\1.7\aether-util-1.7.jar;C:\Users\QUan\.m2\repository\org\sonatype\sisu\sisu-inject-plexus\1.4.2\sisu-inject-plexus-1.4.2.jar;C:\Users\QUan\.m2\repository\org\sonatype\sisu\sisu-inject-bean\1.4.2\sisu-inject-bean-1.4.2.jar;C:\Users\QUan\.m2\repository\org\sonatype\sisu\sisu-guice\2.1.7\sisu-guice-2.1.7-noaop.jar;C:\Users\QUan\.m2\repository\org\codehaus\plexus\plexus-interpolation\1.14\plexus-interpolation-1.14.jar;C:\Users\QUan\.m2\repository\org\codehaus\plexus\plexus-classworlds\2.2.3\plexus-classworlds-2.2.3.jar;C:\Users\QUan\.m2\repository\org\apache\maven\maven-artifact\3.0\maven-artifact-3.0.jar;C:\Users\QUan\.m2\repository\org\codehaus\plexus\plexus-component-annotations\2.0.0\plexus-component-annotations-2.0.0.jar;C:\Users\QUan\.m2\repository\org\apache\maven\shared\maven-common-artifact-filters\3.1.0\maven-common-artifact-filters-3.1.0.jar;C:\Users\QUan\.m2\repository\org\apache\maven\shared\maven-shared-utils\3.1.0\maven-shared-utils-3.1.0.jar;C:\Users\QUan\.m2\repository\org\codehaus\plexus\plexus-utils\3.4.2\plexus-utils-3.4.2.jar;C:\Users\QUan\.m2\repository\org\sonatype\plexus\plexus-sec-dispatcher\1.4\plexus-sec-dispatcher-1.4.jar;C:\Users\QUan\.m2\repository\org\sonatype\plexus\plexus-cipher\1.4\plexus-cipher-1.4.jar;C:\Users\QUan\.m2\repository\javax\annotation\javax.annotation-api\1.3.2\javax.annotation-api-1.3.2.jar;C:\Users\QUan\.m2\repository\org\springframework\boot\spring-boot-starter-mail\3.5.0\spring-boot-starter-mail-3.5.0.jar;C:\Users\QUan\.m2\repository\org\springframework\spring-context-support\6.2.7\spring-context-support-6.2.7.jar;C:\Users\QUan\.m2\repository\org\eclipse\angus\jakarta.mail\2.0.3\jakarta.mail-2.0.3.jar;C:\Users\QUan\.m2\repository\org\eclipse\angus\angus-activation\2.0.2\angus-activation-2.0.2.jar;C:\Users\QUan\.m2\repository\org\springframework\session\spring-session-core\3.5.0\spring-session-core-3.5.0.jar;C:\Users\QUan\.m2\repository\org\springframework\spring-jcl\6.2.7\spring-jcl-6.2.7.jar;C:\Users\QUan\.m2\repository\org\springframework\boot\spring-boot-starter-oauth2-resource-server\3.5.0\spring-boot-starter-oauth2-resource-server-3.5.0.jar;C:\Users\QUan\.m2\repository\org\springframework\security\spring-security-config\6.5.0\spring-security-config-6.5.0.jar;C:\Users\QUan\.m2\repository\org\springframework\security\spring-security-core\6.5.0\spring-security-core-6.5.0.jar;C:\Users\QUan\.m2\repository\org\springframework\security\spring-security-oauth2-resource-server\6.5.0\spring-security-oauth2-resource-server-6.5.0.jar;C:\Users\QUan\.m2\repository\org\springframework\security\spring-security-oauth2-core\6.5.0\spring-security-oauth2-core-6.5.0.jar;C:\Users\QUan\.m2\repository\org\springframework\security\spring-security-web\6.5.0\spring-security-web-6.5.0.jar;C:\Users\QUan\.m2\repository\org\springframework\security\spring-security-oauth2-jose\6.5.0\spring-security-oauth2-jose-6.5.0.jar;C:\Users\QUan\.m2\repository\com\nimbusds\nimbus-jose-jwt\9.37.3\nimbus-jose-jwt-9.37.3.jar;C:\Users\QUan\.m2\repository\com\github\stephenc\jcip\jcip-annotations\1.0-1\jcip-annotations-1.0-1.jar;C:\Users\QUan\.m2\repository\com\cloudinary\cloudinary-http44\1.39.0\cloudinary-http44-1.39.0.jar;C:\Users\QUan\.m2\repository\com\cloudinary\cloudinary-core\1.39.0\cloudinary-core-1.39.0.jar;C:\Users\QUan\.m2\repository\org\apache\httpcomponents\httpclient\4.4\httpclient-4.4.jar;C:\Users\QUan\.m2\repository\org\apache\httpcomponents\httpcore\4.4.16\httpcore-4.4.16.jar;C:\Users\QUan\.m2\repository\commons-logging\commons-logging\1.2\commons-logging-1.2.jar;C:\Users\QUan\.m2\repository\commons-codec\commons-codec\1.18.0\commons-codec-1.18.0.jar;C:\Users\QUan\.m2\repository\org\apache\httpcomponents\httpmime\4.4\httpmime-4.4.jar;C:\Users\QUan\.m2\repository\commons-io\commons-io\2.19.0\commons-io-2.19.0.jar;C:\Users\QUan\.m2\repository\org\springframework\boot\spring-boot-starter-websocket\3.5.0\spring-boot-starter-websocket-3.5.0.jar;C:\Users\QUan\.m2\repository\org\springframework\spring-messaging\6.2.7\spring-messaging-6.2.7.jar;C:\Users\QUan\.m2\repository\org\springframework\spring-websocket\6.2.7\spring-websocket-6.2.7.jar
Launcher Type: SUN_STANDARD

[Global flags]
     intx CICompilerCount                          = 12                                        {product} {ergonomic}
     uint ConcGCThreads                            = 3                                         {product} {ergonomic}
     uint G1ConcRefinementThreads                  = 13                                        {product} {ergonomic}
   size_t G1HeapRegionSize                         = 2097152                                   {product} {ergonomic}
   size_t InitialHeapSize                          = 266338304                                 {product} {ergonomic}
   size_t MarkStackSize                            = 4194304                                   {product} {ergonomic}
   size_t MarkStackSizeMax                         = 536870912                                 {product} {ergonomic}
   size_t MaxHeapSize                              = 4238344192                                {product} {ergonomic}
   size_t MaxNewSize                               = 2541748224                                {product} {ergonomic}
   size_t MinHeapDeltaBytes                        = 2097152                                   {product} {ergonomic}
   size_t MinHeapSize                              = 8388608                                   {product} {ergonomic}
    uintx NonNMethodCodeHeapSize                   = 7602176                                {pd product} {ergonomic}
    uintx NonProfiledCodeHeapSize                  = 122093568                              {pd product} {ergonomic}
    uintx ProfiledCodeHeapSize                     = 121962496                              {pd product} {ergonomic}
    uintx ReservedCodeCacheSize                    = 251658240                              {pd product} {ergonomic}
     bool SegmentedCodeCache                       = true                                      {product} {ergonomic}
   size_t SoftMaxHeapSize                          = 4238344192                             {manageable} {ergonomic}
     bool UseCompressedOops                        = true                           {product lp64_product} {ergonomic}
     bool UseG1GC                                  = true                                      {product} {ergonomic}
     bool UseLargePagesIndividualAllocation        = false                                  {pd product} {ergonomic}

Logging:
Log output configuration:
 #0: stdout all=warning uptime,level,tags foldmultilines=false
 #1: stderr all=off uptime,level,tags foldmultilines=false

Environment Variables:
JAVA_HOME=C:\Program Files\Java\jdk-23
PATH=C:\Program Files (x86)\Common Files\Intel\Shared Libraries\redist\intel64\compiler;C:\Program Files (x86)\VMware\VMware Workstation\bin\;C:\Program Files\Microsoft MPI\Bin\;C:\Program Files\Common Files\Oracle\Java\javapath;C:\Windows\system32;C:\Windows;C:\Windows\System32\Wbem;C:\Windows\System32\WindowsPowerShell\v1.0\;C:\Windows\System32\OpenSSH\;C:\Program Files (x86)\NVIDIA Corporation\PhysX\Common;C:\WINDOWS\system32;C:\WINDOWS;C:\WINDOWS\System32\Wbem;C:\WINDOWS\System32\WindowsPowerShell\v1.0\;C:\WINDOWS\System32\OpenSSH\;C:\Program Files (x86)\Microsoft SQL Server\160\Tools\Binn\;C:\Program Files\Microsoft SQL Server\160\Tools\Binn\;C:\Program Files\Microsoft SQL Server\Client SDK\ODBC\170\Tools\Binn\;C:\Program Files\Microsoft SQL Server\160\DTS\Binn\;C:\msys64\ucrt64\bin;C:\Program Files\Java\jdk-23\bin;C:\Program Files\Docker\Docker\resources\bin;C:\WINDOWS\system32;C:\WINDOWS;C:\WINDOWS\System32\Wbem;C:\WINDOWS\System32\WindowsPowerShell\v1.0\;C:\WINDOWS\System32\OpenSSH\;C:\apache-maven-3.9.6\bin;C:\Program Files\nodejs\;D:\Git\cmd;C:\Program Files\dotnet\;C:\Program Files\Cloudflare\Cloudflare WARP\;C:\Program Files\MySQL\MySQL Shell 8.0\bin\;C:\Users\QUan\AppData\Local\Programs\Eclipse Adoptium\jdk-17.0.6.10-hotspot\bin;C:\Users\QUan\AppData\Local\Microsoft\WindowsApps;D:\Microsoft VS Code\bin;C:\Program Files\Azure Data Studio\bin;D:\python\PyCharm 2024.2.3\bin;;D:\server NSO\AppServ\Apache24\bin;D:\server NSO\AppServ\php5;D:\server NSO\AppServ\MySQL\bin;C:\Users\QUan\AppData\Roaming\npm;C:\ProgramData\QUan\GitHubDesktop\bin;C:\Users\QUan\AppData\Local\GitHubDesktop\bin;C:\Users\QUan\.dotnet\tools;
USERNAME=QUan
OS=Windows_NT
PROCESSOR_IDENTIFIER=Intel64 Family 6 Model 141 Stepping 1, GenuineIntel
TMP=C:\Users\QUan\AppData\Local\Temp
TEMP=C:\Users\QUan\AppData\Local\Temp




Periodic native trim disabled

---------------  S Y S T E M  ---------------

OS:
 Windows 11 , 64 bit Build 26100 (10.0.26100.7019)
OS uptime: 1 days 7:46 hours

CPU: total 16 (initial active 16) (8 cores per cpu, 2 threads per core) family 6 model 141 stepping 1 microcode 0x3c, cx8, cmov, fxsr, ht, mmx, 3dnowpref, sse, sse2, sse3, ssse3, sse4.1, sse4.2, popcnt, lzcnt, tsc, tscinvbit, avx, avx2, aes, erms, clmul, bmi1, bmi2, adx, avx512f, avx512dq, avx512cd, avx512bw, avx512vl, sha, fma, vzeroupper, avx512_vpopcntdq, avx512_vpclmulqdq, avx512_vaes, avx512_vnni, clflush, clflushopt, clwb, avx512_vbmi2, avx512_vbmi, rdtscp, rdpid, fsrm, gfni, avx512_bitalg, f16c, pku, cet_ibt, cet_ss, avx512_ifma
Processor Information for the first 16 processors :
  Max Mhz: 2304, Current Mhz: 2304, Mhz Limit: 2304

Memory: 4k page, system-wide physical 16163M (1356M free)
TotalPageFile size 24652M (AvailPageFile size 456M)
current process WorkingSet (physical memory assigned to process): 196M, peak: 336M
current process commit charge ("private bytes"): 369M, peak: 470M

vm_info: Java HotSpot(TM) 64-Bit Server VM (23.0.1+11-39) for windows-amd64 JRE (23.0.1+11-39), built on 2024-09-30T07:20:43Z with MS VC++ 17.6 (VS2022)

END.
