#
# There is insufficient memory for the Java Runtime Environment to continue.
# Native memory allocation (mmap) failed to map 266338304 bytes. Error detail: G1 virtual space
# Possible reasons:
#   The system is out of physical RAM or swap space
#   This process is running with CompressedOops enabled, and the Java Heap may be blocking the growth of the native heap
# Possible solutions:
#   Reduce memory load on the system
#   Increase physical memory or swap space
#   Check if swap backing store is full
#   Decrease Java heap size (-Xmx/-Xms)
#   Decrease number of Java threads
#   Decrease Java thread stack sizes (-Xss)
#   Set larger code cache with -XX:ReservedCodeCacheSize=
#   JVM is running with Zero Based Compressed Oops mode in which the Java heap is
#     placed in the first 32GB address space. The Java Heap base address is the
#     maximum limit for the native heap growth. Please use -XX:HeapBaseMinAddress
#     to set the Java Heap base and to place the Java Heap above 32GB virtual address.
# This output file may be truncated or incomplete.
#
#  Out of Memory Error (os_windows.cpp:3703), pid=23788, tid=23808
#
# JRE version:  (23.0.1+11) (build )
# Java VM: Java HotSpot(TM) 64-Bit Server VM (23.0.1+11-39, mixed mode, sharing, tiered, compressed oops, compressed class ptrs, g1 gc, windows-amd64)
# No core dump will be written. Minidumps are not enabled by default on client versions of Windows
#

---------------  S U M M A R Y ------------

Command Line: C:\Users\QUan\AppData\Local\Temp\surefire1038826197018006306\surefirebooter-20251126175813021_3.jar C:\Users\QUan\AppData\Local\Temp\surefire1038826197018006306 2025-11-26T17-58-12_894-jvmRun1 surefire-20251126175813021_1tmp surefire_0-20251126175813021_2tmp

Host: 11th Gen Intel(R) Core(TM) i7-11800H @ 2.30GHz, 16 cores, 15G,  Windows 11 , 64 bit Build 26100 (10.0.26100.7019)
Time: Wed Nov 26 17:58:14 2025 SE Asia Standard Time elapsed time: 1.122729 seconds (0d 0h 0m 1s)

---------------  T H R E A D  ---------------

Current thread (0x0000024a517be2d0):  JavaThread "Unknown thread" [_thread_in_vm, id=23808, stack(0x0000007a35400000,0x0000007a35500000) (1024K)]

Stack: [0x0000007a35400000,0x0000007a35500000]
Native frames: (J=compiled Java code, j=interpreted, Vv=VM code, C=native code)
V  [jvm.dll+0x6e08b9]  (no source info available)
V  [jvm.dll+0x87dc83]  (no source info available)
V  [jvm.dll+0x88010e]  (no source info available)
V  [jvm.dll+0x8807e3]  (no source info available)
V  [jvm.dll+0x27aee6]  (no source info available)
V  [jvm.dll+0x6dd1c5]  (no source info available)
V  [jvm.dll+0x6d104a]  (no source info available)
V  [jvm.dll+0x35b3ea]  (no source info available)
V  [jvm.dll+0x3637f6]  (no source info available)
V  [jvm.dll+0x34fd5e]  (no source info available)
V  [jvm.dll+0x34fff8]  (no source info available)
V  [jvm.dll+0x3289cc]  (no source info available)
V  [jvm.dll+0x32966e]  (no source info available)
V  [jvm.dll+0x844355]  (no source info available)
V  [jvm.dll+0x3b9848]  (no source info available)
V  [jvm.dll+0x82d14c]  (no source info available)
V  [jvm.dll+0x454d4e]  (no source info available)
V  [jvm.dll+0x456bd1]  (no source info available)
C  [jli.dll+0x52a3]  (no source info available)
C  [ucrtbase.dll+0x37b0]  (no source info available)
C  [KERNEL32.DLL+0x2e8d7]  (no source info available)
C  [ntdll.dll+0x8c53c]  (no source info available)

Lock stack of current Java thread (top to bottom):


---------------  P R O C E S S  ---------------

Threads class SMR info:
_java_thread_list=0x00007ffa84ba3618, length=0, elements={
}

Java Threads: ( => current thread )
Total: 0

Other Threads:
  0x0000024a53d33820 WorkerThread "GC Thread#0"                     [id=23812, stack(0x0000007a35500000,0x0000007a35600000) (1024K)]
  0x0000024a53d4a750 ConcurrentGCThread "G1 Main Marker"            [id=23816, stack(0x0000007a35600000,0x0000007a35700000) (1024K)]
  0x0000024a53d4ba00 WorkerThread "G1 Conc#0"                       [id=23820, stack(0x0000007a35700000,0x0000007a35800000) (1024K)]

[error occurred during error reporting (printing all threads), id 0xc0000005, EXCEPTION_ACCESS_VIOLATION (0xc0000005) at pc=0x00007ffa842ebfba]
VM state: not at safepoint (not fully initialized)

VM Mutex/Monitor currently owned by a thread:  ([mutex/lock_event])
[0x00007ffa84c23a10] Heap_lock - owner thread: 0x0000024a517be2d0

Heap address: 0x0000000703600000, size: 4042 MB, Compressed Oops mode: Zero based, Oop shift amount: 3

CDS archive(s) mapped at: [0x0000000000000000-0x0000000000000000-0x0000000000000000), size 0, SharedBaseAddress: 0x0000000800000000, ArchiveRelocationMode: 1.
Narrow klass base: 0x0000000000000000, Narrow klass shift: 0, Narrow klass range: 0x0

GC Precious Log:
 CardTable entry size: 512
 Card Set container configuration: InlinePtr #cards 4 size 8 Array Of Cards #cards 16 size 48 Howl #buckets 8 coarsen threshold 3686 Howl Bitmap #cards 512 size 80 coarsen threshold 460 Card regions per heap region 1 cards per card region 4096

Heap:
 garbage-first heap   total reserved 4139008K, committed 0K, used 0K [0x0000000703600000, 0x0000000800000000)
  region size 2048K, 0 young (0K), 0 survivors (0K)

[error occurred during error reporting (printing heap information), id 0xc0000005, EXCEPTION_ACCESS_VIOLATION (0xc0000005) at pc=0x00007ffa846ec3c9]
GC Heap History (0 events):
No events

Dll operation events (1 events):
Event: 0.007 Loaded shared library C:\Program Files\Java\jdk-23\bin\java.dll

Deoptimization events (0 events):
No events

Classes loaded (0 events):
No events

Classes unloaded (0 events):
No events

Classes redefined (0 events):
No events

Internal exceptions (0 events):
No events

VM Operations (0 events):
No events

Memory protections (0 events):
No events

Nmethod flushes (0 events):
No events

Events (0 events):
No events


Dynamic libraries:
0x00007ff70aff0000 - 0x00007ff70b000000 	C:\Program Files\Java\jdk-23\bin\java.exe
0x00007ffb268c0000 - 0x00007ffb26b28000 	C:\WINDOWS\SYSTEM32\ntdll.dll
0x00007ffb24930000 - 0x00007ffb249f9000 	C:\WINDOWS\System32\KERNEL32.DLL
0x00007ffb23d90000 - 0x00007ffb24188000 	C:\WINDOWS\System32\KERNELBASE.dll
0x00007ffb23a10000 - 0x00007ffb23b5b000 	C:\WINDOWS\System32\ucrtbase.dll
0x00007ffaf25e0000 - 0x00007ffaf25fb000 	C:\Program Files\Java\jdk-23\bin\VCRUNTIME140.dll
0x00007ffaf3f30000 - 0x00007ffaf3f47000 	C:\Program Files\Java\jdk-23\bin\jli.dll
0x00007ffb25860000 - 0x00007ffb25a27000 	C:\WINDOWS\System32\USER32.dll
0x00007ffb24190000 - 0x00007ffb241b7000 	C:\WINDOWS\System32\win32u.dll
0x00007ffb0b620000 - 0x00007ffb0b8b4000 	C:\WINDOWS\WinSxS\amd64_microsoft.windows.common-controls_6595b64144ccf1df_6.0.26100.7019_none_3e06ffa0e335b8a8\COMCTL32.dll
0x00007ffb24810000 - 0x00007ffb2483b000 	C:\WINDOWS\System32\GDI32.dll
0x00007ffb25180000 - 0x00007ffb25229000 	C:\WINDOWS\System32\msvcrt.dll
0x00007ffb24270000 - 0x00007ffb2439c000 	C:\WINDOWS\System32\gdi32full.dll
0x00007ffb23b60000 - 0x00007ffb23c03000 	C:\WINDOWS\System32\msvcp_win.dll
0x00007ffb25a80000 - 0x00007ffb25ab1000 	C:\WINDOWS\System32\IMM32.DLL
0x00007ffaf6fa0000 - 0x00007ffaf6fac000 	C:\Program Files\Java\jdk-23\bin\vcruntime140_1.dll
0x00007ffab3020000 - 0x00007ffab30ae000 	C:\Program Files\Java\jdk-23\bin\msvcp140.dll
0x00007ffa83fb0000 - 0x00007ffa84cff000 	C:\Program Files\Java\jdk-23\bin\server\jvm.dll
0x00007ffb267c0000 - 0x00007ffb26874000 	C:\WINDOWS\System32\ADVAPI32.dll
0x00007ffb254b0000 - 0x00007ffb25556000 	C:\WINDOWS\System32\sechost.dll
0x00007ffb25660000 - 0x00007ffb25778000 	C:\WINDOWS\System32\RPCRT4.dll
0x00007ffb25f70000 - 0x00007ffb25fe4000 	C:\WINDOWS\System32\WS2_32.dll
0x00007ffb23870000 - 0x00007ffb238ce000 	C:\WINDOWS\SYSTEM32\POWRPROF.dll
0x00007ffb08560000 - 0x00007ffb08595000 	C:\WINDOWS\SYSTEM32\WINMM.dll
0x00007ffb178e0000 - 0x00007ffb178eb000 	C:\WINDOWS\SYSTEM32\VERSION.dll
0x00007ffb23850000 - 0x00007ffb23864000 	C:\WINDOWS\SYSTEM32\UMPDC.dll
0x00007ffb227d0000 - 0x00007ffb227eb000 	C:\WINDOWS\SYSTEM32\kernel.appcore.dll
0x00007ffaf4630000 - 0x00007ffaf463a000 	C:\Program Files\Java\jdk-23\bin\jimage.dll
0x00007ffb20b10000 - 0x00007ffb20d52000 	C:\WINDOWS\SYSTEM32\DBGHELP.DLL
0x00007ffb263b0000 - 0x00007ffb2673b000 	C:\WINDOWS\System32\combase.dll
0x00007ffb25780000 - 0x00007ffb25857000 	C:\WINDOWS\System32\OLEAUT32.dll
0x00007ffb04a00000 - 0x00007ffb04a3c000 	C:\WINDOWS\SYSTEM32\dbgcore.DLL
0x00007ffb241c0000 - 0x00007ffb24265000 	C:\WINDOWS\System32\bcryptPrimitives.dll
0x00007ffaf2580000 - 0x00007ffaf259e000 	C:\Program Files\Java\jdk-23\bin\java.dll
0x00007ffb24660000 - 0x00007ffb247f7000 	C:\WINDOWS\System32\ole32.dll
0x00007ffb24a00000 - 0x00007ffb2514f000 	C:\WINDOWS\System32\SHELL32.dll
0x00007ffb24430000 - 0x00007ffb2459b000 	C:\WINDOWS\System32\wintypes.dll

dbghelp: loaded successfully - version: 4.0.5 - missing functions: none
symbol engine: initialized successfully - sym options: 0x614 - pdb path: .;C:\Program Files\Java\jdk-23\bin;C:\WINDOWS\SYSTEM32;C:\WINDOWS\WinSxS\amd64_microsoft.windows.common-controls_6595b64144ccf1df_6.0.26100.7019_none_3e06ffa0e335b8a8;C:\Program Files\Java\jdk-23\bin\server

VM Arguments:
java_command: C:\Users\QUan\AppData\Local\Temp\surefire1038826197018006306\surefirebooter-20251126175813021_3.jar C:\Users\QUan\AppData\Local\Temp\surefire1038826197018006306 2025-11-26T17-58-12_894-jvmRun1 surefire-20251126175813021_1tmp surefire_0-20251126175813021_2tmp
java_class_path (initial): C:\Users\QUan\AppData\Local\Temp\surefire1038826197018006306\surefirebooter-20251126175813021_3.jar
Launcher Type: SUN_STANDARD

[Global flags]
     intx CICompilerCount                          = 12                                        {product} {ergonomic}
     uint ConcGCThreads                            = 3                                         {product} {ergonomic}
     uint G1ConcRefinementThreads                  = 13                                        {product} {ergonomic}
   size_t G1HeapRegionSize                         = 2097152                                   {product} {ergonomic}
   size_t InitialHeapSize                          = 266338304                                 {product} {ergonomic}
   size_t MarkStackSize                            = 4194304                                   {product} {ergonomic}
   size_t MarkStackSizeMax                         = 536870912                                 {product} {ergonomic}
   size_t MaxHeapSize                              = 4238344192                                {product} {ergonomic}
   size_t MinHeapDeltaBytes                        = 2097152                                   {product} {ergonomic}
   size_t MinHeapSize                              = 8388608                                   {product} {ergonomic}
    uintx NonNMethodCodeHeapSize                   = 7602176                                {pd product} {ergonomic}
    uintx NonProfiledCodeHeapSize                  = 122093568                              {pd product} {ergonomic}
    uintx ProfiledCodeHeapSize                     = 121962496                              {pd product} {ergonomic}
    uintx ReservedCodeCacheSize                    = 251658240                              {pd product} {ergonomic}
     bool SegmentedCodeCache                       = true                                      {product} {ergonomic}
   size_t SoftMaxHeapSize                          = 4238344192                             {manageable} {ergonomic}
     bool UseCompressedOops                        = true                           {product lp64_product} {ergonomic}
     bool UseG1GC                                  = true                                      {product} {ergonomic}
     bool UseLargePagesIndividualAllocation        = false                                  {pd product} {ergonomic}

Logging:
Log output configuration:
 #0: stdout all=warning uptime,level,tags foldmultilines=false
 #1: stderr all=off uptime,level,tags foldmultilines=false

Environment Variables:
JAVA_HOME=C:\Program Files\Java\jdk-23
PATH=C:\Program Files (x86)\Common Files\Intel\Shared Libraries\redist\intel64\compiler;C:\Program Files (x86)\VMware\VMware Workstation\bin\;C:\Program Files\Microsoft MPI\Bin\;C:\Program Files\Common Files\Oracle\Java\javapath;C:\Windows\system32;C:\Windows;C:\Windows\System32\Wbem;C:\Windows\System32\WindowsPowerShell\v1.0\;C:\Windows\System32\OpenSSH\;C:\Program Files (x86)\NVIDIA Corporation\PhysX\Common;C:\WINDOWS\system32;C:\WINDOWS;C:\WINDOWS\System32\Wbem;C:\WINDOWS\System32\WindowsPowerShell\v1.0\;C:\WINDOWS\System32\OpenSSH\;C:\Program Files (x86)\Microsoft SQL Server\160\Tools\Binn\;C:\Program Files\Microsoft SQL Server\160\Tools\Binn\;C:\Program Files\Microsoft SQL Server\Client SDK\ODBC\170\Tools\Binn\;C:\Program Files\Microsoft SQL Server\160\DTS\Binn\;C:\msys64\ucrt64\bin;C:\Program Files\Java\jdk-23\bin;C:\Program Files\Docker\Docker\resources\bin;C:\WINDOWS\system32;C:\WINDOWS;C:\WINDOWS\System32\Wbem;C:\WINDOWS\System32\WindowsPowerShell\v1.0\;C:\WINDOWS\System32\OpenSSH\;C:\apache-maven-3.9.6\bin;C:\Program Files\nodejs\;D:\Git\cmd;C:\Program Files\dotnet\;C:\Program Files\Cloudflare\Cloudflare WARP\;C:\Program Files\MySQL\MySQL Shell 8.0\bin\;C:\Users\QUan\AppData\Local\Programs\Eclipse Adoptium\jdk-17.0.6.10-hotspot\bin;C:\Users\QUan\AppData\Local\Microsoft\WindowsApps;D:\Microsoft VS Code\bin;C:\Program Files\Azure Data Studio\bin;D:\python\PyCharm 2024.2.3\bin;;D:\server NSO\AppServ\Apache24\bin;D:\server NSO\AppServ\php5;D:\server NSO\AppServ\MySQL\bin;C:\Users\QUan\AppData\Roaming\npm;C:\ProgramData\QUan\GitHubDesktop\bin;C:\Users\QUan\AppData\Local\GitHubDesktop\bin;C:\Users\QUan\.dotnet\tools;
USERNAME=QUan
OS=Windows_NT
PROCESSOR_IDENTIFIER=Intel64 Family 6 Model 141 Stepping 1, GenuineIntel
TMP=C:\Users\QUan\AppData\Local\Temp
TEMP=C:\Users\QUan\AppData\Local\Temp




Periodic native trim disabled

---------------  S Y S T E M  ---------------

OS:
 Windows 11 , 64 bit Build 26100 (10.0.26100.7019)
OS uptime: 0 days 17:20 hours

CPU: total 16 (initial active 16) (8 cores per cpu, 2 threads per core) family 6 model 141 stepping 1 microcode 0x3c, cx8, cmov, fxsr, ht, mmx, 3dnowpref, sse, sse2, sse3, ssse3, sse4.1, sse4.2, popcnt, lzcnt, tsc, tscinvbit, avx, avx2, aes, erms, clmul, bmi1, bmi2, adx, avx512f, avx512dq, avx512cd, avx512bw, avx512vl, sha, fma, vzeroupper, avx512_vpopcntdq, avx512_vpclmulqdq, avx512_vaes, avx512_vnni, clflush, clflushopt, clwb, avx512_vbmi2, avx512_vbmi, rdtscp, rdpid, fsrm, gfni, avx512_bitalg, f16c, pku, cet_ibt, cet_ss, avx512_ifma
Processor Information for the first 16 processors :
  Max Mhz: 2304, Current Mhz: 2304, Mhz Limit: 2304

Memory: 4k page, system-wide physical 16163M (1383M free)
TotalPageFile size 24355M (AvailPageFile size 34M)
current process WorkingSet (physical memory assigned to process): 13M, peak: 13M
current process commit charge ("private bytes"): 71M, peak: 325M

vm_info: Java HotSpot(TM) 64-Bit Server VM (23.0.1+11-39) for windows-amd64 JRE (23.0.1+11-39), built on 2024-09-30T07:20:43Z with MS VC++ 17.6 (VS2022)

END.
